=================================================
n_gen  |  n_eval  |     f_avg     |     f_min    
=================================================
     1 |       50 |  6.918037E+07 |  5.854202E+07
     2 |      100 |  6.424088E+07 |  5.502065E+07
     3 |      150 |  6.139276E+07 |  5.168551E+07
     4 |      200 |  5.966921E+07 |  4.993567E+07
     5 |      250 |  5.840047E+07 |  4.993567E+07
     6 |      300 |  5.790778E+07 |  4.993567E+07
     7 |      350 |  5.752131E+07 |  4.993567E+07
     8 |      400 |  5.725942E+07 |  4.993567E+07
     9 |      450 |  5.708406E+07 |  4.993567E+07
    10 |      500 |  5.685259E+07 |  4.993567E+07
    11 |      550 |  5.675629E+07 |  4.993567E+07
    12 |      600 |  5.652693E+07 |  4.993567E+07
    13 |      650 |  5.632908E+07 |  4.993567E+07
    14 |      700 |  5.610462E+07 |  4.993567E+07
    15 |      750 |  5.592234E+07 |  4.993567E+07
    16 |      800 |  5.537242E+07 |  4.993567E+07
    17 |      850 |  5.534243E+07 |  4.993567E+07
    18 |      900 |  5.519203E+07 |  4.993567E+07
    19 |      950 |  5.519203E+07 |  4.993567E+07
    20 |     1000 |  5.500455E+07 |  4.993567E+07
    21 |     1050 |  5.492612E+07 |  4.993567E+07
    22 |     1100 |  5.474046E+07 |  4.993567E+07
    23 |     1150 |  5.464325E+07 |  4.993567E+07
    24 |     1200 |  5.451868E+07 |  4.894953E+07
    25 |     1250 |  5.437514E+07 |  4.894953E+07
