======================================================================================================
n_gen  |  n_eval  |    f     |    S    |    w    |    c1    |    c2    |     f_avg     |     f_min    
======================================================================================================
     1 |       50 |        - |       - |  0.9000 |  2.00000 |  2.00000 |  1.209497E+08 |  1.047895E+08
     2 |      100 |  0.38734 |       2 |  0.6460 |  2.02854 |  1.97146 |  9.745601E+07 |  8.193430E+07
     3 |      150 |  0.17673 |       3 |  0.5135 |  2.02809 |  1.98784 |  9.343995E+07 |  8.193430E+07
     4 |      200 |  0.05050 |       3 |  0.4319 |  2.01967 |  2.00290 |  9.217746E+07 |  8.193430E+07
     5 |      250 |  0.08330 |       3 |  0.4529 |  2.00817 |  2.01777 |  9.049625E+07 |  8.193430E+07
     6 |      300 |  0.07032 |       3 |  0.4446 |  1.99530 |  2.02587 |  8.983186E+07 |  8.193430E+07
     7 |      350 |  0.08037 |       3 |  0.4510 |  1.98504 |  2.03638 |  8.935544E+07 |  8.193430E+07
     8 |      400 |  0.08672 |       3 |  0.4551 |  1.97499 |  2.05086 |  8.907926E+07 |  8.193430E+07
     9 |      450 |  0.09535 |       3 |  0.4607 |  1.96310 |  2.06453 |  8.860092E+07 |  8.193430E+07
    10 |      500 |  0.07987 |       3 |  0.4507 |  1.95068 |  2.07714 |  8.821986E+07 |  8.193430E+07
    11 |      550 |  0.07787 |       3 |  0.4494 |  1.93844 |  2.08834 |  8.814659E+07 |  8.193430E+07
    12 |      600 |  0.11268 |       3 |  0.4719 |  1.92675 |  2.09618 |  8.801819E+07 |  8.193430E+07
    13 |      650 |  0.13214 |       3 |  0.4845 |  1.91736 |  2.10737 |  8.773565E+07 |  8.193430E+07
    14 |      700 |  0.15410 |       3 |  0.4988 |  1.90684 |  2.11269 |  8.751656E+07 |  8.193430E+07
    15 |      750 |  0.17091 |       3 |  0.5097 |  1.89936 |  2.12307 |  8.743866E+07 |  8.193430E+07
    16 |      800 |  0.17818 |       3 |  0.5144 |  1.89111 |  2.13563 |  8.730266E+07 |  8.193430E+07
    17 |      850 |  0.18311 |       3 |  0.5176 |  1.88036 |  2.14120 |  8.717063E+07 |  8.193430E+07
    18 |      900 |  0.18071 |       3 |  0.5161 |  1.87193 |  2.14619 |  8.696634E+07 |  8.193430E+07
    19 |      950 |  0.18805 |       3 |  0.5209 |  1.86670 |  2.16145 |  8.682322E+07 |  8.193430E+07
    20 |     1000 |  0.00421 |       3 |  0.4026 |  1.85691 |  2.17243 |  8.666992E+07 |  8.193430E+07
    21 |     1050 |  0.03184 |       3 |  0.4200 |  1.84570 |  2.17633 |  8.635001E+07 |  8.193430E+07
    22 |     1100 |  0.01391 |       3 |  0.4087 |  1.83898 |  2.18716 |  8.627383E+07 |  8.193430E+07
    23 |     1150 |  0.01761 |       3 |  0.4110 |  1.83066 |  2.19676 |  8.625333E+07 |  8.193430E+07
    24 |     1200 |  0.11879 |       3 |  0.4759 |  1.82046 |  2.19871 |  8.613406E+07 |  8.192725E+07
    25 |     1250 |  0.76825 |       4 |  0.8309 |  1.75448 |  2.25023 |  8.574357E+07 |  7.973815E+07
    26 |     1300 | -6.9E-02 |       3 |  0.3579 |  1.75838 |  2.26677 |  8.513376E+07 |  7.838148E+07
    27 |     1350 |  0.07644 |       3 |  0.4485 |  1.75310 |  2.27550 |  8.438788E+07 |  7.828568E+07
    28 |     1400 |  0.27057 |       2 |  0.5740 |  1.76831 |  2.23871 |  8.428891E+07 |  7.828568E+07
    29 |     1450 |  0.27057 |       2 |  0.5740 |  1.81048 |  2.19126 |  8.428891E+07 |  7.828568E+07
    30 |     1500 |  0.27057 |       2 |  0.5740 |  1.84168 |  2.15875 |  8.428891E+07 |  7.828568E+07
    31 |     1550 |  0.27057 |       2 |  0.5740 |  1.88698 |  2.11313 |  8.428891E+07 |  7.828568E+07
    32 |     1600 |  0.26881 |       2 |  0.5728 |  1.91461 |  2.08541 |  8.424580E+07 |  7.828568E+07
    33 |     1650 |  0.22884 |       3 |  0.5472 |  1.91606 |  2.10115 |  8.416186E+07 |  7.828568E+07
    34 |     1700 |  0.19650 |       3 |  0.5263 |  1.90934 |  2.11120 |  8.404778E+07 |  7.828568E+07
    35 |     1750 |  0.18223 |       3 |  0.5171 |  1.90101 |  2.11836 |  8.400620E+07 |  7.828568E+07
    36 |     1800 |  0.24127 |       2 |  0.5552 |  1.93885 |  2.06597 |  8.371393E+07 |  7.451057E+07
    37 |     1850 |  0.51130 |       1 |  0.7158 |  2.01529 |  1.98591 |  8.326118E+07 |  7.439250E+07
    38 |     1900 |  0.41958 |       2 |  0.6650 |  2.04496 |  1.95534 |  8.317625E+07 |  7.439250E+07
    39 |     1950 |  0.39197 |       2 |  0.6488 |  2.09340 |  1.90667 |  8.302228E+07 |  7.439250E+07
    40 |     2000 |  0.37429 |       2 |  0.6382 |  2.12813 |  1.87189 |  8.294500E+07 |  7.439250E+07
    41 |     2050 |  0.35955 |       2 |  0.6293 |  2.17748 |  1.82252 |  8.276786E+07 |  7.439250E+07
    42 |     2100 |  0.31512 |       2 |  0.6020 |  2.20953 |  1.79047 |  8.270687E+07 |  7.439250E+07
    43 |     2150 |  0.29820 |       2 |  0.5914 |  2.25645 |  1.74355 |  8.259963E+07 |  7.439250E+07
    44 |     2200 |  0.22811 |       3 |  0.5468 |  2.25237 |  1.76345 |  8.212223E+07 |  7.439250E+07
    45 |     2250 |  0.23002 |       3 |  0.5480 |  2.23899 |  1.78336 |  8.208797E+07 |  7.439250E+07
    46 |     2300 |  0.23002 |       3 |  0.5480 |  2.22152 |  1.80621 |  8.208797E+07 |  7.439250E+07
    47 |     2350 |  0.23002 |       3 |  0.5480 |  2.20179 |  1.82663 |  8.208797E+07 |  7.439250E+07
    48 |     2400 |  0.22489 |       3 |  0.5447 |  2.18310 |  1.84087 |  8.208369E+07 |  7.439250E+07
    49 |     2450 |  0.22489 |       3 |  0.5447 |  2.16628 |  1.86225 |  8.208369E+07 |  7.439250E+07
    50 |     2500 |  0.20934 |       3 |  0.5346 |  2.14850 |  1.87480 |  8.201426E+07 |  7.439250E+07
    51 |     2550 |  0.18977 |       3 |  0.5220 |  2.13418 |  1.88546 |  8.198492E+07 |  7.439250E+07
    52 |     2600 |  0.18977 |       3 |  0.5220 |  2.12148 |  1.90187 |  8.198492E+07 |  7.439250E+07
    53 |     2650 |  0.18948 |       3 |  0.5218 |  2.10726 |  1.91609 |  8.195667E+07 |  7.439250E+07
    54 |     2700 |  0.17334 |       3 |  0.5113 |  2.09374 |  1.92577 |  8.193327E+07 |  7.439250E+07
    55 |     2750 |  0.17079 |       3 |  0.5096 |  2.08160 |  1.94712 |  8.193232E+07 |  7.439250E+07
    56 |     2800 |  0.14388 |       3 |  0.4922 |  2.06523 |  1.96513 |  8.187366E+07 |  7.439250E+07
    57 |     2850 |  0.14242 |       3 |  0.4912 |  2.04858 |  1.98114 |  8.183122E+07 |  7.439250E+07
    58 |     2900 |  0.12836 |       3 |  0.4821 |  2.03299 |  1.98890 |  8.175188E+07 |  7.439250E+07
    59 |     2950 |  0.12836 |       3 |  0.4821 |  2.02162 |  1.99803 |  8.175188E+07 |  7.439250E+07
    60 |     3000 |  0.12836 |       3 |  0.4821 |  2.01146 |  2.01740 |  8.175188E+07 |  7.439250E+07
    61 |     3050 |  0.12343 |       3 |  0.4789 |  1.99710 |  2.02598 |  8.167517E+07 |  7.439250E+07
    62 |     3100 |  0.12130 |       3 |  0.4775 |  1.98588 |  2.03632 |  8.164943E+07 |  7.439250E+07
    63 |     3150 |  0.12130 |       3 |  0.4775 |  1.97538 |  2.04870 |  8.164943E+07 |  7.439250E+07
    64 |     3200 |  0.11329 |       3 |  0.4723 |  1.96413 |  2.05774 |  8.156140E+07 |  7.439250E+07
    65 |     3250 |  0.11329 |       3 |  0.4723 |  1.95426 |  2.06885 |  8.156140E+07 |  7.439250E+07
    66 |     3300 |  0.11329 |       3 |  0.4723 |  1.94425 |  2.08294 |  8.156140E+07 |  7.439250E+07
    67 |     3350 |  0.11329 |       3 |  0.4723 |  1.93271 |  2.09741 |  8.156140E+07 |  7.439250E+07
