======================================================================================================
n_gen  |  n_eval  |    f     |    S    |    w    |    c1    |    c2    |     f_avg     |     f_min    
======================================================================================================
     1 |       50 |        - |       - |  0.9000 |  2.00000 |  2.00000 |  1.610193E+08 |  1.399738E+08
     2 |      100 |  0.25565 |       2 |  0.5644 |  2.02909 |  1.97091 |  1.506752E+08 |  1.359136E+08
     3 |      150 |  0.20904 |       3 |  0.5345 |  2.02839 |  1.99617 |  1.488930E+08 |  1.359136E+08
     4 |      200 |  0.07428 |       3 |  0.4471 |  2.01562 |  2.01492 |  1.465834E+08 |  1.359136E+08
     5 |      250 |  0.04614 |       3 |  0.4291 |  2.00034 |  2.03096 |  1.452679E+08 |  1.359136E+08
     6 |      300 |  0.01567 |       3 |  0.4098 |  1.98513 |  2.04394 |  1.438327E+08 |  1.313691E+08
     7 |      350 |  0.18537 |       3 |  0.5191 |  1.97121 |  2.04996 |  1.431441E+08 |  1.313691E+08
     8 |      400 |  0.10456 |       3 |  0.4666 |  1.96178 |  2.06802 |  1.422296E+08 |  1.313691E+08
     9 |      450 |  0.07859 |       3 |  0.4499 |  1.94808 |  2.07467 |  1.415335E+08 |  1.313691E+08
    10 |      500 |  0.06569 |       3 |  0.4416 |  1.93801 |  2.08285 |  1.404816E+08 |  1.297768E+08
    11 |      550 |  0.08588 |       3 |  0.4546 |  1.92902 |  2.09099 |  1.392886E+08 |  1.282883E+08
    12 |      600 |  0.08946 |       3 |  0.4569 |  1.92085 |  2.10203 |  1.384967E+08 |  1.282883E+08
    13 |      650 |  0.05124 |       3 |  0.4324 |  1.91172 |  2.11403 |  1.381827E+08 |  1.282883E+08
    14 |      700 |  0.03335 |       3 |  0.4210 |  1.90178 |  2.12754 |  1.376454E+08 |  1.282883E+08
    15 |      750 |  0.01880 |       3 |  0.4118 |  1.88932 |  2.13033 |  1.373697E+08 |  1.282883E+08
    16 |      800 |  0.02646 |       3 |  0.4166 |  1.88166 |  2.13639 |  1.371118E+08 |  1.282883E+08
    17 |      850 |  0.01291 |       3 |  0.4081 |  1.87540 |  2.14648 |  1.370894E+08 |  1.282883E+08
    18 |      900 |  0.01813 |       3 |  0.4114 |  1.86716 |  2.15286 |  1.370444E+08 |  1.282883E+08
    19 |      950 | -7.2E-03 |       3 |  0.3955 |  1.85972 |  2.15828 |  1.366479E+08 |  1.282883E+08
    20 |     1000 | -2.9E-02 |       3 |  0.3819 |  1.85492 |  2.17342 |  1.364132E+08 |  1.282883E+08
    21 |     1050 | -2.9E-02 |       3 |  0.3818 |  1.84564 |  2.18534 |  1.362052E+08 |  1.282883E+08
    22 |     1100 | -4.4E-02 |       3 |  0.3728 |  1.83402 |  2.18884 |  1.361406E+08 |  1.282883E+08
    23 |     1150 | -4.4E-02 |       3 |  0.3728 |  1.82767 |  2.20109 |  1.361406E+08 |  1.282883E+08
    24 |     1200 | -3.6E-02 |       3 |  0.3777 |  1.81838 |  2.20900 |  1.359824E+08 |  1.282883E+08
    25 |     1250 | -1.8E-02 |       3 |  0.3891 |  1.81063 |  2.21993 |  1.357182E+08 |  1.282883E+08
    26 |     1300 | -2.7E-02 |       3 |  0.3833 |  1.79946 |  2.22061 |  1.355431E+08 |  1.281150E+08
    27 |     1350 |  0.17116 |       3 |  0.5099 |  1.79354 |  2.22599 |  1.355431E+08 |  1.281150E+08
    28 |     1400 |  0.13470 |       3 |  0.4862 |  1.78825 |  2.23239 |  1.352696E+08 |  1.238531E+08
    29 |     1450 |  0.73698 |       1 |  0.8192 |  1.83542 |  2.16969 |  1.352370E+08 |  1.238531E+08
    30 |     1500 |  0.72175 |       1 |  0.8132 |  1.91446 |  2.08681 |  1.352139E+08 |  1.238531E+08
    31 |     1550 |  0.69681 |       1 |  0.8032 |  1.97524 |  2.02508 |  1.350486E+08 |  1.238531E+08
    32 |     1600 |  0.64817 |       1 |  0.7824 |  2.05305 |  1.94703 |  1.349910E+08 |  1.238531E+08
    33 |     1650 |  0.60416 |       1 |  0.7623 |  2.11706 |  1.88296 |  1.349174E+08 |  1.238531E+08
    34 |     1700 |  0.61327 |       1 |  0.7666 |  2.19183 |  1.80817 |  1.347849E+08 |  1.238531E+08
    35 |     1750 |  0.61386 |       1 |  0.7668 |  2.25135 |  1.74865 |  1.347097E+08 |  1.238531E+08
    36 |     1800 |  0.46664 |       2 |  0.6916 |  2.27831 |  1.72169 |  1.344936E+08 |  1.238531E+08
    37 |     1850 |  0.46642 |       2 |  0.6915 |  2.30548 |  1.69452 |  1.344267E+08 |  1.238531E+08
    38 |     1900 |  0.46125 |       2 |  0.6886 |  2.34723 |  1.65277 |  1.344186E+08 |  1.238531E+08
    39 |     1950 |  0.45595 |       2 |  0.6857 |  2.37606 |  1.62394 |  1.343863E+08 |  1.238531E+08
    40 |     2000 |  0.45186 |       2 |  0.6834 |  2.41175 |  1.58825 |  1.343610E+08 |  1.238531E+08
    41 |     2050 |  0.45272 |       2 |  0.6839 |  2.45673 |  1.54327 |  1.342250E+08 |  1.238531E+08
    42 |     2100 |  0.45272 |       2 |  0.6839 |  2.48804 |  1.51196 |  1.342250E+08 |  1.238531E+08
    43 |     2150 |  0.43452 |       2 |  0.6736 |  2.50000 |  1.50000 |  1.341339E+08 |  1.238531E+08
    44 |     2200 |  0.42995 |       2 |  0.6709 |  2.50000 |  1.50000 |  1.339903E+08 |  1.238531E+08
    45 |     2250 |  0.42115 |       2 |  0.6659 |  2.50000 |  1.50000 |  1.339172E+08 |  1.238531E+08
    46 |     2300 |  0.40609 |       2 |  0.6571 |  2.50000 |  1.50000 |  1.337012E+08 |  1.238531E+08
    47 |     2350 |  0.40609 |       2 |  0.6571 |  2.50000 |  1.50000 |  1.337012E+08 |  1.238531E+08
    48 |     2400 |  0.41131 |       2 |  0.6601 |  2.50000 |  1.50000 |  1.336809E+08 |  1.238531E+08
    49 |     2450 |  0.40406 |       2 |  0.6559 |  2.50000 |  1.50000 |  1.336675E+08 |  1.238531E+08
    50 |     2500 |  0.38765 |       2 |  0.6462 |  2.50000 |  1.50000 |  1.333481E+08 |  1.238531E+08
    51 |     2550 |  0.38765 |       2 |  0.6462 |  2.50000 |  1.50000 |  1.333481E+08 |  1.238531E+08
    52 |     2600 |  0.36625 |       2 |  0.6334 |  2.50000 |  1.50000 |  1.332392E+08 |  1.238531E+08
    53 |     2650 |  0.36119 |       2 |  0.6303 |  2.50000 |  1.50000 |  1.330314E+08 |  1.238531E+08
    54 |     2700 |  0.36119 |       2 |  0.6303 |  2.50000 |  1.50000 |  1.330314E+08 |  1.238531E+08
    55 |     2750 |  0.36119 |       2 |  0.6303 |  2.50000 |  1.50000 |  1.330314E+08 |  1.238531E+08
    56 |     2800 |  0.35406 |       2 |  0.6260 |  2.50000 |  1.50000 |  1.329883E+08 |  1.238531E+08
    57 |     2850 |  0.35406 |       2 |  0.6260 |  2.50000 |  1.50000 |  1.329883E+08 |  1.238531E+08
    58 |     2900 |  0.34427 |       2 |  0.6200 |  2.50000 |  1.50000 |  1.329354E+08 |  1.238531E+08
