======================================================================================================
n_gen  |  n_eval  |    f     |    S    |    w    |    c1    |    c2    |     f_avg     |     f_min    
======================================================================================================
     1 |       50 |        - |       - |  0.9000 |  2.00000 |  2.00000 |  1.357647E+08 |  1.222503E+08
     2 |      100 |  0.24976 |       2 |  0.5607 |  2.04107 |  1.95893 |  1.036445E+08 |  8.995414E+07
     3 |      150 | -2.0E-02 |       3 |  0.3874 |  2.04011 |  1.98372 |  9.799813E+07 |  8.868199E+07
     4 |      200 | -7.3E-02 |       3 |  0.3556 |  2.02766 |  1.99167 |  9.421702E+07 |  8.463399E+07
     5 |      250 |  0.27032 |       2 |  0.5738 |  2.05243 |  1.95238 |  9.280269E+07 |  8.463399E+07
     6 |      300 |  0.14299 |       3 |  0.4916 |  2.04894 |  1.97309 |  9.246333E+07 |  8.463399E+07
     7 |      350 |  0.08384 |       3 |  0.4533 |  2.03683 |  1.99243 |  9.228759E+07 |  8.463399E+07
     8 |      400 |  0.05753 |       3 |  0.4364 |  2.02173 |  1.99961 |  9.175945E+07 |  8.463399E+07
     9 |      450 | -4.4E-02 |       3 |  0.3732 |  2.01078 |  2.01512 |  9.107044E+07 |  8.455395E+07
    10 |      500 |  0.14765 |       3 |  0.4946 |  1.99787 |  2.02184 |  9.008396E+07 |  8.455395E+07
    11 |      550 | -8.1E-02 |       3 |  0.3505 |  1.98836 |  2.04044 |  8.998825E+07 |  8.455395E+07
    12 |      600 |  0.11270 |       3 |  0.4719 |  1.97470 |  2.05437 |  8.954084E+07 |  8.401094E+07
    13 |      650 |  0.15743 |       3 |  0.5010 |  1.96134 |  2.06862 |  8.897517E+07 |  8.401094E+07
    14 |      700 |  0.10434 |       3 |  0.4665 |  1.94800 |  2.08291 |  8.865639E+07 |  8.315350E+07
    15 |      750 |  0.39851 |       2 |  0.6526 |  1.96094 |  2.04675 |  8.863174E+07 |  8.315350E+07
    16 |      800 |  0.38178 |       2 |  0.6427 |  1.98511 |  2.01682 |  8.859190E+07 |  8.315350E+07
    17 |      850 |  0.37148 |       2 |  0.6365 |  2.01875 |  1.98173 |  8.855833E+07 |  8.315350E+07
    18 |      900 |  0.32421 |       2 |  0.6077 |  2.04531 |  1.95481 |  8.844537E+07 |  8.315350E+07
    19 |      950 |  0.29868 |       2 |  0.5917 |  2.07573 |  1.92430 |  8.817728E+07 |  7.834310E+07
    20 |     1000 |  0.48565 |       2 |  0.7021 |  2.10526 |  1.89475 |  8.806284E+07 |  7.834310E+07
    21 |     1050 |  0.48565 |       2 |  0.7021 |  2.13069 |  1.86931 |  8.806284E+07 |  7.834310E+07
    22 |     1100 |  0.48565 |       2 |  0.7021 |  2.15992 |  1.84008 |  8.806284E+07 |  7.834310E+07
    23 |     1150 |  0.43169 |       2 |  0.6719 |  2.19559 |  1.80441 |  8.793526E+07 |  7.834310E+07
    24 |     1200 |  0.40998 |       2 |  0.6594 |  2.24455 |  1.75545 |  8.790229E+07 |  7.834310E+07
    25 |     1250 |  0.39532 |       2 |  0.6508 |  2.28079 |  1.71921 |  8.780890E+07 |  7.834310E+07
    26 |     1300 |  0.39532 |       2 |  0.6508 |  2.31426 |  1.68574 |  8.780890E+07 |  7.834310E+07
    27 |     1350 |  0.37833 |       2 |  0.6407 |  2.36202 |  1.63798 |  8.773355E+07 |  7.834310E+07
    28 |     1400 |  0.33956 |       2 |  0.6171 |  2.39761 |  1.60239 |  8.762534E+07 |  7.834310E+07
    29 |     1450 |  0.30874 |       2 |  0.5980 |  2.42992 |  1.57008 |  8.760914E+07 |  7.834310E+07
    30 |     1500 |  0.28755 |       2 |  0.5847 |  2.46869 |  1.53131 |  8.749886E+07 |  7.834310E+07
    31 |     1550 |  0.26255 |       2 |  0.5689 |  2.50000 |  1.50000 |  8.746785E+07 |  7.834310E+07
    32 |     1600 |  0.25985 |       2 |  0.5671 |  2.50000 |  1.50000 |  8.743047E+07 |  7.834310E+07
    33 |     1650 |  0.25985 |       2 |  0.5671 |  2.50000 |  1.50000 |  8.743047E+07 |  7.834310E+07
    34 |     1700 |  0.27028 |       2 |  0.5738 |  2.50000 |  1.50000 |  8.741213E+07 |  7.834310E+07
    35 |     1750 |  0.27028 |       2 |  0.5738 |  2.50000 |  1.50000 |  8.741213E+07 |  7.834310E+07
    36 |     1800 |  0.27028 |       2 |  0.5738 |  2.50000 |  1.50000 |  8.741213E+07 |  7.834310E+07
    37 |     1850 |  0.24626 |       2 |  0.5584 |  2.50000 |  1.50000 |  8.723944E+07 |  7.834310E+07
    38 |     1900 |  0.24186 |       2 |  0.5556 |  2.50000 |  1.50000 |  8.723195E+07 |  7.834310E+07
    39 |     1950 |  0.24186 |       2 |  0.5556 |  2.50000 |  1.50000 |  8.723195E+07 |  7.834310E+07
    40 |     2000 |  0.22830 |       3 |  0.5469 |  2.47299 |  1.53727 |  8.720271E+07 |  7.834310E+07
    41 |     2050 |  0.22830 |       3 |  0.5469 |  2.44828 |  1.57162 |  8.720271E+07 |  7.834310E+07
    42 |     2100 |  0.22830 |       3 |  0.5469 |  2.42879 |  1.59225 |  8.720271E+07 |  7.834310E+07
    43 |     2150 |  0.21561 |       3 |  0.5387 |  2.40761 |  1.61722 |  8.716204E+07 |  7.834310E+07
    44 |     2200 |  0.21561 |       3 |  0.5387 |  2.38541 |  1.63877 |  8.716204E+07 |  7.834310E+07
    45 |     2250 |  0.20146 |       3 |  0.5295 |  2.36596 |  1.65334 |  8.716018E+07 |  7.834310E+07
    46 |     2300 |  0.17943 |       3 |  0.5153 |  2.34853 |  1.67292 |  8.712525E+07 |  7.834310E+07
    47 |     2350 |  0.17943 |       3 |  0.5153 |  2.33130 |  1.68762 |  8.712525E+07 |  7.834310E+07
    48 |     2400 |  0.17943 |       3 |  0.5153 |  2.31611 |  1.70145 |  8.712525E+07 |  7.834310E+07
    49 |     2450 |  0.17943 |       3 |  0.5153 |  2.30096 |  1.71952 |  8.712525E+07 |  7.834310E+07
