======================================================================================================
n_gen  |  n_eval  |    f     |    S    |    w    |    c1    |    c2    |     f_avg     |     f_min    
======================================================================================================
     1 |       50 |        - |       - |  0.9000 |  2.00000 |  2.00000 |  1.305458E+08 |  1.157233E+08
     2 |      100 |  0.13155 |       3 |  0.4841 |  2.00000 |  2.02033 |  1.013007E+08 |  7.762408E+07
     3 |      150 |  0.29383 |       2 |  0.5887 |  2.02531 |  1.97976 |  9.111874E+07 |  7.488620E+07
     4 |      200 |  0.48306 |       2 |  0.7007 |  2.05055 |  1.95071 |  8.897766E+07 |  7.369405E+07
     5 |      250 |  0.37484 |       2 |  0.6386 |  2.09589 |  1.90442 |  8.649010E+07 |  7.369405E+07
     6 |      300 |  0.27964 |       2 |  0.5797 |  2.12808 |  1.87200 |  8.456989E+07 |  7.005345E+07
     7 |      350 |  0.23307 |       3 |  0.5500 |  2.12500 |  1.89891 |  8.404905E+07 |  7.005345E+07
     8 |      400 |  0.12536 |       3 |  0.4801 |  2.10970 |  1.92028 |  8.370413E+07 |  6.633311E+07
     9 |      450 |  0.04345 |       3 |  0.4274 |  2.09255 |  1.93043 |  8.324414E+07 |  6.633311E+07
    10 |      500 |  0.05199 |       3 |  0.4328 |  2.07899 |  1.94682 |  8.277232E+07 |  6.633311E+07
    11 |      550 |  0.02594 |       3 |  0.4163 |  2.06425 |  1.96390 |  8.219126E+07 |  6.633311E+07
    12 |      600 |  0.01594 |       3 |  0.4100 |  2.04915 |  1.97137 |  8.185458E+07 |  6.633311E+07
    13 |      650 |  0.00891 |       3 |  0.4056 |  2.03806 |  1.98356 |  8.180623E+07 |  6.633311E+07
    14 |      700 |  0.01129 |       3 |  0.4071 |  2.02659 |  1.99797 |  8.170128E+07 |  6.633311E+07
    15 |      750 |  0.00530 |       3 |  0.4033 |  2.01395 |  2.01180 |  8.105618E+07 |  6.633311E+07
    16 |      800 | -6.5E-03 |       3 |  0.3960 |  2.00105 |  2.02303 |  8.083248E+07 |  6.633311E+07
    17 |      850 |  0.02818 |       3 |  0.4177 |  1.98924 |  2.03222 |  8.041181E+07 |  6.633311E+07
    18 |      900 |  0.01068 |       3 |  0.4067 |  1.97909 |  2.04843 |  8.001639E+07 |  6.633311E+07
    19 |      950 |  0.01101 |       3 |  0.4069 |  1.96614 |  2.05747 |  7.980104E+07 |  6.633311E+07
    20 |     1000 |  0.00010 |       3 |  0.4001 |  1.95543 |  2.06882 |  7.969360E+07 |  6.633311E+07
    21 |     1050 |  0.00010 |       3 |  0.4001 |  1.94467 |  2.07956 |  7.969360E+07 |  6.633311E+07
    22 |     1100 |  0.00163 |       3 |  0.4010 |  1.93434 |  2.09254 |  7.944806E+07 |  6.633311E+07
    23 |     1150 | -3.8E-03 |       3 |  0.3977 |  1.92262 |  2.09930 |  7.943820E+07 |  6.633311E+07
    24 |     1200 | -1.4E-02 |       3 |  0.3915 |  1.91386 |  2.11127 |  7.904327E+07 |  6.633311E+07
    25 |     1250 | -1.6E-02 |       3 |  0.3901 |  1.90360 |  2.11995 |  7.898441E+07 |  6.633311E+07
    26 |     1300 | -1.6E-02 |       3 |  0.3901 |  1.89504 |  2.13505 |  7.898441E+07 |  6.633311E+07
    27 |     1350 | -1.6E-02 |       3 |  0.3901 |  1.88372 |  2.14770 |  7.898441E+07 |  6.633311E+07
    28 |     1400 | -1.2E-02 |       3 |  0.3922 |  1.87109 |  2.15240 |  7.898199E+07 |  6.633311E+07
    29 |     1450 | -1.1E-02 |       3 |  0.3931 |  1.86313 |  2.16401 |  7.897690E+07 |  6.633311E+07
    30 |     1500 | -8.5E-03 |       3 |  0.3947 |  1.85357 |  2.17328 |  7.894822E+07 |  6.633311E+07
    31 |     1550 | -2.3E-02 |       3 |  0.3860 |  1.84452 |  2.18300 |  7.892937E+07 |  6.633311E+07
    32 |     1600 | -2.3E-02 |       3 |  0.3860 |  1.83554 |  2.19289 |  7.892937E+07 |  6.633311E+07
    33 |     1650 | -2.3E-02 |       3 |  0.3857 |  1.82488 |  2.19505 |  7.881150E+07 |  6.633311E+07
    34 |     1700 | -3.0E-02 |       3 |  0.3813 |  1.81886 |  2.20246 |  7.880530E+07 |  6.633311E+07
    35 |     1750 | -3.5E-02 |       3 |  0.3785 |  1.81263 |  2.21054 |  7.866813E+07 |  6.633311E+07
    36 |     1800 | -3.7E-02 |       3 |  0.3774 |  1.80497 |  2.21474 |  7.859844E+07 |  6.633311E+07
    37 |     1850 | -4.4E-02 |       3 |  0.3726 |  1.79990 |  2.22348 |  7.834794E+07 |  6.633311E+07
    38 |     1900 | -3.8E-02 |       3 |  0.3768 |  1.79382 |  2.23267 |  7.816927E+07 |  6.633311E+07
