======================================================================================================
n_gen  |  n_eval  |    f     |    S    |    w    |    c1    |    c2    |     f_avg     |     f_min    
======================================================================================================
     1 |       50 |        - |       - |  0.9000 |  2.00000 |  2.00000 |  8.751729E+07 |  7.163469E+07
     2 |      100 |  0.19445 |       3 |  0.5250 |  2.00000 |  2.01481 |  7.200827E+07 |  5.286726E+07
     3 |      150 |  0.12637 |       3 |  0.4808 |  1.99279 |  2.03317 |  6.369872E+07 |  4.963813E+07
     4 |      200 |  0.12075 |       3 |  0.4771 |  1.98024 |  2.04145 |  6.020097E+07 |  4.963813E+07
     5 |      250 |  0.10915 |       3 |  0.4696 |  1.97015 |  2.05490 |  5.938312E+07 |  4.814799E+07
     6 |      300 |  0.25313 |       2 |  0.5628 |  1.98459 |  2.02165 |  5.700815E+07 |  4.814799E+07
     7 |      350 |  0.18285 |       3 |  0.5175 |  1.98191 |  2.04214 |  5.667393E+07 |  4.814799E+07
     8 |      400 |  0.15929 |       3 |  0.5022 |  1.97056 |  2.05198 |  5.609642E+07 |  4.814799E+07
     9 |      450 |  0.12795 |       3 |  0.4818 |  1.96022 |  2.06290 |  5.580566E+07 |  4.814799E+07
    10 |      500 |  0.14673 |       3 |  0.4940 |  1.94959 |  2.06879 |  5.538056E+07 |  4.814799E+07
    11 |      550 |  0.16984 |       3 |  0.5090 |  1.94167 |  2.07977 |  5.496068E+07 |  4.814799E+07
    12 |      600 |  0.15819 |       3 |  0.5015 |  1.93249 |  2.08997 |  5.487140E+07 |  4.814799E+07
    13 |      650 |  0.16267 |       3 |  0.5044 |  1.92327 |  2.10254 |  5.460134E+07 |  4.814799E+07
    14 |      700 |  0.18205 |       3 |  0.5170 |  1.91309 |  2.11776 |  5.452365E+07 |  4.797960E+07
    15 |      750 |  0.14928 |       3 |  0.4957 |  1.90013 |  2.12417 |  5.437185E+07 |  4.797960E+07
    16 |      800 |  0.11041 |       3 |  0.4704 |  1.89038 |  2.13118 |  5.423575E+07 |  4.797960E+07
    17 |      850 |  0.10026 |       3 |  0.4639 |  1.88188 |  2.13715 |  5.405447E+07 |  4.752713E+07
    18 |      900 |  0.13435 |       3 |  0.4860 |  1.87472 |  2.14379 |  5.394927E+07 |  4.752713E+07
    19 |      950 |  0.11359 |       3 |  0.4725 |  1.86786 |  2.15006 |  5.378437E+07 |  4.752713E+07
    20 |     1000 |  0.09134 |       3 |  0.4581 |  1.86160 |  2.15764 |  5.367742E+07 |  4.752713E+07
    21 |     1050 |  0.06163 |       3 |  0.4390 |  1.85566 |  2.16933 |  5.347873E+07 |  4.752713E+07
    22 |     1100 | -4.3E-02 |       3 |  0.3732 |  1.84627 |  2.17357 |  5.320776E+07 |  4.752713E+07
    23 |     1150 |  0.01642 |       3 |  0.4103 |  1.84033 |  2.18415 |  5.312557E+07 |  4.752713E+07
    24 |     1200 |  0.05249 |       3 |  0.4332 |  1.83157 |  2.18871 |  5.296263E+07 |  4.442228E+07
    25 |     1250 |  0.91360 |       4 |  0.8776 |  1.76943 |  2.23556 |  5.251191E+07 |  4.442228E+07
    26 |     1300 |  0.82872 |       4 |  0.8519 |  1.71456 |  2.28666 |  5.242117E+07 |  4.442228E+07
    27 |     1350 |  0.65645 |       1 |  0.7861 |  1.81319 |  2.18711 |  5.235389E+07 |  4.442228E+07
    28 |     1400 |  0.60837 |       1 |  0.7643 |  1.91108 |  2.08900 |  5.206150E+07 |  4.442228E+07
    29 |     1450 |  0.60837 |       1 |  0.7643 |  2.00479 |  1.99522 |  5.206150E+07 |  4.442228E+07
    30 |     1500 |  0.57698 |       1 |  0.7493 |  2.07734 |  1.92267 |  5.202721E+07 |  4.442228E+07
    31 |     1550 |  0.55767 |       1 |  0.7397 |  2.16872 |  1.83129 |  5.196735E+07 |  4.442228E+07
    32 |     1600 |  0.56669 |       1 |  0.7442 |  2.24581 |  1.75419 |  5.189584E+07 |  4.442228E+07
    33 |     1650 |  0.55917 |       1 |  0.7405 |  2.32187 |  1.67813 |  5.189200E+07 |  4.442228E+07
    34 |     1700 |  0.53453 |       1 |  0.7280 |  2.38905 |  1.61095 |  5.185764E+07 |  4.442228E+07
    35 |     1750 |  0.48120 |       2 |  0.6997 |  2.42035 |  1.57965 |  5.171349E+07 |  4.442228E+07
    36 |     1800 |  0.45557 |       2 |  0.6855 |  2.46900 |  1.53100 |  5.170772E+07 |  4.442228E+07
    37 |     1850 |  0.37223 |       2 |  0.6370 |  2.50000 |  1.50000 |  5.158384E+07 |  4.442228E+07
    38 |     1900 |  0.35456 |       2 |  0.6263 |  2.50000 |  1.50000 |  5.150931E+07 |  4.442228E+07
    39 |     1950 |  0.31923 |       2 |  0.6046 |  2.50000 |  1.50000 |  5.143110E+07 |  4.442228E+07
    40 |     2000 |  0.32628 |       2 |  0.6089 |  2.50000 |  1.50000 |  5.137725E+07 |  4.442228E+07
    41 |     2050 |  0.31201 |       2 |  0.6001 |  2.50000 |  1.50000 |  5.130428E+07 |  4.442228E+07
    42 |     2100 |  0.28201 |       2 |  0.5812 |  2.50000 |  1.50000 |  5.129857E+07 |  4.442228E+07
    43 |     2150 |  0.28116 |       2 |  0.5807 |  2.50000 |  1.50000 |  5.129400E+07 |  4.442228E+07
    44 |     2200 |  0.25918 |       2 |  0.5667 |  2.50000 |  1.50000 |  5.128722E+07 |  4.442228E+07
    45 |     2250 |  0.14738 |       3 |  0.4944 |  2.48391 |  1.52217 |  5.124436E+07 |  4.442228E+07
    46 |     2300 |  0.13987 |       3 |  0.4896 |  2.46657 |  1.54618 |  5.110599E+07 |  4.442228E+07
    47 |     2350 |  0.12808 |       3 |  0.4819 |  2.45269 |  1.56295 |  5.109294E+07 |  4.442228E+07
    48 |     2400 |  0.26502 |       2 |  0.5704 |  2.49024 |  1.51343 |  5.102385E+07 |  4.442228E+07
    49 |     2450 |  0.25817 |       2 |  0.5661 |  2.50000 |  1.50000 |  5.101933E+07 |  4.442228E+07
    50 |     2500 |  0.24072 |       2 |  0.5549 |  2.50000 |  1.50000 |  5.095599E+07 |  4.442228E+07
    51 |     2550 |  0.24072 |       2 |  0.5549 |  2.50000 |  1.50000 |  5.095599E+07 |  4.442228E+07
    52 |     2600 |  0.23327 |       3 |  0.5501 |  2.47646 |  1.53247 |  5.092758E+07 |  4.442228E+07
    53 |     2650 |  0.23327 |       3 |  0.5501 |  2.45243 |  1.56584 |  5.092758E+07 |  4.442228E+07
    54 |     2700 |  0.23175 |       3 |  0.5491 |  2.43178 |  1.59338 |  5.085719E+07 |  4.442228E+07
