======================================================================================================
n_gen  |  n_eval  |    f     |    S    |    w    |    c1    |    c2    |     f_avg     |     f_min    
======================================================================================================
     1 |       50 |        - |       - |  0.9000 |  2.00000 |  2.00000 |  1.208796E+08 |  1.057821E+08
     2 |      100 |  0.65661 |       1 |  0.7861 |  2.07153 |  1.92847 |  9.133570E+07 |  7.560563E+07
     3 |      150 |  0.14193 |       3 |  0.4909 |  2.07033 |  1.94651 |  8.374112E+07 |  7.336032E+07
     4 |      200 | -5.9E-02 |       3 |  0.3635 |  2.06067 |  1.95952 |  7.977489E+07 |  7.206826E+07
     5 |      250 |  0.21777 |       3 |  0.5401 |  2.04963 |  1.96927 |  7.862344E+07 |  6.836357E+07
     6 |      300 |  0.37027 |       2 |  0.6358 |  2.07979 |  1.92491 |  7.787884E+07 |  6.472053E+07
     7 |      350 |  0.68343 |       1 |  0.7976 |  2.13250 |  1.86867 |  7.758978E+07 |  6.472053E+07
     8 |      400 |  0.60527 |       1 |  0.7628 |  2.22480 |  1.77549 |  7.720035E+07 |  6.472053E+07
     9 |      450 |  0.57408 |       1 |  0.7478 |  2.30530 |  1.69477 |  7.690842E+07 |  6.472053E+07
    10 |      500 |  0.53595 |       1 |  0.7287 |  2.36275 |  1.63727 |  7.661864E+07 |  6.472053E+07
    11 |      550 |  0.50040 |       1 |  0.7100 |  2.42702 |  1.57299 |  7.651280E+07 |  6.472053E+07
    12 |      600 |  0.50022 |       1 |  0.7099 |  2.50000 |  1.50000 |  7.618697E+07 |  6.471920E+07
    13 |      650 |  0.63452 |       1 |  0.7763 |  2.50000 |  1.50000 |  7.579578E+07 |  6.471920E+07
    14 |      700 |  0.58012 |       1 |  0.7508 |  2.50000 |  1.50000 |  7.568880E+07 |  6.471920E+07
    15 |      750 |  0.45334 |       2 |  0.6842 |  2.50000 |  1.50000 |  7.494602E+07 |  6.471920E+07
    16 |      800 |  0.40256 |       2 |  0.6550 |  2.50000 |  1.50000 |  7.471922E+07 |  6.471920E+07
    17 |      850 |  0.36489 |       2 |  0.6326 |  2.50000 |  1.50000 |  7.432332E+07 |  6.471920E+07
    18 |      900 |  0.26443 |       2 |  0.5700 |  2.50000 |  1.50000 |  7.388044E+07 |  6.471920E+07
    19 |      950 |  0.19607 |       3 |  0.5261 |  2.47167 |  1.53911 |  7.324096E+07 |  6.471920E+07
    20 |     1000 |  0.16285 |       3 |  0.5045 |  2.44680 |  1.57368 |  7.308954E+07 |  6.471920E+07
    21 |     1050 |  0.17864 |       3 |  0.5147 |  2.42524 |  1.59993 |  7.294495E+07 |  6.471920E+07
    22 |     1100 |  0.18463 |       3 |  0.5186 |  2.40374 |  1.61727 |  7.294204E+07 |  6.471920E+07
    23 |     1150 |  0.16759 |       3 |  0.5076 |  2.38420 |  1.63822 |  7.286565E+07 |  6.471920E+07
    24 |     1200 |  0.14854 |       3 |  0.4952 |  2.36382 |  1.66029 |  7.268910E+07 |  6.471920E+07
    25 |     1250 |  0.12646 |       3 |  0.4808 |  2.34531 |  1.67268 |  7.268198E+07 |  6.471920E+07
    26 |     1300 |  0.09397 |       3 |  0.4598 |  2.32701 |  1.70035 |  7.253032E+07 |  6.471920E+07
    27 |     1350 |  0.08331 |       3 |  0.4529 |  2.30694 |  1.71323 |  7.252645E+07 |  6.471920E+07
    28 |     1400 |  0.08331 |       3 |  0.4529 |  2.29000 |  1.73291 |  7.252645E+07 |  6.471920E+07
    29 |     1450 |  0.05012 |       3 |  0.4316 |  2.27143 |  1.75399 |  7.252517E+07 |  6.471920E+07
    30 |     1500 |  0.03652 |       3 |  0.4230 |  2.25353 |  1.76643 |  7.252411E+07 |  6.471920E+07
    31 |     1550 |  0.04071 |       3 |  0.4257 |  2.23924 |  1.77836 |  7.237027E+07 |  6.471920E+07
    32 |     1600 | -2.3E-02 |       3 |  0.3858 |  2.22443 |  1.80171 |  7.229503E+07 |  6.471920E+07
    33 |     1650 | -5.7E-02 |       3 |  0.3650 |  2.20575 |  1.82091 |  7.219433E+07 |  6.471920E+07
    34 |     1700 | -2.4E-03 |       3 |  0.3985 |  2.18761 |  1.83749 |  7.198032E+07 |  6.471920E+07
    35 |     1750 |  0.02157 |       3 |  0.4135 |  2.16992 |  1.85970 |  7.190741E+07 |  6.471920E+07
    36 |     1800 |  0.01237 |       3 |  0.4077 |  2.15192 |  1.86874 |  7.153738E+07 |  6.466696E+07
    37 |     1850 |  0.35111 |       2 |  0.6242 |  2.18365 |  1.82146 |  7.146340E+07 |  6.466696E+07
    38 |     1900 |  0.35111 |       2 |  0.6242 |  2.21537 |  1.78589 |  7.146340E+07 |  6.466696E+07
    39 |     1950 |  0.33799 |       2 |  0.6162 |  2.26178 |  1.73853 |  7.138988E+07 |  6.466696E+07
    40 |     2000 |  0.30055 |       2 |  0.5929 |  2.29816 |  1.70191 |  7.131420E+07 |  6.466696E+07
    41 |     2050 |  0.27248 |       2 |  0.5752 |  2.34468 |  1.65534 |  7.130995E+07 |  6.466696E+07
    42 |     2100 |  0.24094 |       2 |  0.5550 |  2.38436 |  1.61564 |  7.130898E+07 |  6.466696E+07
    43 |     2150 |  0.23792 |       2 |  0.5531 |  2.43209 |  1.56791 |  7.123475E+07 |  6.466696E+07
    44 |     2200 |  0.23792 |       2 |  0.5531 |  2.46542 |  1.53458 |  7.123475E+07 |  6.466696E+07
    45 |     2250 |  0.23792 |       2 |  0.5531 |  2.50000 |  1.50000 |  7.123475E+07 |  6.466696E+07
    46 |     2300 |  0.22722 |       3 |  0.5462 |  2.47892 |  1.52907 |  7.108641E+07 |  6.460916E+07
    47 |     2350 |  0.02241 |       3 |  0.4141 |  2.45990 |  1.55545 |  7.108276E+07 |  6.460916E+07
    48 |     2400 |  0.01008 |       3 |  0.4063 |  2.44285 |  1.57713 |  7.093484E+07 |  6.460916E+07
    49 |     2450 |  0.05881 |       3 |  0.4372 |  2.42510 |  1.59220 |  7.078990E+07 |  6.457455E+07
    50 |     2500 | -6.6E-02 |       3 |  0.3594 |  2.40461 |  1.62313 |  7.071660E+07 |  6.457455E+07
    51 |     2550 | -5.9E-02 |       3 |  0.3638 |  2.38072 |  1.64437 |  7.057463E+07 |  6.457455E+07
    52 |     2600 | -6.8E-02 |       3 |  0.3582 |  2.35785 |  1.66975 |  7.057424E+07 |  6.457455E+07
    53 |     2650 | -8.0E-02 |       3 |  0.3515 |  2.33536 |  1.68956 |  7.035319E+07 |  6.454565E+07
    54 |     2700 |  0.08590 |       3 |  0.4546 |  2.31488 |  1.70969 |  7.035059E+07 |  6.454565E+07
    55 |     2750 |  0.06118 |       3 |  0.4387 |  2.29440 |  1.73250 |  7.013068E+07 |  6.454565E+07
    56 |     2800 |  0.04669 |       3 |  0.4295 |  2.27288 |  1.75579 |  7.013029E+07 |  6.454565E+07
    57 |     2850 |  0.03714 |       3 |  0.4234 |  2.25115 |  1.77747 |  7.012978E+07 |  6.454565E+07
    58 |     2900 |  0.18393 |       3 |  0.5182 |  2.23031 |  1.79732 |  7.012871E+07 |  6.454565E+07
    59 |     2950 |  0.18393 |       3 |  0.5182 |  2.21092 |  1.81492 |  7.012871E+07 |  6.454565E+07
    60 |     3000 |  0.17283 |       3 |  0.5110 |  2.19278 |  1.83375 |  7.005651E+07 |  6.454565E+07
    61 |     3050 |  0.13191 |       3 |  0.4844 |  2.17428 |  1.85513 |  6.976624E+07 |  6.454565E+07
    62 |     3100 |  0.10694 |       3 |  0.4682 |  2.15629 |  1.86438 |  6.969420E+07 |  6.454565E+07
    63 |     3150 |  0.09542 |       3 |  0.4607 |  2.14291 |  1.87808 |  6.961372E+07 |  6.454565E+07
    64 |     3200 |  0.09262 |       3 |  0.4589 |  2.12971 |  1.89087 |  6.961236E+07 |  6.454565E+07
    65 |     3250 |  0.09262 |       3 |  0.4589 |  2.11603 |  1.91274 |  6.961236E+07 |  6.454565E+07
    66 |     3300 |  0.09262 |       3 |  0.4589 |  2.09956 |  1.92117 |  6.961236E+07 |  6.454565E+07
    67 |     3350 |  0.09481 |       3 |  0.4603 |  2.08697 |  1.93819 |  6.961046E+07 |  6.454565E+07
    68 |     3400 |  0.09481 |       3 |  0.4603 |  2.07232 |  1.95591 |  6.961046E+07 |  6.454565E+07
    69 |     3450 |  0.10215 |       3 |  0.4651 |  2.05682 |  1.96720 |  6.953948E+07 |  6.454565E+07
    70 |     3500 |  0.10215 |       3 |  0.4651 |  2.04351 |  1.98581 |  6.953948E+07 |  6.454565E+07
    71 |     3550 |  0.10215 |       3 |  0.4651 |  2.02825 |  1.99282 |  6.953948E+07 |  6.454565E+07
    72 |     3600 |  0.13068 |       3 |  0.4836 |  2.01720 |  2.01214 |  6.938975E+07 |  6.088642E+07
    73 |     3650 |  0.34641 |       2 |  0.6213 |  2.02976 |  1.97754 |  6.924630E+07 |  6.088642E+07
    74 |     3700 |  0.34641 |       2 |  0.6213 |  2.06025 |  1.94157 |  6.924630E+07 |  6.088642E+07
    75 |     3750 |  0.34641 |       2 |  0.6213 |  2.09746 |  1.90300 |  6.924630E+07 |  6.088642E+07
    76 |     3800 |  0.33221 |       2 |  0.6126 |  2.13514 |  1.86497 |  6.924483E+07 |  6.088642E+07
    77 |     3850 |  0.26144 |       2 |  0.5681 |  2.18017 |  1.81986 |  6.917355E+07 |  6.088642E+07
    78 |     3900 |  0.24380 |       2 |  0.5569 |  2.22936 |  1.77065 |  6.917075E+07 |  6.088642E+07
    79 |     3950 |  0.23694 |       2 |  0.5524 |  2.27188 |  1.72812 |  6.916902E+07 |  6.088642E+07
    80 |     4000 |  0.23694 |       2 |  0.5524 |  2.30528 |  1.69472 |  6.916902E+07 |  6.088642E+07
    81 |     4050 |  0.21852 |       3 |  0.5406 |  2.30077 |  1.71379 |  6.909631E+07 |  6.088642E+07
    82 |     4100 |  0.21852 |       3 |  0.5406 |  2.28588 |  1.73988 |  6.909631E+07 |  6.088642E+07
    83 |     4150 |  0.21578 |       3 |  0.5388 |  2.26693 |  1.75519 |  6.902723E+07 |  6.088642E+07
    84 |     4200 |  0.17642 |       3 |  0.5133 |  2.25007 |  1.77255 |  6.887918E+07 |  6.088642E+07
    85 |     4250 |  0.17642 |       3 |  0.5133 |  2.23173 |  1.79781 |  6.887918E+07 |  6.088642E+07
    86 |     4300 |  0.17642 |       3 |  0.5133 |  2.21271 |  1.80688 |  6.887918E+07 |  6.088642E+07
    87 |     4350 |  0.17642 |       3 |  0.5133 |  2.19827 |  1.82468 |  6.887918E+07 |  6.088642E+07
    88 |     4400 |  0.17979 |       3 |  0.5155 |  2.18225 |  1.84222 |  6.887733E+07 |  6.088642E+07
    89 |     4450 |  0.17979 |       3 |  0.5155 |  2.16644 |  1.85467 |  6.887733E+07 |  6.088642E+07
    90 |     4500 |  0.17565 |       3 |  0.5128 |  2.15305 |  1.86524 |  6.880439E+07 |  6.088642E+07
    91 |     4550 |  0.16761 |       3 |  0.5076 |  2.14013 |  1.88637 |  6.880374E+07 |  6.088642E+07
    92 |     4600 |  0.16761 |       3 |  0.5076 |  2.12433 |  1.89586 |  6.880374E+07 |  6.088642E+07
    93 |     4650 |  0.16761 |       3 |  0.5076 |  2.11137 |  1.91393 |  6.880374E+07 |  6.088642E+07
    94 |     4700 |  0.16761 |       3 |  0.5076 |  2.09591 |  1.93293 |  6.880374E+07 |  6.088642E+07
    95 |     4750 |  0.16761 |       3 |  0.5076 |  2.07979 |  1.94130 |  6.880374E+07 |  6.088642E+07
    96 |     4800 |  0.16761 |       3 |  0.5076 |  2.06738 |  1.95995 |  6.880374E+07 |  6.088642E+07
    97 |     4850 |  0.16278 |       3 |  0.5044 |  2.05220 |  1.97636 |  6.872845E+07 |  6.088642E+07
    98 |     4900 |  0.14978 |       3 |  0.4960 |  2.03698 |  1.98809 |  6.858300E+07 |  6.088642E+07
    99 |     4950 |  0.14978 |       3 |  0.4960 |  2.02372 |  2.00648 |  6.858300E+07 |  6.088642E+07
   100 |     5000 |  0.14978 |       3 |  0.4960 |  2.00836 |  2.02194 |  6.858300E+07 |  6.088642E+07
