======================================================================================================
n_gen  |  n_eval  |    f     |    S    |    w    |    c1    |    c2    |     f_avg     |     f_min    
======================================================================================================
     1 |       50 |        - |       - |  0.9000 |  2.00000 |  2.00000 |  4.214168E+07 |  3.058137E+07
     2 |      100 |  0.34311 |       2 |  0.6193 |  2.04752 |  1.95248 |  3.987123E+07 |  3.058137E+07
     3 |      150 |  0.30128 |       2 |  0.5934 |  2.09563 |  1.90437 |  3.914705E+07 |  3.058137E+07
     4 |      200 |  0.25647 |       2 |  0.5650 |  2.13974 |  1.86026 |  3.842373E+07 |  3.058137E+07
     5 |      250 |  0.26318 |       2 |  0.5693 |  2.18085 |  1.81915 |  3.822349E+07 |  3.058137E+07
     6 |      300 |  0.40033 |       2 |  0.6537 |  2.22837 |  1.77163 |  3.778458E+07 |  3.058137E+07
     7 |      350 |  0.39911 |       2 |  0.6530 |  2.26791 |  1.73209 |  3.754949E+07 |  3.058137E+07
     8 |      400 |  0.41397 |       2 |  0.6617 |  2.30840 |  1.69160 |  3.738461E+07 |  3.058137E+07
     9 |      450 |  0.40773 |       2 |  0.6581 |  2.33881 |  1.66119 |  3.730790E+07 |  3.058137E+07
    10 |      500 |  0.38137 |       2 |  0.6425 |  2.37062 |  1.62938 |  3.716205E+07 |  3.058137E+07
    11 |      550 |  0.38043 |       2 |  0.6419 |  2.40291 |  1.59709 |  3.704486E+07 |  3.058137E+07
    12 |      600 |  0.38884 |       2 |  0.6469 |  2.44474 |  1.55526 |  3.696116E+07 |  3.058137E+07
    13 |      650 |  0.39537 |       2 |  0.6508 |  2.48440 |  1.51560 |  3.690014E+07 |  3.058137E+07
    14 |      700 |  0.38948 |       2 |  0.6473 |  2.50000 |  1.50000 |  3.673550E+07 |  3.058137E+07
    15 |      750 |  0.40104 |       2 |  0.6541 |  2.50000 |  1.50000 |  3.671565E+07 |  3.058137E+07
    16 |      800 |  0.40093 |       2 |  0.6541 |  2.50000 |  1.50000 |  3.668962E+07 |  3.058137E+07
    17 |      850 |  0.40466 |       2 |  0.6563 |  2.50000 |  1.50000 |  3.654224E+07 |  3.058137E+07
    18 |      900 |  0.42709 |       2 |  0.6693 |  2.50000 |  1.50000 |  3.653745E+07 |  3.058137E+07
    19 |      950 |  0.43698 |       2 |  0.6750 |  2.50000 |  1.50000 |  3.647963E+07 |  3.058137E+07
    20 |     1000 |  0.44758 |       2 |  0.6810 |  2.50000 |  1.50000 |  3.643791E+07 |  3.058137E+07
    21 |     1050 |  0.44098 |       2 |  0.6772 |  2.50000 |  1.50000 |  3.639781E+07 |  3.058137E+07
    22 |     1100 |  0.46843 |       2 |  0.6926 |  2.50000 |  1.50000 |  3.630149E+07 |  3.058137E+07
    23 |     1150 |  0.49226 |       2 |  0.7057 |  2.50000 |  1.50000 |  3.625205E+07 |  3.058137E+07
    24 |     1200 |  0.49684 |       2 |  0.7081 |  2.50000 |  1.50000 |  3.622831E+07 |  3.058137E+07
    25 |     1250 |  0.49243 |       2 |  0.7058 |  2.50000 |  1.50000 |  3.617296E+07 |  3.058137E+07
    26 |     1300 |  0.49160 |       2 |  0.7053 |  2.50000 |  1.50000 |  3.617273E+07 |  3.058137E+07
    27 |     1350 |  0.50184 |       1 |  0.7108 |  2.50000 |  1.50000 |  3.617147E+07 |  3.058137E+07
    28 |     1400 |  0.50125 |       1 |  0.7105 |  2.50000 |  1.50000 |  3.604413E+07 |  3.058137E+07
    29 |     1450 |  0.50330 |       1 |  0.7116 |  2.50000 |  1.50000 |  3.588270E+07 |  3.058137E+07
    30 |     1500 |  0.50330 |       1 |  0.7116 |  2.50000 |  1.50000 |  3.588270E+07 |  3.058137E+07
    31 |     1550 |  0.50136 |       1 |  0.7106 |  2.50000 |  1.50000 |  3.588237E+07 |  3.058137E+07
