======================================================================================================
n_gen  |  n_eval  |    f     |    S    |    w    |    c1    |    c2    |     f_avg     |     f_min    
======================================================================================================
     1 |       50 |        - |       - |  0.9000 |  2.00000 |  2.00000 |  1.520328E+08 |  1.366955E+08
     2 |      100 |  0.28015 |       2 |  0.5800 |  2.03998 |  1.96002 |  1.150716E+08 |  9.522860E+07
     3 |      150 |  0.42723 |       2 |  0.6694 |  2.06598 |  1.93402 |  1.077704E+08 |  9.478799E+07
     4 |      200 |  0.49551 |       2 |  0.7074 |  2.09897 |  1.90103 |  1.051703E+08 |  9.478799E+07
     5 |      250 |  0.23392 |       2 |  0.5505 |  2.14766 |  1.85234 |  1.034010E+08 |  9.478799E+07
     6 |      300 |  0.12878 |       3 |  0.4824 |  2.14546 |  1.86943 |  1.024109E+08 |  9.478799E+07
     7 |      350 | -3.0E-02 |       3 |  0.3814 |  2.13476 |  1.88900 |  1.013417E+08 |  9.478799E+07
     8 |      400 |  0.06347 |       3 |  0.4402 |  2.11961 |  1.90726 |  1.004788E+08 |  9.224006E+07
     9 |      450 |  0.12210 |       3 |  0.4780 |  2.10401 |  1.91654 |  9.986805E+07 |  9.224006E+07
    10 |      500 |  0.05665 |       3 |  0.4358 |  2.09201 |  1.92656 |  9.951721E+07 |  9.224006E+07
    11 |      550 |  0.03198 |       3 |  0.4201 |  2.08110 |  1.93867 |  9.932616E+07 |  9.224006E+07
    12 |      600 |  0.01153 |       3 |  0.4072 |  2.06944 |  1.95578 |  9.878042E+07 |  9.142889E+07
    13 |      650 |  0.18133 |       3 |  0.5165 |  2.05541 |  1.96988 |  9.812058E+07 |  9.142889E+07
    14 |      700 |  0.12614 |       3 |  0.4806 |  2.04177 |  1.98174 |  9.783825E+07 |  9.142889E+07
    15 |      750 | -3.4E-02 |       3 |  0.3792 |  2.02923 |  1.99747 |  9.705023E+07 |  8.826105E+07
    16 |      800 | -7.1E-02 |       3 |  0.3568 |  2.01540 |  2.01499 |  9.619904E+07 |  8.826105E+07
    17 |      850 | -6.4E-02 |       3 |  0.3608 |  2.00020 |  2.02993 |  9.584505E+07 |  8.826105E+07
    18 |      900 | -6.0E-02 |       3 |  0.3630 |  1.98544 |  2.03504 |  9.566578E+07 |  8.826105E+07
    19 |      950 | -5.5E-02 |       3 |  0.3663 |  1.97583 |  2.04981 |  9.546225E+07 |  8.826105E+07
    20 |     1000 | -1.7E-01 |       3 |  0.2995 |  1.96389 |  2.06011 |  9.518350E+07 |  8.760869E+07
    21 |     1050 |  0.09253 |       3 |  0.4589 |  1.95284 |  2.06713 |  9.513619E+07 |  8.760869E+07
    22 |     1100 |  0.04589 |       3 |  0.4289 |  1.94395 |  2.07531 |  9.507250E+07 |  8.760869E+07
    23 |     1150 |  0.09683 |       3 |  0.4617 |  1.93620 |  2.09275 |  9.481452E+07 |  8.479014E+07
    24 |     1200 |  0.15509 |       3 |  0.4994 |  1.92414 |  2.10717 |  9.459558E+07 |  8.479014E+07
    25 |     1250 |  0.14325 |       3 |  0.4917 |  1.91136 |  2.12052 |  9.455119E+07 |  8.479014E+07
    26 |     1300 |  0.11644 |       3 |  0.4743 |  1.89800 |  2.12691 |  9.452739E+07 |  8.479014E+07
    27 |     1350 |  0.08923 |       3 |  0.4567 |  1.88830 |  2.13599 |  9.443567E+07 |  8.479014E+07
    28 |     1400 |  0.01094 |       3 |  0.4068 |  1.87978 |  2.14977 |  9.429055E+07 |  8.479014E+07
    29 |     1450 | -1.1E-02 |       3 |  0.3931 |  1.86921 |  2.16228 |  9.426712E+07 |  8.479014E+07
    30 |     1500 | -4.7E-02 |       3 |  0.3713 |  1.85700 |  2.16727 |  9.423882E+07 |  8.479014E+07
    31 |     1550 | -6.8E-02 |       3 |  0.3587 |  1.84772 |  2.17075 |  9.418349E+07 |  8.479014E+07
    32 |     1600 | -6.8E-02 |       3 |  0.3587 |  1.84164 |  2.17794 |  9.418349E+07 |  8.479014E+07
    33 |     1650 | -6.8E-02 |       3 |  0.3587 |  1.83541 |  2.18582 |  9.418349E+07 |  8.479014E+07
    34 |     1700 | -8.4E-02 |       3 |  0.3487 |  1.82936 |  2.19684 |  9.407129E+07 |  8.479014E+07
    35 |     1750 | -8.2E-02 |       3 |  0.3503 |  1.82111 |  2.20539 |  9.404804E+07 |  8.479014E+07
    36 |     1800 | -7.8E-02 |       3 |  0.3525 |  1.81348 |  2.21592 |  9.384678E+07 |  8.479014E+07
    37 |     1850 | -7.6E-02 |       3 |  0.3536 |  1.80412 |  2.22250 |  9.378554E+07 |  8.479014E+07
    38 |     1900 | -7.4E-02 |       3 |  0.3546 |  1.79489 |  2.22457 |  9.376372E+07 |  8.479014E+07
    39 |     1950 | -7.4E-02 |       3 |  0.3546 |  1.78937 |  2.23018 |  9.376372E+07 |  8.479014E+07
    40 |     2000 | -7.2E-02 |       3 |  0.3560 |  1.78520 |  2.24022 |  9.363021E+07 |  8.479014E+07
    41 |     2050 | -1.5E-01 |       3 |  0.3135 |  1.77691 |  2.24243 |  9.347347E+07 |  8.108725E+07
    42 |     2100 |  0.00200 |       3 |  0.4012 |  1.77162 |  2.24713 |  9.337767E+07 |  8.108725E+07
    43 |     2150 | -1.7E-02 |       3 |  0.3892 |  1.76676 |  2.25213 |  9.335416E+07 |  8.108725E+07
    44 |     2200 | -3.9E-02 |       3 |  0.3758 |  1.76350 |  2.26190 |  9.330057E+07 |  8.108725E+07
    45 |     2250 | -3.9E-02 |       3 |  0.3758 |  1.75748 |  2.26924 |  9.330057E+07 |  8.108725E+07
    46 |     2300 | -3.9E-02 |       3 |  0.3758 |  1.75007 |  2.27306 |  9.330057E+07 |  8.108725E+07
    47 |     2350 | -7.2E-02 |       3 |  0.3558 |  1.74607 |  2.28274 |  9.324891E+07 |  8.108725E+07
    48 |     2400 | -7.2E-02 |       3 |  0.3558 |  1.73760 |  2.28436 |  9.324891E+07 |  8.108725E+07
    49 |     2450 | -8.1E-02 |       3 |  0.3505 |  1.73398 |  2.29277 |  9.324575E+07 |  8.108725E+07
    50 |     2500 | -8.1E-02 |       3 |  0.3505 |  1.72840 |  2.29932 |  9.324575E+07 |  8.108725E+07
    51 |     2550 | -8.1E-02 |       3 |  0.3505 |  1.72091 |  2.30119 |  9.324575E+07 |  8.108725E+07
    52 |     2600 | -8.2E-02 |       3 |  0.3498 |  1.71739 |  2.30833 |  9.323334E+07 |  8.108725E+07
    53 |     2650 | -8.2E-02 |       3 |  0.3498 |  1.71222 |  2.31355 |  9.323334E+07 |  8.108725E+07
    54 |     2700 | -8.2E-02 |       3 |  0.3498 |  1.70761 |  2.31965 |  9.323334E+07 |  8.108725E+07
    55 |     2750 | -8.2E-02 |       3 |  0.3498 |  1.70270 |  2.32551 |  9.323334E+07 |  8.108725E+07
    56 |     2800 | -8.3E-02 |       3 |  0.3494 |  1.69568 |  2.32676 |  9.311372E+07 |  8.108725E+07
    57 |     2850 | -8.1E-02 |       3 |  0.3508 |  1.69227 |  2.33216 |  9.307131E+07 |  8.108725E+07
    58 |     2900 | -8.0E-02 |       3 |  0.3514 |  1.68697 |  2.33430 |  9.300611E+07 |  8.108725E+07
    59 |     2950 | -7.9E-02 |       3 |  0.3518 |  1.68439 |  2.34013 |  9.299307E+07 |  8.108725E+07
    60 |     3000 | -7.9E-02 |       3 |  0.3518 |  1.68116 |  2.34600 |  9.299307E+07 |  8.108725E+07
    61 |     3050 | -7.8E-02 |       3 |  0.3522 |  1.67634 |  2.34960 |  9.294516E+07 |  8.108725E+07
    62 |     3100 | -7.7E-02 |       3 |  0.3529 |  1.67051 |  2.35031 |  9.288068E+07 |  8.108725E+07
    63 |     3150 | -7.7E-02 |       3 |  0.3529 |  1.67002 |  2.35872 |  9.288068E+07 |  8.108725E+07
    64 |     3200 | -7.7E-02 |       3 |  0.3529 |  1.66367 |  2.35918 |  9.288068E+07 |  8.108725E+07
    65 |     3250 | -7.7E-02 |       3 |  0.3532 |  1.65977 |  2.36144 |  9.277586E+07 |  8.108725E+07
    66 |     3300 | -7.6E-02 |       3 |  0.3536 |  1.65600 |  2.36305 |  9.276136E+07 |  8.108725E+07
    67 |     3350 | -7.7E-02 |       3 |  0.3531 |  1.65491 |  2.36848 |  9.269532E+07 |  8.108725E+07
    68 |     3400 | -7.7E-02 |       3 |  0.3531 |  1.65082 |  2.37003 |  9.269532E+07 |  8.108725E+07
    69 |     3450 | -8.5E-02 |       3 |  0.3482 |  1.64930 |  2.37495 |  9.266423E+07 |  8.108725E+07
    70 |     3500 | -8.5E-02 |       3 |  0.3482 |  1.64764 |  2.38064 |  9.266423E+07 |  8.108725E+07
    71 |     3550 | -8.5E-02 |       3 |  0.3482 |  1.64245 |  2.38143 |  9.266242E+07 |  8.108725E+07
