=================================================
n_gen  |  n_eval  |     f_avg     |     f_min    
=================================================
     1 |       50 |  3.815854E+07 |  2.551760E+07
     2 |      100 |  3.714307E+07 |  2.551760E+07
     3 |      150 |  3.613364E+07 |  2.551760E+07
     4 |      200 |  3.559985E+07 |  2.551760E+07
     5 |      250 |  3.449620E+07 |  2.551760E+07
     6 |      300 |  3.383541E+07 |  2.551760E+07
     7 |      350 |  3.310423E+07 |  2.409360E+07
     8 |      400 |  3.273919E+07 |  2.409360E+07
     9 |      450 |  3.240516E+07 |  2.409360E+07
    10 |      500 |  3.168975E+07 |  2.409360E+07
    11 |      550 |  3.138910E+07 |  2.409360E+07
    12 |      600 |  3.106507E+07 |  2.409360E+07
    13 |      650 |  3.075705E+07 |  2.409360E+07
    14 |      700 |  3.032191E+07 |  2.409360E+07
    15 |      750 |  3.010109E+07 |  2.409360E+07
    16 |      800 |  2.976528E+07 |  2.409360E+07
    17 |      850 |  2.935047E+07 |  2.056321E+07
    18 |      900 |  2.891236E+07 |  2.056321E+07
    19 |      950 |  2.873675E+07 |  2.056321E+07
    20 |     1000 |  2.836657E+07 |  2.056321E+07
    21 |     1050 |  2.815017E+07 |  2.056321E+07
    22 |     1100 |  2.793990E+07 |  2.056321E+07
    23 |     1150 |  2.770313E+07 |  2.056321E+07
    24 |     1200 |  2.737106E+07 |  2.056321E+07
    25 |     1250 |  2.724388E+07 |  2.056321E+07
    26 |     1300 |  2.709873E+07 |  2.056321E+07
    27 |     1350 |  2.673299E+07 |  2.056321E+07
    28 |     1400 |  2.652353E+07 |  2.056321E+07
    29 |     1450 |  2.630289E+07 |  1.940528E+07
    30 |     1500 |  2.608952E+07 |  1.940528E+07
    31 |     1550 |  2.573244E+07 |  1.940528E+07
    32 |     1600 |  2.549587E+07 |  1.940528E+07
    33 |     1650 |  2.527750E+07 |  1.777594E+07
    34 |     1700 |  2.503536E+07 |  1.777594E+07
    35 |     1750 |  2.476898E+07 |  1.777594E+07
    36 |     1800 |  2.467645E+07 |  1.777594E+07
    37 |     1850 |  2.438686E+07 |  1.777594E+07
    38 |     1900 |  2.419340E+07 |  1.777594E+07
    39 |     1950 |  2.393070E+07 |  1.777594E+07
    40 |     2000 |  2.386132E+07 |  1.777594E+07
    41 |     2050 |  2.359698E+07 |  1.777594E+07
    42 |     2100 |  2.335823E+07 |  1.675557E+07
    43 |     2150 |  2.277270E+07 |  1.675557E+07
    44 |     2200 |  2.265821E+07 |  1.675557E+07
    45 |     2250 |  2.246579E+07 |  1.550492E+07
    46 |     2300 |  2.218775E+07 |  1.550492E+07
    47 |     2350 |  2.179674E+07 |  1.550492E+07
    48 |     2400 |  2.169714E+07 |  1.550492E+07
    49 |     2450 |  2.161640E+07 |  1.550492E+07
    50 |     2500 |  2.123880E+07 |  1.520944E+07
    51 |     2550 |  2.103002E+07 |  1.520944E+07
    52 |     2600 |  2.092225E+07 |  1.520944E+07
    53 |     2650 |  2.076799E+07 |  1.520944E+07
    54 |     2700 |  2.069643E+07 |  1.520944E+07
    55 |     2750 |  2.055808E+07 |  1.501232E+07
    56 |     2800 |  2.032975E+07 |  1.491959E+07
    57 |     2850 |  2.027708E+07 |  1.491959E+07
    58 |     2900 |  2.001615E+07 |  1.401694E+07
    59 |     2950 |  1.986762E+07 |  1.388445E+07
    60 |     3000 |  1.980993E+07 |  1.388445E+07
    61 |     3050 |  1.980967E+07 |  1.388445E+07
    62 |     3100 |  1.961434E+07 |  1.388445E+07
    63 |     3150 |  1.937896E+07 |  1.388445E+07
    64 |     3200 |  1.926626E+07 |  1.388445E+07
    65 |     3250 |  1.908620E+07 |  1.388445E+07
    66 |     3300 |  1.899081E+07 |  1.388445E+07
    67 |     3350 |  1.883496E+07 |  1.388445E+07
    68 |     3400 |  1.871884E+07 |  1.388445E+07
    69 |     3450 |  1.856088E+07 |  1.388445E+07
    70 |     3500 |  1.850904E+07 |  1.388445E+07
    71 |     3550 |  1.835835E+07 |  1.388445E+07
    72 |     3600 |  1.823551E+07 |  1.388445E+07
    73 |     3650 |  1.815458E+07 |  1.388445E+07
    74 |     3700 |  1.806206E+07 |  1.388445E+07
    75 |     3750 |  1.792501E+07 |  1.388445E+07
    76 |     3800 |  1.786360E+07 |  1.377384E+07
    77 |     3850 |  1.768125E+07 |  1.377384E+07
    78 |     3900 |  1.763301E+07 |  1.377384E+07
    79 |     3950 |  1.757973E+07 |  1.377384E+07
    80 |     4000 |  1.749608E+07 |  1.377384E+07
    81 |     4050 |  1.747907E+07 |  1.377384E+07
    82 |     4100 |  1.743916E+07 |  1.377384E+07
    83 |     4150 |  1.740891E+07 |  1.377384E+07
    84 |     4200 |  1.740284E+07 |  1.377384E+07
    85 |     4250 |  1.730943E+07 |  1.377384E+07
    86 |     4300 |  1.730502E+07 |  1.377384E+07
    87 |     4350 |  1.726707E+07 |  1.377384E+07
    88 |     4400 |  1.721778E+07 |  1.255586E+07
    89 |     4450 |  1.719221E+07 |  1.255586E+07
    90 |     4500 |  1.711800E+07 |  1.255586E+07
    91 |     4550 |  1.711021E+07 |  1.255586E+07
    92 |     4600 |  1.706569E+07 |  1.255586E+07
    93 |     4650 |  1.701990E+07 |  1.255586E+07
    94 |     4700 |  1.696802E+07 |  1.255586E+07
    95 |     4750 |  1.692469E+07 |  1.255586E+07
    96 |     4800 |  1.689668E+07 |  1.255586E+07
    97 |     4850 |  1.679802E+07 |  1.255586E+07
    98 |     4900 |  1.671735E+07 |  1.255586E+07
    99 |     4950 |  1.655774E+07 |  1.255586E+07
   100 |     5000 |  1.653400E+07 |  1.255586E+07
