=================================================
n_gen  |  n_eval  |     f_avg     |     f_min    
=================================================
     1 |       50 |  3.540060E+07 |  2.268544E+07
     2 |      100 |  3.336993E+07 |  2.242027E+07
     3 |      150 |  3.242819E+07 |  2.242027E+07
     4 |      200 |  3.163980E+07 |  2.242027E+07
     5 |      250 |  3.075486E+07 |  2.242027E+07
     6 |      300 |  2.994234E+07 |  2.242027E+07
     7 |      350 |  2.913936E+07 |  2.160321E+07
     8 |      400 |  2.845830E+07 |  2.160321E+07
     9 |      450 |  2.790467E+07 |  2.149762E+07
    10 |      500 |  2.728060E+07 |  2.149762E+07
    11 |      550 |  2.715418E+07 |  2.149762E+07
    12 |      600 |  2.689903E+07 |  2.149762E+07
    13 |      650 |  2.654933E+07 |  2.099188E+07
    14 |      700 |  2.631757E+07 |  2.099188E+07
    15 |      750 |  2.615850E+07 |  2.099188E+07
    16 |      800 |  2.589609E+07 |  2.046934E+07
    17 |      850 |  2.576832E+07 |  2.046934E+07
    18 |      900 |  2.549019E+07 |  1.874208E+07
    19 |      950 |  2.522700E+07 |  1.874208E+07
    20 |     1000 |  2.512236E+07 |  1.867121E+07
    21 |     1050 |  2.505051E+07 |  1.867121E+07
    22 |     1100 |  2.483661E+07 |  1.867120E+07
    23 |     1150 |  2.457758E+07 |  1.867120E+07
    24 |     1200 |  2.431915E+07 |  1.867120E+07
    25 |     1250 |  2.400473E+07 |  1.867120E+07
    26 |     1300 |  2.387872E+07 |  1.867120E+07
    27 |     1350 |  2.362768E+07 |  1.867120E+07
    28 |     1400 |  2.341155E+07 |  1.831903E+07
    29 |     1450 |  2.328438E+07 |  1.658644E+07
    30 |     1500 |  2.321768E+07 |  1.658644E+07
    31 |     1550 |  2.308522E+07 |  1.658644E+07
    32 |     1600 |  2.293860E+07 |  1.658644E+07
    33 |     1650 |  2.277060E+07 |  1.658644E+07
    34 |     1700 |  2.260548E+07 |  1.658644E+07
    35 |     1750 |  2.248619E+07 |  1.658644E+07
    36 |     1800 |  2.239990E+07 |  1.658644E+07
    37 |     1850 |  2.219693E+07 |  1.658644E+07
    38 |     1900 |  2.204756E+07 |  1.604509E+07
    39 |     1950 |  2.201003E+07 |  1.604509E+07
    40 |     2000 |  2.187213E+07 |  1.604509E+07
    41 |     2050 |  2.187035E+07 |  1.604509E+07
    42 |     2100 |  2.181586E+07 |  1.604509E+07
    43 |     2150 |  2.170377E+07 |  1.604509E+07
    44 |     2200 |  2.149373E+07 |  1.604509E+07
    45 |     2250 |  2.144317E+07 |  1.604509E+07
    46 |     2300 |  2.135667E+07 |  1.604509E+07
    47 |     2350 |  2.108017E+07 |  1.604509E+07
    48 |     2400 |  2.093347E+07 |  1.604509E+07
    49 |     2450 |  2.087262E+07 |  1.604509E+07
    50 |     2500 |  2.084157E+07 |  1.604509E+07
    51 |     2550 |  2.075563E+07 |  1.493387E+07
    52 |     2600 |  2.043778E+07 |  1.279944E+07
    53 |     2650 |  2.036637E+07 |  1.279944E+07
    54 |     2700 |  2.024546E+07 |  1.279944E+07
    55 |     2750 |  2.024142E+07 |  1.279944E+07
    56 |     2800 |  2.016595E+07 |  1.279944E+07
    57 |     2850 |  2.016451E+07 |  1.279944E+07
    58 |     2900 |  2.013701E+07 |  1.279944E+07
    59 |     2950 |  1.994664E+07 |  1.279944E+07
    60 |     3000 |  1.991952E+07 |  1.279944E+07
    61 |     3050 |  1.985310E+07 |  1.279944E+07
    62 |     3100 |  1.976852E+07 |  1.279944E+07
    63 |     3150 |  1.973104E+07 |  1.279944E+07
    64 |     3200 |  1.972349E+07 |  1.279944E+07
    65 |     3250 |  1.969307E+07 |  1.279944E+07
    66 |     3300 |  1.949826E+07 |  1.277645E+07
    67 |     3350 |  1.940641E+07 |  1.277645E+07
    68 |     3400 |  1.940459E+07 |  1.277645E+07
    69 |     3450 |  1.926573E+07 |  1.217306E+07
    70 |     3500 |  1.915781E+07 |  1.217306E+07
    71 |     3550 |  1.913947E+07 |  1.217306E+07
    72 |     3600 |  1.900172E+07 |  1.217306E+07
    73 |     3650 |  1.878601E+07 |  1.217181E+07
    74 |     3700 |  1.863713E+07 |  1.217181E+07
    75 |     3750 |  1.854442E+07 |  1.217181E+07
    76 |     3800 |  1.843237E+07 |  1.209707E+07
    77 |     3850 |  1.842966E+07 |  1.209707E+07
    78 |     3900 |  1.824816E+07 |  1.178912E+07
    79 |     3950 |  1.810669E+07 |  1.178912E+07
    80 |     4000 |  1.785264E+07 |  8.481036E+06
    81 |     4050 |  1.766959E+07 |  8.481036E+06
    82 |     4100 |  1.753873E+07 |  8.481036E+06
    83 |     4150 |  1.752735E+07 |  8.481036E+06
    84 |     4200 |  1.731706E+07 |  8.481036E+06
    85 |     4250 |  1.720556E+07 |  8.481036E+06
    86 |     4300 |  1.701060E+07 |  8.481036E+06
    87 |     4350 |  1.695007E+07 |  8.481036E+06
    88 |     4400 |  1.674873E+07 |  8.481036E+06
    89 |     4450 |  1.667350E+07 |  8.481036E+06
    90 |     4500 |  1.645369E+07 |  8.481036E+06
    91 |     4550 |  1.623304E+07 |  8.481036E+06
    92 |     4600 |  1.605845E+07 |  8.481036E+06
    93 |     4650 |  1.585907E+07 |  8.481036E+06
    94 |     4700 |  1.575706E+07 |  8.481036E+06
    95 |     4750 |  1.551358E+07 |  8.481036E+06
    96 |     4800 |  1.544864E+07 |  8.481036E+06
    97 |     4850 |  1.537382E+07 |  8.481036E+06
    98 |     4900 |  1.526313E+07 |  8.481036E+06
    99 |     4950 |  1.516561E+07 |  8.481036E+06
   100 |     5000 |  1.505054E+07 |  8.481036E+06
