=================================================
n_gen  |  n_eval  |     f_avg     |     f_min    
=================================================
     1 |       50 |  1.186488E+08 |  1.000921E+08
     2 |      100 |  1.110877E+08 |  9.703196E+07
     3 |      150 |  1.075939E+08 |  9.390909E+07
     4 |      200 |  1.051351E+08 |  9.390909E+07
     5 |      250 |  1.042482E+08 |  9.390909E+07
     6 |      300 |  1.036680E+08 |  9.390909E+07
     7 |      350 |  1.030770E+08 |  9.390909E+07
     8 |      400 |  1.023126E+08 |  9.390909E+07
     9 |      450 |  1.019638E+08 |  9.390909E+07
    10 |      500 |  1.011807E+08 |  9.390909E+07
    11 |      550 |  1.009798E+08 |  9.390909E+07
    12 |      600 |  1.005882E+08 |  9.390909E+07
    13 |      650 |  1.002594E+08 |  9.390909E+07
    14 |      700 |  9.978660E+07 |  9.093295E+07
    15 |      750 |  9.963029E+07 |  9.093295E+07
    16 |      800 |  9.958226E+07 |  9.093295E+07
    17 |      850 |  9.934182E+07 |  9.093295E+07
    18 |      900 |  9.926825E+07 |  9.093295E+07
    19 |      950 |  9.918878E+07 |  9.093295E+07
    20 |     1000 |  9.895999E+07 |  9.093295E+07
    21 |     1050 |  9.868410E+07 |  9.093295E+07
    22 |     1100 |  9.839834E+07 |  9.093295E+07
