======================================================================================================
n_gen  |  n_eval  |    f     |    S    |    w    |    c1    |    c2    |     f_avg     |     f_min    
======================================================================================================
     1 |       50 |        - |       - |  0.9000 |  2.00000 |  2.00000 |  4.261678E+07 |  2.868737E+07
     2 |      100 |  0.18497 |       3 |  0.5189 |  2.00000 |  2.02122 |  3.679639E+07 |  2.868737E+07
     3 |      150 |  0.07862 |       3 |  0.4499 |  1.98966 |  2.03601 |  3.494686E+07 |  2.868737E+07
     4 |      200 |  0.06424 |       3 |  0.4407 |  1.97739 |  2.04728 |  3.413284E+07 |  2.857176E+07
     5 |      250 |  0.25626 |       2 |  0.5648 |  1.99098 |  2.01516 |  3.365202E+07 |  2.857176E+07
     6 |      300 |  0.33024 |       2 |  0.6114 |  2.01664 |  1.98490 |  3.358720E+07 |  2.857176E+07
     7 |      350 |  0.31541 |       2 |  0.6022 |  2.06277 |  1.93761 |  3.336649E+07 |  2.857176E+07
     8 |      400 |  0.25033 |       2 |  0.5610 |  2.10923 |  1.89086 |  3.322332E+07 |  2.857176E+07
     9 |      450 |  0.24227 |       2 |  0.5559 |  2.14882 |  1.85120 |  3.301842E+07 |  2.857176E+07
    10 |      500 |  0.13988 |       3 |  0.4896 |  2.14545 |  1.87728 |  3.291473E+07 |  2.857176E+07
    11 |      550 |  0.12542 |       3 |  0.4802 |  2.13159 |  1.88708 |  3.268978E+07 |  2.857176E+07
    12 |      600 |  0.10634 |       3 |  0.4678 |  2.12009 |  1.89774 |  3.257672E+07 |  2.857176E+07
    13 |      650 |  0.12176 |       3 |  0.4778 |  2.10878 |  1.91300 |  3.236826E+07 |  2.857176E+07
    14 |      700 |  0.09965 |       3 |  0.4635 |  2.09574 |  1.92642 |  3.225341E+07 |  2.857176E+07
    15 |      750 |  0.09117 |       3 |  0.4580 |  2.08231 |  1.94577 |  3.218963E+07 |  2.857176E+07
    16 |      800 |  0.11095 |       3 |  0.4708 |  2.06649 |  1.95993 |  3.215207E+07 |  2.857176E+07
    17 |      850 |  0.12981 |       3 |  0.4830 |  2.05178 |  1.97676 |  3.214412E+07 |  2.857176E+07
    18 |      900 |  0.14746 |       3 |  0.4945 |  2.03657 |  1.98890 |  3.205651E+07 |  2.857176E+07
    19 |      950 |  0.15044 |       3 |  0.4964 |  2.02333 |  1.99803 |  3.200636E+07 |  2.857176E+07
    20 |     1000 |  0.13496 |       3 |  0.4864 |  2.01237 |  2.00969 |  3.188428E+07 |  2.857176E+07
    21 |     1050 |  0.13497 |       3 |  0.4864 |  2.00131 |  2.02006 |  3.187675E+07 |  2.857176E+07
    22 |     1100 |  0.13744 |       3 |  0.4880 |  1.99084 |  2.03228 |  3.180763E+07 |  2.857176E+07
    23 |     1150 |  0.12232 |       3 |  0.4782 |  1.97966 |  2.03896 |  3.174985E+07 |  2.857176E+07
    24 |     1200 |  0.12232 |       3 |  0.4782 |  1.97109 |  2.05404 |  3.174985E+07 |  2.857176E+07
    25 |     1250 |  0.10345 |       3 |  0.4659 |  1.95959 |  2.06641 |  3.167532E+07 |  2.857176E+07
    26 |     1300 |  0.11781 |       3 |  0.4752 |  1.94811 |  2.08082 |  3.158230E+07 |  2.853692E+07
    27 |     1350 |  0.13118 |       3 |  0.4839 |  1.93563 |  2.09467 |  3.137918E+07 |  2.818285E+07
    28 |     1400 |  0.01274 |       3 |  0.4080 |  1.92291 |  2.10808 |  3.136070E+07 |  2.818285E+07
    29 |     1450 |  0.00598 |       3 |  0.4037 |  1.90983 |  2.11647 |  3.134472E+07 |  2.818285E+07
    30 |     1500 |  0.01560 |       3 |  0.4098 |  1.89902 |  2.12383 |  3.128554E+07 |  2.818285E+07
    31 |     1550 | -2.1E-02 |       3 |  0.3870 |  1.89080 |  2.13800 |  3.125569E+07 |  2.818285E+07
    32 |     1600 | -3.3E-02 |       3 |  0.3796 |  1.87946 |  2.14553 |  3.119843E+07 |  2.818285E+07
    33 |     1650 | -4.2E-02 |       3 |  0.3740 |  1.87073 |  2.15779 |  3.112667E+07 |  2.818285E+07
    34 |     1700 | -4.2E-02 |       3 |  0.3742 |  1.86023 |  2.16615 |  3.109629E+07 |  2.818285E+07
    35 |     1750 |  0.00153 |       3 |  0.4010 |  1.85066 |  2.17315 |  3.098214E+07 |  2.795426E+07
    36 |     1800 |  0.12057 |       3 |  0.4770 |  1.84236 |  2.18009 |  3.085770E+07 |  2.795426E+07
    37 |     1850 |  0.16070 |       3 |  0.5031 |  1.83528 |  2.18938 |  3.068333E+07 |  2.795426E+07
    38 |     1900 |  0.16070 |       3 |  0.5031 |  1.82761 |  2.19886 |  3.068333E+07 |  2.795426E+07
    39 |     1950 |  0.16134 |       3 |  0.5035 |  1.81998 |  2.21037 |  3.061857E+07 |  2.795426E+07
    40 |     2000 |  0.13637 |       3 |  0.4873 |  1.80922 |  2.21342 |  3.061102E+07 |  2.795426E+07
    41 |     2050 |  0.12946 |       3 |  0.4828 |  1.80213 |  2.21881 |  3.058430E+07 |  2.786892E+07
    42 |     2100 |  0.26207 |       2 |  0.5685 |  1.81848 |  2.18670 |  3.053377E+07 |  2.786892E+07
    43 |     2150 |  0.26207 |       2 |  0.5685 |  1.85342 |  2.14787 |  3.053377E+07 |  2.786892E+07
    44 |     2200 |  0.26687 |       2 |  0.5716 |  1.89851 |  2.10181 |  3.052032E+07 |  2.786892E+07
    45 |     2250 |  0.26687 |       2 |  0.5716 |  1.93244 |  2.06764 |  3.052032E+07 |  2.786892E+07
    46 |     2300 |  0.26760 |       2 |  0.5721 |  1.98141 |  2.01861 |  3.052014E+07 |  2.786892E+07
    47 |     2350 |  0.24338 |       2 |  0.5566 |  2.02260 |  1.97740 |  3.041867E+07 |  2.786892E+07
    48 |     2400 |  0.24506 |       2 |  0.5577 |  2.05584 |  1.94416 |  3.041560E+07 |  2.786892E+07
    49 |     2450 |  0.23642 |       2 |  0.5521 |  2.08111 |  1.91889 |  3.037343E+07 |  2.786892E+07
    50 |     2500 |  0.22601 |       3 |  0.5454 |  2.07943 |  1.94144 |  3.032709E+07 |  2.786892E+07
    51 |     2550 |  0.22009 |       3 |  0.5416 |  2.06703 |  1.96192 |  3.032192E+07 |  2.786892E+07
    52 |     2600 |  0.21658 |       3 |  0.5393 |  2.05119 |  1.97507 |  3.032173E+07 |  2.786892E+07
    53 |     2650 |  0.21658 |       3 |  0.5393 |  2.03721 |  1.98550 |  3.032173E+07 |  2.786892E+07
    54 |     2700 |  0.20396 |       3 |  0.5312 |  2.02529 |  1.99696 |  3.026919E+07 |  2.786892E+07
    55 |     2750 |  0.20269 |       3 |  0.5303 |  2.01383 |  2.01039 |  3.026405E+07 |  2.786892E+07
    56 |     2800 |  0.19589 |       3 |  0.5259 |  2.00168 |  2.02065 |  3.026148E+07 |  2.786892E+07
    57 |     2850 |  0.18108 |       3 |  0.5163 |  1.99074 |  2.03356 |  3.019051E+07 |  2.786892E+07
    58 |     2900 |  0.17550 |       3 |  0.5127 |  1.97910 |  2.04496 |  3.015413E+07 |  2.786892E+07
    59 |     2950 |  0.15804 |       3 |  0.5014 |  1.96784 |  2.05579 |  3.008389E+07 |  2.786892E+07
    60 |     3000 |  0.15707 |       3 |  0.5007 |  1.95697 |  2.06479 |  3.006976E+07 |  2.786892E+07
    61 |     3050 |  0.15707 |       3 |  0.5007 |  1.94764 |  2.08149 |  3.006976E+07 |  2.786892E+07
    62 |     3100 |  0.15183 |       3 |  0.4973 |  1.93487 |  2.09237 |  3.006443E+07 |  2.786892E+07
    63 |     3150 |  0.15495 |       3 |  0.4994 |  1.92293 |  2.09854 |  3.006251E+07 |  2.786892E+07
    64 |     3200 |  0.14422 |       3 |  0.4924 |  1.91477 |  2.11494 |  3.000814E+07 |  2.786892E+07
    65 |     3250 |  0.13951 |       3 |  0.4893 |  1.90299 |  2.12810 |  2.995149E+07 |  2.786892E+07
    66 |     3300 |  0.12737 |       3 |  0.4814 |  1.89054 |  2.13721 |  2.987226E+07 |  2.786892E+07
    67 |     3350 |  0.11195 |       3 |  0.4714 |  1.87915 |  2.14113 |  2.979013E+07 |  2.786892E+07
    68 |     3400 |  0.11013 |       3 |  0.4703 |  1.87154 |  2.14788 |  2.978755E+07 |  2.786892E+07
    69 |     3450 |  0.10846 |       3 |  0.4692 |  1.86559 |  2.16187 |  2.978406E+07 |  2.786892E+07
    70 |     3500 |  0.09975 |       3 |  0.4635 |  1.85572 |  2.17051 |  2.975717E+07 |  2.786892E+07
    71 |     3550 |  0.09975 |       3 |  0.4635 |  1.84721 |  2.18229 |  2.975717E+07 |  2.786892E+07
