======================================================================================================
n_gen  |  n_eval  |    f     |    S    |    w    |    c1    |    c2    |     f_avg     |     f_min    
======================================================================================================
     1 |       50 |        - |       - |  0.9000 |  2.00000 |  2.00000 |  3.925623E+07 |  2.862756E+07
     2 |      100 |  0.45303 |       2 |  0.6840 |  2.04727 |  1.95273 |  3.300314E+07 |  2.510340E+07
     3 |      150 |  0.43546 |       2 |  0.6741 |  2.08326 |  1.91674 |  3.165001E+07 |  2.510340E+07
     4 |      200 |  0.33511 |       2 |  0.6144 |  2.11421 |  1.88579 |  3.051151E+07 |  2.510340E+07
     5 |      250 |  0.32434 |       2 |  0.6077 |  2.15002 |  1.84998 |  3.013453E+07 |  2.508017E+07
     6 |      300 |  0.17162 |       3 |  0.5102 |  2.14758 |  1.86871 |  3.004891E+07 |  2.508017E+07
     7 |      350 |  0.14244 |       3 |  0.4912 |  2.13652 |  1.88455 |  2.967622E+07 |  2.508017E+07
     8 |      400 |  0.03606 |       3 |  0.4227 |  2.12314 |  1.89960 |  2.932068E+07 |  2.508017E+07
     9 |      450 |  0.05743 |       3 |  0.4363 |  2.10921 |  1.91386 |  2.924841E+07 |  2.508017E+07
    10 |      500 |  0.03815 |       3 |  0.4240 |  2.09538 |  1.92844 |  2.923695E+07 |  2.508017E+07
    11 |      550 |  0.04751 |       3 |  0.4300 |  2.08149 |  1.94251 |  2.915718E+07 |  2.508017E+07
    12 |      600 |  0.04751 |       3 |  0.4300 |  2.06796 |  1.95429 |  2.915718E+07 |  2.508017E+07
    13 |      650 |  0.04748 |       3 |  0.4300 |  2.05535 |  1.97113 |  2.915599E+07 |  2.508017E+07
    14 |      700 |  0.07907 |       3 |  0.4502 |  2.04103 |  1.98506 |  2.900445E+07 |  2.508017E+07
    15 |      750 |  0.06095 |       3 |  0.4386 |  2.02740 |  1.99349 |  2.900219E+07 |  2.508017E+07
    16 |      800 |  0.07655 |       3 |  0.4486 |  2.01650 |  2.01081 |  2.893329E+07 |  2.508017E+07
    17 |      850 |  0.07932 |       3 |  0.4504 |  2.00277 |  2.02235 |  2.892476E+07 |  2.508017E+07
    18 |      900 |  0.06891 |       3 |  0.4437 |  1.99048 |  2.03706 |  2.892288E+07 |  2.508017E+07
    19 |      950 |  0.17221 |       3 |  0.5106 |  1.97732 |  2.04936 |  2.884080E+07 |  2.508017E+07
    20 |     1000 |  0.17221 |       3 |  0.5106 |  1.96506 |  2.06538 |  2.884080E+07 |  2.508017E+07
    21 |     1050 |  0.17376 |       3 |  0.5116 |  1.95089 |  2.07014 |  2.875050E+07 |  2.508017E+07
    22 |     1100 |  0.16988 |       3 |  0.5091 |  1.94183 |  2.08278 |  2.874813E+07 |  2.508017E+07
    23 |     1150 |  0.16988 |       3 |  0.5091 |  1.93111 |  2.09170 |  2.874813E+07 |  2.508017E+07
    24 |     1200 |  0.16988 |       3 |  0.5091 |  1.92152 |  2.10127 |  2.874813E+07 |  2.508017E+07
    25 |     1250 |  0.19635 |       3 |  0.5262 |  1.91274 |  2.11674 |  2.874661E+07 |  2.508017E+07
    26 |     1300 |  0.18619 |       3 |  0.5196 |  1.90009 |  2.12052 |  2.874282E+07 |  2.508017E+07
    27 |     1350 |  0.18473 |       3 |  0.5187 |  1.89262 |  2.13340 |  2.873495E+07 |  2.508017E+07
    28 |     1400 |  0.17720 |       3 |  0.5138 |  1.88225 |  2.13983 |  2.865954E+07 |  2.508017E+07
    29 |     1450 |  0.17817 |       3 |  0.5144 |  1.87451 |  2.15132 |  2.857619E+07 |  2.472385E+07
    30 |     1500 |  0.37994 |       2 |  0.6416 |  1.88887 |  2.11755 |  2.856456E+07 |  2.472385E+07
    31 |     1550 |  0.36335 |       2 |  0.6316 |  1.91368 |  2.08791 |  2.856370E+07 |  2.472385E+07
    32 |     1600 |  0.36335 |       2 |  0.6316 |  1.96172 |  2.03868 |  2.856370E+07 |  2.472385E+07
    33 |     1650 |  0.33732 |       2 |  0.6158 |  2.00725 |  1.99285 |  2.856183E+07 |  2.472385E+07
    34 |     1700 |  0.32400 |       2 |  0.6075 |  2.04887 |  1.95115 |  2.856179E+07 |  2.472385E+07
    35 |     1750 |  0.32879 |       2 |  0.6105 |  2.08874 |  1.91126 |  2.855816E+07 |  2.472385E+07
    36 |     1800 |  0.32879 |       2 |  0.6105 |  2.11584 |  1.88416 |  2.855816E+07 |  2.472385E+07
    37 |     1850 |  0.31876 |       2 |  0.6043 |  2.15390 |  1.84610 |  2.855484E+07 |  2.472385E+07
    38 |     1900 |  0.31876 |       2 |  0.6043 |  2.19614 |  1.80386 |  2.855484E+07 |  2.472385E+07
    39 |     1950 |  0.27492 |       2 |  0.5767 |  2.23556 |  1.76444 |  2.854800E+07 |  2.472385E+07
    40 |     2000 |  0.26726 |       2 |  0.5719 |  2.27833 |  1.72167 |  2.847515E+07 |  2.472385E+07
    41 |     2050 |  0.26055 |       2 |  0.5676 |  2.32091 |  1.67909 |  2.847165E+07 |  2.472385E+07
    42 |     2100 |  0.25901 |       2 |  0.5666 |  2.36817 |  1.63183 |  2.847149E+07 |  2.472385E+07
    43 |     2150 |  0.24015 |       2 |  0.5545 |  2.39595 |  1.60405 |  2.846513E+07 |  2.472385E+07
    44 |     2200 |  0.22186 |       3 |  0.5427 |  2.38772 |  1.63253 |  2.845674E+07 |  2.472385E+07
    45 |     2250 |  0.22186 |       3 |  0.5427 |  2.36788 |  1.65735 |  2.845674E+07 |  2.472385E+07
    46 |     2300 |  0.22186 |       3 |  0.5427 |  2.34668 |  1.67710 |  2.845674E+07 |  2.472385E+07
    47 |     2350 |  0.22186 |       3 |  0.5427 |  2.32608 |  1.69964 |  2.845674E+07 |  2.472385E+07
    48 |     2400 |  0.22186 |       3 |  0.5427 |  2.30670 |  1.71388 |  2.845674E+07 |  2.472385E+07
    49 |     2450 |  0.22186 |       3 |  0.5427 |  2.28948 |  1.73370 |  2.845674E+07 |  2.472385E+07
    50 |     2500 |  0.22186 |       3 |  0.5427 |  2.27247 |  1.74689 |  2.845674E+07 |  2.472385E+07
    51 |     2550 |  0.20758 |       3 |  0.5335 |  2.25661 |  1.76685 |  2.844950E+07 |  2.472385E+07
    52 |     2600 |  0.19391 |       3 |  0.5247 |  2.23867 |  1.78667 |  2.843814E+07 |  2.472385E+07
    53 |     2650 |  0.18808 |       3 |  0.5209 |  2.22044 |  1.80419 |  2.843693E+07 |  2.472385E+07
    54 |     2700 |  0.18808 |       3 |  0.5209 |  2.20195 |  1.82792 |  2.843693E+07 |  2.472385E+07
    55 |     2750 |  0.18679 |       3 |  0.5200 |  2.18285 |  1.83953 |  2.843636E+07 |  2.472385E+07
    56 |     2800 |  0.17312 |       3 |  0.5112 |  2.16718 |  1.85910 |  2.843579E+07 |  2.472385E+07
    57 |     2850 |  0.16484 |       3 |  0.5058 |  2.15065 |  1.87152 |  2.842885E+07 |  2.472385E+07
    58 |     2900 |  0.14788 |       3 |  0.4948 |  2.13645 |  1.88602 |  2.842873E+07 |  2.472385E+07
    59 |     2950 |  0.14788 |       3 |  0.4948 |  2.12161 |  1.90753 |  2.842873E+07 |  2.472385E+07
