======================================================================================================
n_gen  |  n_eval  |    f     |    S    |    w    |    c1    |    c2    |     f_avg     |     f_min    
======================================================================================================
     1 |       50 |        - |       - |  0.9000 |  2.00000 |  2.00000 |  4.506932E+07 |  3.482837E+07
     2 |      100 |  0.19466 |       3 |  0.5251 |  2.00000 |  2.02336 |  3.879775E+07 |  2.635009E+07
     3 |      150 |  0.05155 |       3 |  0.4326 |  1.98866 |  2.04090 |  3.366409E+07 |  2.543443E+07
     4 |      200 |  0.02030 |       3 |  0.4127 |  1.97460 |  2.05348 |  3.149410E+07 |  2.529991E+07
     5 |      250 |  0.15096 |       3 |  0.4968 |  1.96166 |  2.06662 |  3.051032E+07 |  2.334794E+07
     6 |      300 |  0.08870 |       3 |  0.4564 |  1.94873 |  2.07455 |  2.927705E+07 |  2.202715E+07
     7 |      350 |  0.04399 |       3 |  0.4277 |  1.93846 |  2.08362 |  2.853338E+07 |  2.189047E+07
     8 |      400 |  0.12572 |       3 |  0.4804 |  1.92932 |  2.09710 |  2.739658E+07 |  2.189047E+07
     9 |      450 |  0.11587 |       3 |  0.4740 |  1.91828 |  2.10789 |  2.722243E+07 |  2.189047E+07
    10 |      500 |  0.09734 |       3 |  0.4620 |  1.90725 |  2.11465 |  2.666251E+07 |  2.189047E+07
    11 |      550 |  0.10719 |       3 |  0.4683 |  1.89925 |  2.12951 |  2.600955E+07 |  2.189047E+07
    12 |      600 | -5.3E-03 |       3 |  0.3967 |  1.88715 |  2.13276 |  2.564176E+07 |  2.189047E+07
    13 |      650 |  0.00174 |       3 |  0.4011 |  1.88025 |  2.14488 |  2.547165E+07 |  2.189047E+07
    14 |      700 | -1.6E-02 |       3 |  0.3899 |  1.87117 |  2.15538 |  2.535798E+07 |  2.189047E+07
    15 |      750 | -6.2E-03 |       3 |  0.3961 |  1.86083 |  2.15992 |  2.520380E+07 |  2.189047E+07
    16 |      800 |  0.00769 |       3 |  0.4048 |  1.85340 |  2.16635 |  2.510822E+07 |  2.189047E+07
    17 |      850 |  0.03335 |       3 |  0.4210 |  1.84801 |  2.18086 |  2.479087E+07 |  2.182121E+07
    18 |      900 |  0.43772 |       2 |  0.6754 |  1.87822 |  2.12894 |  2.457778E+07 |  2.182121E+07
    19 |      950 |  0.37855 |       2 |  0.6408 |  1.91802 |  2.08376 |  2.454091E+07 |  2.182121E+07
    20 |     1000 |  0.37140 |       2 |  0.6365 |  1.94249 |  2.05796 |  2.450665E+07 |  2.182121E+07
    21 |     1050 |  0.34674 |       2 |  0.6215 |  1.97013 |  2.02998 |  2.439839E+07 |  2.182121E+07
    22 |     1100 |  0.24737 |       2 |  0.5591 |  2.00142 |  1.99861 |  2.428992E+07 |  2.182121E+07
    23 |     1150 |  0.20048 |       3 |  0.5289 |  2.00138 |  2.01715 |  2.422314E+07 |  2.182121E+07
    24 |     1200 |  0.23819 |       2 |  0.5533 |  2.02181 |  1.98281 |  2.420463E+07 |  2.182121E+07
    25 |     1250 |  0.23433 |       2 |  0.5508 |  2.04587 |  1.95529 |  2.419524E+07 |  2.182121E+07
    26 |     1300 |  0.20133 |       3 |  0.5295 |  2.04446 |  1.97402 |  2.401599E+07 |  2.182121E+07
    27 |     1350 |  0.19216 |       3 |  0.5235 |  2.03446 |  1.98752 |  2.401261E+07 |  2.182121E+07
    28 |     1400 |  0.17328 |       3 |  0.5113 |  2.02305 |  1.99506 |  2.394154E+07 |  2.182121E+07
    29 |     1450 |  0.16320 |       3 |  0.5047 |  2.01364 |  2.01193 |  2.393747E+07 |  2.182121E+07
    30 |     1500 |  0.15161 |       3 |  0.4972 |  2.00083 |  2.02727 |  2.392394E+07 |  2.172311E+07
    31 |     1550 |  0.29428 |       2 |  0.5890 |  2.03293 |  1.97407 |  2.392394E+07 |  2.172311E+07
    32 |     1600 |  0.29065 |       2 |  0.5867 |  2.06659 |  1.93515 |  2.390352E+07 |  2.164663E+07
    33 |     1650 | -4.1E-02 |       3 |  0.3747 |  2.06454 |  1.95357 |  2.385947E+07 |  2.164663E+07
    34 |     1700 | -4.0E-02 |       3 |  0.3751 |  2.05449 |  1.96356 |  2.383290E+07 |  2.164663E+07
    35 |     1750 | -4.0E-02 |       3 |  0.3753 |  2.04467 |  1.97291 |  2.373101E+07 |  2.164663E+07
    36 |     1800 | -3.9E-02 |       3 |  0.3757 |  2.03489 |  1.99304 |  2.360171E+07 |  2.164663E+07
    37 |     1850 | -3.5E-02 |       3 |  0.3786 |  2.02049 |  2.00041 |  2.357068E+07 |  2.150189E+07
    38 |     1900 |  0.81717 |       4 |  0.8480 |  1.95868 |  2.04653 |  2.355958E+07 |  2.148499E+07
    39 |     1950 |  0.80578 |       4 |  0.8442 |  1.90059 |  2.10071 |  2.355958E+07 |  2.148499E+07
    40 |     2000 |  0.80578 |       4 |  0.8442 |  1.84137 |  2.15896 |  2.355958E+07 |  2.148499E+07
    41 |     2050 |  0.82065 |       4 |  0.8492 |  1.78149 |  2.21859 |  2.355808E+07 |  2.148401E+07
    42 |     2100 |  0.83940 |       4 |  0.8553 |  1.68477 |  2.31525 |  2.355306E+07 |  2.147212E+07
    43 |     2150 |  0.36993 |       2 |  0.6356 |  1.73083 |  2.26917 |  2.353720E+07 |  2.147212E+07
    44 |     2200 |  0.33945 |       2 |  0.6171 |  1.77356 |  2.22644 |  2.352291E+07 |  2.147212E+07
    45 |     2250 |  0.33945 |       2 |  0.6171 |  1.80933 |  2.19067 |  2.352291E+07 |  2.147212E+07
    46 |     2300 |  0.33166 |       2 |  0.6123 |  1.83458 |  2.16542 |  2.350742E+07 |  2.147212E+07
    47 |     2350 |  0.33166 |       2 |  0.6123 |  1.87658 |  2.12342 |  2.350742E+07 |  2.147212E+07
    48 |     2400 |  0.33166 |       2 |  0.6123 |  1.91419 |  2.08581 |  2.350742E+07 |  2.147212E+07
    49 |     2450 |  0.29336 |       2 |  0.5884 |  1.96253 |  2.03747 |  2.350289E+07 |  2.147212E+07
    50 |     2500 |  0.27605 |       2 |  0.5774 |  2.01199 |  1.98801 |  2.341453E+07 |  2.147212E+07
    51 |     2550 |  0.25450 |       2 |  0.5637 |  2.04705 |  1.95295 |  2.340334E+07 |  2.147212E+07
    52 |     2600 |  0.25450 |       2 |  0.5637 |  2.07656 |  1.92344 |  2.340334E+07 |  2.147212E+07
    53 |     2650 |  0.25450 |       2 |  0.5637 |  2.12136 |  1.87864 |  2.340334E+07 |  2.147212E+07
    54 |     2700 |  0.24598 |       2 |  0.5583 |  2.16271 |  1.83729 |  2.338827E+07 |  2.147212E+07
    55 |     2750 |  0.25189 |       2 |  0.5620 |  2.19533 |  1.80467 |  2.338745E+07 |  2.147212E+07
    56 |     2800 |  0.25189 |       2 |  0.5620 |  2.23034 |  1.76966 |  2.338745E+07 |  2.147212E+07
    57 |     2850 |  0.25189 |       2 |  0.5620 |  2.25873 |  1.74127 |  2.338745E+07 |  2.147212E+07
    58 |     2900 |  0.22210 |       3 |  0.5429 |  2.25362 |  1.76600 |  2.334457E+07 |  2.147212E+07
    59 |     2950 |  0.21753 |       3 |  0.5399 |  2.23919 |  1.77971 |  2.334063E+07 |  2.147212E+07
    60 |     3000 |  0.20887 |       3 |  0.5343 |  2.22350 |  1.80372 |  2.329455E+07 |  2.053489E+07
    61 |     3050 |  0.59981 |       1 |  0.7602 |  2.27132 |  1.73534 |  2.325304E+07 |  2.053489E+07
    62 |     3100 |  0.57998 |       1 |  0.7507 |  2.35209 |  1.64952 |  2.323914E+07 |  2.053489E+07
    63 |     3150 |  0.55975 |       1 |  0.7408 |  2.44889 |  1.55149 |  2.317182E+07 |  2.053489E+07
    64 |     3200 |  0.56908 |       1 |  0.7454 |  2.50000 |  1.50000 |  2.315156E+07 |  2.053489E+07
    65 |     3250 |  0.56908 |       1 |  0.7454 |  2.50000 |  1.50000 |  2.315156E+07 |  2.053489E+07
    66 |     3300 |  0.52117 |       1 |  0.7210 |  2.50000 |  1.50000 |  2.314181E+07 |  2.053489E+07
    67 |     3350 |  0.50132 |       1 |  0.7105 |  2.50000 |  1.50000 |  2.312800E+07 |  2.053489E+07
    68 |     3400 |  0.48109 |       2 |  0.6996 |  2.50000 |  1.50000 |  2.311436E+07 |  2.053489E+07
    69 |     3450 |  0.48109 |       2 |  0.6996 |  2.50000 |  1.50000 |  2.311436E+07 |  2.053489E+07
    70 |     3500 |  0.46174 |       2 |  0.6889 |  2.50000 |  1.50000 |  2.308657E+07 |  2.053489E+07
    71 |     3550 |  0.46174 |       2 |  0.6889 |  2.50000 |  1.50000 |  2.308657E+07 |  2.053489E+07
    72 |     3600 |  0.45281 |       2 |  0.6839 |  2.50000 |  1.50000 |  2.308600E+07 |  2.053489E+07
    73 |     3650 |  0.45281 |       2 |  0.6839 |  2.50000 |  1.50000 |  2.308600E+07 |  2.053489E+07
    74 |     3700 |  0.41258 |       2 |  0.6609 |  2.50000 |  1.50000 |  2.304193E+07 |  2.053489E+07
    75 |     3750 |  0.41258 |       2 |  0.6609 |  2.50000 |  1.50000 |  2.304193E+07 |  2.053489E+07
    76 |     3800 |  0.41258 |       2 |  0.6609 |  2.50000 |  1.50000 |  2.304193E+07 |  2.053489E+07
    77 |     3850 |  0.38866 |       2 |  0.6468 |  2.50000 |  1.50000 |  2.294391E+07 |  2.053489E+07
    78 |     3900 |  0.38866 |       2 |  0.6468 |  2.50000 |  1.50000 |  2.294391E+07 |  2.053489E+07
    79 |     3950 |  0.38866 |       2 |  0.6468 |  2.50000 |  1.50000 |  2.294391E+07 |  2.053489E+07
    80 |     4000 |  0.38866 |       2 |  0.6468 |  2.50000 |  1.50000 |  2.294391E+07 |  2.053489E+07
    81 |     4050 |  0.35637 |       2 |  0.6274 |  2.50000 |  1.50000 |  2.292432E+07 |  2.053489E+07
    82 |     4100 |  0.35637 |       2 |  0.6274 |  2.50000 |  1.50000 |  2.292432E+07 |  2.053489E+07
    83 |     4150 |  0.35637 |       2 |  0.6274 |  2.50000 |  1.50000 |  2.292432E+07 |  2.053489E+07
    84 |     4200 |  0.37217 |       2 |  0.6370 |  2.50000 |  1.50000 |  2.290409E+07 |  2.053489E+07
    85 |     4250 |  0.37217 |       2 |  0.6370 |  2.50000 |  1.50000 |  2.290409E+07 |  2.053489E+07
    86 |     4300 |  0.36331 |       2 |  0.6316 |  2.50000 |  1.50000 |  2.288774E+07 |  2.053489E+07
    87 |     4350 |  0.40482 |       2 |  0.6563 |  2.50000 |  1.50000 |  2.288155E+07 |  2.053489E+07
    88 |     4400 |  0.40482 |       2 |  0.6563 |  2.50000 |  1.50000 |  2.288155E+07 |  2.053489E+07
    89 |     4450 |  0.40256 |       2 |  0.6550 |  2.50000 |  1.50000 |  2.286579E+07 |  2.053489E+07
    90 |     4500 |  0.40256 |       2 |  0.6550 |  2.50000 |  1.50000 |  2.286579E+07 |  2.053489E+07
