======================================================================================================
n_gen  |  n_eval  |    f     |    S    |    w    |    c1    |    c2    |     f_avg     |     f_min    
======================================================================================================
     1 |       50 |        - |       - |  0.9000 |  2.00000 |  2.00000 |  9.297178E+07 |  8.045352E+07
     2 |      100 |  0.08438 |       3 |  0.4536 |  2.00000 |  2.02313 |  8.550783E+07 |  7.371894E+07
     3 |      150 |  0.11271 |       3 |  0.4719 |  1.98872 |  2.03576 |  8.122297E+07 |  6.531287E+07
     4 |      200 | -1.8E-02 |       3 |  0.3886 |  1.97714 |  2.05139 |  7.714726E+07 |  6.391162E+07
     5 |      250 | -1.9E-02 |       3 |  0.3882 |  1.96375 |  2.06006 |  7.551283E+07 |  6.391162E+07
     6 |      300 | -1.6E-02 |       3 |  0.3903 |  1.95285 |  2.06834 |  7.379930E+07 |  5.848923E+07
     7 |      350 | -1.1E-02 |       3 |  0.3930 |  1.94356 |  2.07921 |  7.225526E+07 |  5.848923E+07
     8 |      400 | -1.2E-02 |       3 |  0.3928 |  1.93407 |  2.09418 |  7.081639E+07 |  5.848923E+07
     9 |      450 | -1.0E-02 |       3 |  0.3937 |  1.92174 |  2.10090 |  6.984124E+07 |  5.848923E+07
    10 |      500 | -9.1E-03 |       3 |  0.3943 |  1.91262 |  2.11219 |  6.889146E+07 |  5.848923E+07
    11 |      550 | -7.9E-03 |       3 |  0.3951 |  1.90312 |  2.12635 |  6.797982E+07 |  5.848923E+07
    12 |      600 | -7.4E-03 |       3 |  0.3954 |  1.89114 |  2.13374 |  6.746300E+07 |  5.561617E+07
    13 |      650 |  0.01261 |       3 |  0.4079 |  1.88215 |  2.14659 |  6.680741E+07 |  5.561617E+07
    14 |      700 |  0.00478 |       3 |  0.4030 |  1.87072 |  2.15166 |  6.644833E+07 |  5.561617E+07
    15 |      750 | -2.2E-03 |       3 |  0.3986 |  1.86309 |  2.16242 |  6.553284E+07 |  5.151703E+07
    16 |      800 | -6.6E-03 |       3 |  0.3959 |  1.85420 |  2.17183 |  6.490143E+07 |  5.151703E+07
    17 |      850 | -5.9E-03 |       3 |  0.3963 |  1.84466 |  2.17732 |  6.380850E+07 |  5.151703E+07
    18 |      900 | -5.5E-03 |       3 |  0.3966 |  1.83859 |  2.19118 |  6.305353E+07 |  5.151703E+07
    19 |      950 | -5.3E-03 |       3 |  0.3967 |  1.82819 |  2.19737 |  6.221820E+07 |  5.151703E+07
    20 |     1000 | -5.1E-03 |       3 |  0.3968 |  1.82006 |  2.20524 |  6.176414E+07 |  5.151703E+07
    21 |     1050 | -4.9E-03 |       3 |  0.3970 |  1.81310 |  2.21656 |  6.118047E+07 |  5.041325E+07
    22 |     1100 |  0.02026 |       3 |  0.4127 |  1.80406 |  2.22474 |  6.082162E+07 |  5.041325E+07
    23 |     1150 |  0.00150 |       3 |  0.4009 |  1.79543 |  2.23208 |  6.007696E+07 |  4.977534E+07
    24 |     1200 |  0.00431 |       3 |  0.4027 |  1.78587 |  2.23327 |  5.970695E+07 |  4.977534E+07
    25 |     1250 |  0.00372 |       3 |  0.4023 |  1.78043 |  2.23797 |  5.908181E+07 |  4.924495E+07
    26 |     1300 |  0.00262 |       3 |  0.4016 |  1.77770 |  2.25058 |  5.870251E+07 |  4.924495E+07
    27 |     1350 |  0.00238 |       3 |  0.4015 |  1.77037 |  2.25842 |  5.869890E+07 |  4.924495E+07
    28 |     1400 | -1.4E-03 |       3 |  0.3992 |  1.76101 |  2.25953 |  5.844695E+07 |  4.924495E+07
    29 |     1450 | -2.1E-02 |       3 |  0.3868 |  1.75721 |  2.26865 |  5.826307E+07 |  4.924495E+07
    30 |     1500 | -2.1E-02 |       3 |  0.3873 |  1.75111 |  2.27551 |  5.781548E+07 |  4.924495E+07
    31 |     1550 | -2.0E-02 |       3 |  0.3875 |  1.74331 |  2.27754 |  5.745842E+07 |  4.924495E+07
    32 |     1600 | -2.0E-02 |       3 |  0.3879 |  1.74068 |  2.28838 |  5.718164E+07 |  4.923011E+07
    33 |     1650 | -2.1E-02 |       3 |  0.3868 |  1.73199 |  2.28917 |  5.683854E+07 |  4.920340E+07
    34 |     1700 | -2.0E-02 |       3 |  0.3873 |  1.72913 |  2.29838 |  5.648232E+07 |  4.920340E+07
    35 |     1750 | -1.9E-02 |       3 |  0.3879 |  1.72334 |  2.30445 |  5.636846E+07 |  4.920340E+07
    36 |     1800 | -1.9E-02 |       3 |  0.3881 |  1.71795 |  2.31111 |  5.621875E+07 |  4.920065E+07
    37 |     1850 |  0.01484 |       3 |  0.4093 |  1.71206 |  2.31684 |  5.562517E+07 |  4.813921E+07
    38 |     1900 |  0.31396 |       2 |  0.6013 |  1.73975 |  2.26732 |  5.552165E+07 |  4.813921E+07
    39 |     1950 |  0.30072 |       2 |  0.5930 |  1.77647 |  2.22528 |  5.541615E+07 |  4.813921E+07
    40 |     2000 |  0.30258 |       2 |  0.5942 |  1.81398 |  2.18646 |  5.533168E+07 |  4.813921E+07
    41 |     2050 |  0.26854 |       2 |  0.5727 |  1.85360 |  2.14651 |  5.523577E+07 |  4.813921E+07
    42 |     2100 |  0.24044 |       2 |  0.5547 |  1.88757 |  2.11246 |  5.493892E+07 |  4.813921E+07
    43 |     2150 |  0.22830 |       3 |  0.5469 |  1.88900 |  2.12390 |  5.478383E+07 |  4.813921E+07
    44 |     2200 |  0.19835 |       3 |  0.5275 |  1.88554 |  2.14009 |  5.449066E+07 |  4.813921E+07
    45 |     2250 |  0.17621 |       3 |  0.5132 |  1.87524 |  2.14463 |  5.445832E+07 |  4.813921E+07
    46 |     2300 |  0.16337 |       3 |  0.5048 |  1.86827 |  2.15390 |  5.427772E+07 |  4.813921E+07
    47 |     2350 |  0.15878 |       3 |  0.5018 |  1.86011 |  2.16044 |  5.423090E+07 |  4.813921E+07
    48 |     2400 |  0.14537 |       3 |  0.4931 |  1.85256 |  2.16568 |  5.411982E+07 |  4.813921E+07
    49 |     2450 |  0.10858 |       3 |  0.4692 |  1.84751 |  2.17865 |  5.381201E+07 |  4.699109E+07
    50 |     2500 |  0.29135 |       2 |  0.5871 |  1.88008 |  2.12642 |  5.380626E+07 |  4.699109E+07
    51 |     2550 |  0.26854 |       2 |  0.5727 |  1.92490 |  2.07672 |  5.371943E+07 |  4.699109E+07
    52 |     2600 |  0.25237 |       2 |  0.5624 |  1.96160 |  2.03880 |  5.365091E+07 |  4.699109E+07
    53 |     2650 |  0.22947 |       3 |  0.5476 |  1.96198 |  2.05304 |  5.339762E+07 |  4.699109E+07
    54 |     2700 |  0.21581 |       3 |  0.5388 |  1.95520 |  2.06109 |  5.328902E+07 |  4.699109E+07
    55 |     2750 |  0.16717 |       3 |  0.5073 |  1.94809 |  2.07169 |  5.296807E+07 |  4.653580E+07
    56 |     2800 |  0.86651 |       4 |  0.8638 |  1.85894 |  2.14597 |  5.294399E+07 |  4.653580E+07
    57 |     2850 |  0.57374 |       1 |  0.7477 |  1.91427 |  2.08695 |  5.291192E+07 |  4.653580E+07
    58 |     2900 |  0.57374 |       1 |  0.7477 |  1.97698 |  2.02332 |  5.291192E+07 |  4.653580E+07
    59 |     2950 |  0.55839 |       1 |  0.7401 |  2.02930 |  1.97078 |  5.287699E+07 |  4.653580E+07
    60 |     3000 |  0.50113 |       1 |  0.7104 |  2.10523 |  1.89479 |  5.265470E+07 |  4.653580E+07
    61 |     3050 |  0.50113 |       1 |  0.7104 |  2.17827 |  1.82174 |  5.265470E+07 |  4.653580E+07
    62 |     3100 |  0.49542 |       2 |  0.7074 |  2.22344 |  1.77656 |  5.264405E+07 |  4.653580E+07
    63 |     3150 |  0.49304 |       2 |  0.7061 |  2.25856 |  1.74145 |  5.261708E+07 |  4.653580E+07
    64 |     3200 |  0.49304 |       2 |  0.7061 |  2.28744 |  1.71256 |  5.261708E+07 |  4.653580E+07
    65 |     3250 |  0.48550 |       2 |  0.7020 |  2.32036 |  1.67964 |  5.259396E+07 |  4.653580E+07
    66 |     3300 |  0.46232 |       2 |  0.6892 |  2.36421 |  1.63579 |  5.252143E+07 |  4.653580E+07
    67 |     3350 |  0.46232 |       2 |  0.6892 |  2.39511 |  1.60489 |  5.252143E+07 |  4.653580E+07
    68 |     3400 |  0.46232 |       2 |  0.6892 |  2.43743 |  1.56257 |  5.252143E+07 |  4.653580E+07
    69 |     3450 |  0.44934 |       2 |  0.6820 |  2.48210 |  1.51790 |  5.250874E+07 |  4.653580E+07
    70 |     3500 |  0.44838 |       2 |  0.6814 |  2.50000 |  1.50000 |  5.249033E+07 |  4.653580E+07
    71 |     3550 |  0.41498 |       2 |  0.6623 |  2.50000 |  1.50000 |  5.222395E+07 |  4.653580E+07
    72 |     3600 |  0.40581 |       2 |  0.6569 |  2.50000 |  1.50000 |  5.220152E+07 |  4.653580E+07
    73 |     3650 |  0.37875 |       2 |  0.6409 |  2.50000 |  1.50000 |  5.211579E+07 |  4.524614E+07
    74 |     3700 |  0.27135 |       2 |  0.5745 |  2.50000 |  1.50000 |  5.211579E+07 |  4.524614E+07
    75 |     3750 |  0.25727 |       2 |  0.5655 |  2.50000 |  1.50000 |  5.202756E+07 |  4.524614E+07
    76 |     3800 |  0.25687 |       2 |  0.5652 |  2.50000 |  1.50000 |  5.198495E+07 |  4.524614E+07
    77 |     3850 |  0.25051 |       2 |  0.5612 |  2.50000 |  1.50000 |  5.188615E+07 |  4.524614E+07
    78 |     3900 |  0.24579 |       2 |  0.5581 |  2.50000 |  1.50000 |  5.187270E+07 |  4.524614E+07
    79 |     3950 |  0.23801 |       2 |  0.5531 |  2.50000 |  1.50000 |  5.181554E+07 |  4.524614E+07
    80 |     4000 |  0.23578 |       2 |  0.5517 |  2.50000 |  1.50000 |  5.180939E+07 |  4.524614E+07
    81 |     4050 |  0.21756 |       3 |  0.5400 |  2.47514 |  1.53431 |  5.165605E+07 |  4.524614E+07
    82 |     4100 |  0.20890 |       3 |  0.5344 |  2.45449 |  1.56296 |  5.150856E+07 |  4.524614E+07
    83 |     4150 |  0.19222 |       3 |  0.5236 |  2.43692 |  1.58219 |  5.145727E+07 |  4.524614E+07
    84 |     4200 |  0.19222 |       3 |  0.5236 |  2.41597 |  1.60996 |  5.145727E+07 |  4.524614E+07
    85 |     4250 |  0.19222 |       3 |  0.5236 |  2.39379 |  1.62850 |  5.145727E+07 |  4.524614E+07
    86 |     4300 |  0.18292 |       3 |  0.5175 |  2.37212 |  1.65489 |  5.137151E+07 |  4.524614E+07
    87 |     4350 |  0.16430 |       3 |  0.5054 |  2.35110 |  1.66947 |  5.131569E+07 |  4.524614E+07
    88 |     4400 |  0.16322 |       3 |  0.5047 |  2.33213 |  1.69302 |  5.129447E+07 |  4.524614E+07
    89 |     4450 |  0.15419 |       3 |  0.4989 |  2.31282 |  1.70799 |  5.116132E+07 |  4.412987E+07
    90 |     4500 |  0.16241 |       3 |  0.5042 |  2.29616 |  1.72429 |  5.092827E+07 |  4.412987E+07
    91 |     4550 |  0.13508 |       3 |  0.4864 |  2.28060 |  1.73789 |  5.077188E+07 |  4.412987E+07
    92 |     4600 |  0.13299 |       3 |  0.4851 |  2.26527 |  1.75704 |  5.074829E+07 |  4.412987E+07
    93 |     4650 |  0.13377 |       3 |  0.4856 |  2.24742 |  1.77893 |  5.074084E+07 |  4.375692E+07
    94 |     4700 |  0.09958 |       3 |  0.4634 |  2.22769 |  1.80035 |  5.034772E+07 |  4.375692E+07
    95 |     4750 |  0.08964 |       3 |  0.4570 |  2.20736 |  1.82235 |  5.031738E+07 |  4.375692E+07
    96 |     4800 |  0.09349 |       3 |  0.4595 |  2.18732 |  1.83975 |  5.031501E+07 |  4.375692E+07
    97 |     4850 |  0.09047 |       3 |  0.4575 |  2.17009 |  1.85129 |  5.023984E+07 |  4.304236E+07
    98 |     4900 |  0.11944 |       3 |  0.4763 |  2.15636 |  1.86283 |  5.013861E+07 |  4.161867E+07
    99 |     4950 |  0.14191 |       3 |  0.4909 |  2.14333 |  1.88024 |  5.004706E+07 |  4.161867E+07
   100 |     5000 |  0.11788 |       3 |  0.4753 |  2.12887 |  1.89161 |  4.985256E+07 |  4.161867E+07
