======================================================================================================
n_gen  |  n_eval  |    f     |    S    |    w    |    c1    |    c2    |     f_avg     |     f_min    
======================================================================================================
     1 |       50 |        - |       - |  0.9000 |  2.00000 |  2.00000 |  4.392189E+07 |  3.310665E+07
     2 |      100 |  0.12797 |       3 |  0.4818 |  2.00000 |  2.02336 |  3.799146E+07 |  2.327305E+07
     3 |      150 |  0.11316 |       3 |  0.4722 |  1.98863 |  2.03851 |  3.357203E+07 |  2.318026E+07
     4 |      200 |  0.21513 |       3 |  0.5384 |  1.97570 |  2.05019 |  3.064319E+07 |  2.318026E+07
     5 |      250 |  0.08236 |       3 |  0.4523 |  1.96352 |  2.05716 |  2.824952E+07 |  2.250176E+07
     6 |      300 |  0.18266 |       3 |  0.5174 |  1.95454 |  2.07497 |  2.690023E+07 |  2.219396E+07
     7 |      350 |  0.01164 |       3 |  0.4073 |  1.94122 |  2.08289 |  2.538363E+07 |  2.218960E+07
     8 |      400 |  0.00785 |       3 |  0.4049 |  1.93121 |  2.09799 |  2.460448E+07 |  2.195803E+07
     9 |      450 |  0.05698 |       3 |  0.4360 |  1.91908 |  2.11093 |  2.452610E+07 |  2.195803E+07
    10 |      500 |  0.00151 |       3 |  0.4009 |  1.90692 |  2.12312 |  2.438148E+07 |  2.195803E+07
    11 |      550 |  0.01282 |       3 |  0.4080 |  1.89410 |  2.12633 |  2.427997E+07 |  2.195803E+07
    12 |      600 |  0.00307 |       3 |  0.4019 |  1.88718 |  2.14145 |  2.412963E+07 |  2.195803E+07
    13 |      650 |  0.11393 |       3 |  0.4727 |  1.87604 |  2.14918 |  2.406677E+07 |  2.195803E+07
    14 |      700 |  0.10917 |       3 |  0.4696 |  1.86653 |  2.15634 |  2.400038E+07 |  2.193771E+07
    15 |      750 |  0.05990 |       3 |  0.4379 |  1.85919 |  2.16931 |  2.356998E+07 |  2.193771E+07
    16 |      800 |  0.02529 |       3 |  0.4159 |  1.84839 |  2.17395 |  2.351918E+07 |  2.193771E+07
    17 |      850 |  0.00567 |       3 |  0.4035 |  1.84103 |  2.18246 |  2.347064E+07 |  2.193771E+07
    18 |      900 | -1.4E-02 |       3 |  0.3915 |  1.83399 |  2.19375 |  2.342593E+07 |  2.188781E+07
    19 |      950 |  0.18804 |       3 |  0.5208 |  1.82477 |  2.20116 |  2.330388E+07 |  2.188781E+07
    20 |     1000 |  0.09696 |       3 |  0.4617 |  1.81678 |  2.20976 |  2.319264E+07 |  2.188781E+07
    21 |     1050 |  0.08711 |       3 |  0.4554 |  1.80924 |  2.22004 |  2.314284E+07 |  2.183823E+07
    22 |     1100 |  0.03691 |       3 |  0.4232 |  1.80058 |  2.22862 |  2.311151E+07 |  2.183823E+07
    23 |     1150 |  0.03228 |       3 |  0.4203 |  1.79040 |  2.23023 |  2.308909E+07 |  2.183823E+07
    24 |     1200 | -4.1E-02 |       3 |  0.3747 |  1.78631 |  2.24201 |  2.296810E+07 |  2.183823E+07
    25 |     1250 |  0.03402 |       3 |  0.4214 |  1.77807 |  2.24789 |  2.295705E+07 |  2.183823E+07
    26 |     1300 |  0.02371 |       3 |  0.4149 |  1.76960 |  2.24950 |  2.288035E+07 |  2.183823E+07
    27 |     1350 |  0.02087 |       3 |  0.4131 |  1.76609 |  2.25902 |  2.285154E+07 |  2.183823E+07
    28 |     1400 |  0.03006 |       3 |  0.4189 |  1.75895 |  2.26294 |  2.284524E+07 |  2.183823E+07
    29 |     1450 |  0.04660 |       3 |  0.4294 |  1.75532 |  2.27363 |  2.284209E+07 |  2.183823E+07
    30 |     1500 |  0.04660 |       3 |  0.4294 |  1.74860 |  2.28125 |  2.284209E+07 |  2.183823E+07
    31 |     1550 |  0.02259 |       3 |  0.4142 |  1.73914 |  2.28121 |  2.280160E+07 |  2.183823E+07
    32 |     1600 |  0.02372 |       3 |  0.4149 |  1.73676 |  2.29185 |  2.278199E+07 |  2.183823E+07
    33 |     1650 |  0.00365 |       3 |  0.4023 |  1.73071 |  2.29889 |  2.275743E+07 |  2.181141E+07
    34 |     1700 |  0.10135 |       3 |  0.4646 |  1.72165 |  2.29832 |  2.273740E+07 |  2.181141E+07
    35 |     1750 |  0.09531 |       3 |  0.4607 |  1.71819 |  2.30422 |  2.268215E+07 |  2.178336E+07
    36 |     1800 |  0.12986 |       3 |  0.4831 |  1.71333 |  2.30807 |  2.262328E+07 |  2.178336E+07
    37 |     1850 |  0.11525 |       3 |  0.4736 |  1.70956 |  2.31348 |  2.260867E+07 |  2.178336E+07
    38 |     1900 |  0.11060 |       3 |  0.4706 |  1.70383 |  2.31509 |  2.254770E+07 |  1.932886E+07
    39 |     1950 |  0.65722 |       1 |  0.7864 |  1.76180 |  2.24285 |  2.254770E+07 |  1.932886E+07
    40 |     2000 |  0.56955 |       1 |  0.7456 |  1.81903 |  2.18213 |  2.242887E+07 |  1.932886E+07
    41 |     2050 |  0.55775 |       1 |  0.7398 |  1.91066 |  2.08962 |  2.242398E+07 |  1.932886E+07
    42 |     2100 |  0.52703 |       1 |  0.7241 |  1.96995 |  2.03012 |  2.242375E+07 |  1.932886E+07
    43 |     2150 |  0.43132 |       2 |  0.6717 |  2.00100 |  1.99901 |  2.241855E+07 |  1.932886E+07
    44 |     2200 |  0.42664 |       2 |  0.6690 |  2.03061 |  1.96940 |  2.241797E+07 |  1.932886E+07
    45 |     2250 |  0.41426 |       2 |  0.6619 |  2.07832 |  1.92168 |  2.240924E+07 |  1.932886E+07
    46 |     2300 |  0.41902 |       2 |  0.6646 |  2.12523 |  1.87477 |  2.240827E+07 |  1.932886E+07
    47 |     2350 |  0.38184 |       2 |  0.6428 |  2.16346 |  1.83654 |  2.240655E+07 |  1.932886E+07
    48 |     2400 |  0.38184 |       2 |  0.6428 |  2.19055 |  1.80945 |  2.240655E+07 |  1.932886E+07
    49 |     2450 |  0.38184 |       2 |  0.6428 |  2.24026 |  1.75974 |  2.240655E+07 |  1.932886E+07
    50 |     2500 |  0.37009 |       2 |  0.6357 |  2.28350 |  1.71650 |  2.238874E+07 |  1.932886E+07
    51 |     2550 |  0.35464 |       2 |  0.6264 |  2.32856 |  1.67144 |  2.236746E+07 |  1.932886E+07
    52 |     2600 |  0.35131 |       2 |  0.6243 |  2.35936 |  1.64064 |  2.234475E+07 |  1.932886E+07
    53 |     2650 |  0.35131 |       2 |  0.6243 |  2.39289 |  1.60711 |  2.234475E+07 |  1.932886E+07
    54 |     2700 |  0.33570 |       2 |  0.6148 |  2.43006 |  1.56994 |  2.233109E+07 |  1.932886E+07
    55 |     2750 |  0.30975 |       2 |  0.5987 |  2.46175 |  1.53825 |  2.229058E+07 |  1.932886E+07
    56 |     2800 |  0.27903 |       2 |  0.5793 |  2.50000 |  1.50000 |  2.228944E+07 |  1.932886E+07
    57 |     2850 |  0.26304 |       2 |  0.5692 |  2.50000 |  1.50000 |  2.227214E+07 |  1.932886E+07
    58 |     2900 |  0.24913 |       2 |  0.5603 |  2.50000 |  1.50000 |  2.226935E+07 |  1.932886E+07
    59 |     2950 |  0.24913 |       2 |  0.5603 |  2.50000 |  1.50000 |  2.226935E+07 |  1.932886E+07
    60 |     3000 |  0.21224 |       3 |  0.5365 |  2.47032 |  1.54097 |  2.225139E+07 |  1.932886E+07
    61 |     3050 |  0.18726 |       3 |  0.5203 |  2.45400 |  1.56366 |  2.223246E+07 |  1.932886E+07
    62 |     3100 |  0.18726 |       3 |  0.5203 |  2.43734 |  1.57960 |  2.223246E+07 |  1.932886E+07
    63 |     3150 |  0.18726 |       3 |  0.5203 |  2.42053 |  1.59827 |  2.223246E+07 |  1.932886E+07
    64 |     3200 |  0.18726 |       3 |  0.5203 |  2.40009 |  1.62610 |  2.223246E+07 |  1.932886E+07
    65 |     3250 |  0.18706 |       3 |  0.5202 |  2.37624 |  1.65103 |  2.216470E+07 |  1.932886E+07
    66 |     3300 |  0.16194 |       3 |  0.5039 |  2.35234 |  1.67557 |  2.215170E+07 |  1.932886E+07
    67 |     3350 |  0.16194 |       3 |  0.5039 |  2.32811 |  1.70197 |  2.215170E+07 |  1.932886E+07
    68 |     3400 |  0.16194 |       3 |  0.5039 |  2.30380 |  1.72564 |  2.215170E+07 |  1.932886E+07
