======================================================================================================
n_gen  |  n_eval  |    f     |    S    |    w    |    c1    |    c2    |     f_avg     |     f_min    
======================================================================================================
     1 |       50 |        - |       - |  0.9000 |  2.00000 |  2.00000 |  1.324584E+08 |  1.121113E+08
     2 |      100 |  0.39774 |       2 |  0.6522 |  2.03139 |  1.96861 |  1.019103E+08 |  8.714375E+07
     3 |      150 | -7.4E-02 |       3 |  0.3547 |  2.03076 |  1.98949 |  9.536662E+07 |  8.455538E+07
     4 |      200 |  0.32124 |       2 |  0.6058 |  2.05266 |  1.95239 |  9.382662E+07 |  8.455538E+07
     5 |      250 |  0.31449 |       2 |  0.6016 |  2.07568 |  1.92558 |  9.325218E+07 |  8.455538E+07
     6 |      300 |  0.27796 |       2 |  0.5787 |  2.11242 |  1.88789 |  9.277948E+07 |  8.455538E+07
     7 |      350 |  0.25711 |       2 |  0.5654 |  2.14738 |  1.85270 |  9.229813E+07 |  8.455538E+07
     8 |      400 |  0.25751 |       2 |  0.5656 |  2.17817 |  1.82184 |  9.221895E+07 |  8.455538E+07
     9 |      450 |  0.22206 |       3 |  0.5429 |  2.17436 |  1.84707 |  9.181370E+07 |  8.310938E+07
    10 |      500 |  0.30442 |       2 |  0.5953 |  2.20399 |  1.80130 |  9.111348E+07 |  8.310938E+07
    11 |      550 |  0.29680 |       2 |  0.5905 |  2.24235 |  1.75895 |  9.111075E+07 |  8.310938E+07
    12 |      600 |  0.22087 |       3 |  0.5421 |  2.23698 |  1.78250 |  9.084204E+07 |  8.310938E+07
    13 |      650 |  0.16271 |       3 |  0.5044 |  2.22184 |  1.80196 |  9.056903E+07 |  8.310938E+07
    14 |      700 |  0.14873 |       3 |  0.4953 |  2.20428 |  1.82280 |  9.045725E+07 |  8.310938E+07
    15 |      750 |  0.09107 |       3 |  0.4579 |  2.18537 |  1.84295 |  9.031831E+07 |  8.310938E+07
    16 |      800 |  0.06708 |       3 |  0.4425 |  2.16773 |  1.85266 |  8.993099E+07 |  8.310938E+07
    17 |      850 |  0.05734 |       3 |  0.4363 |  2.15314 |  1.87505 |  8.983457E+07 |  8.310938E+07
    18 |      900 |  0.03430 |       3 |  0.4216 |  2.13596 |  1.88636 |  8.970697E+07 |  8.310938E+07
    19 |      950 |  0.02503 |       3 |  0.4157 |  2.12199 |  1.90067 |  8.958355E+07 |  8.310938E+07
    20 |     1000 |  0.01090 |       3 |  0.4068 |  2.10867 |  1.90951 |  8.945270E+07 |  8.310938E+07
    21 |     1050 |  0.00633 |       3 |  0.4040 |  2.09777 |  1.92054 |  8.928367E+07 |  8.310938E+07
    22 |     1100 | -1.9E-02 |       3 |  0.3884 |  2.08678 |  1.93406 |  8.910883E+07 |  8.278467E+07
    23 |     1150 |  0.36015 |       2 |  0.6297 |  2.12235 |  1.88282 |  8.904101E+07 |  8.278467E+07
    24 |     1200 |  0.36015 |       2 |  0.6297 |  2.16164 |  1.83965 |  8.904101E+07 |  8.278467E+07
    25 |     1250 |  0.35279 |       2 |  0.6252 |  2.19868 |  1.80164 |  8.895717E+07 |  8.278467E+07
    26 |     1300 |  0.35279 |       2 |  0.6252 |  2.22709 |  1.77299 |  8.895717E+07 |  8.278467E+07
    27 |     1350 |  0.38725 |       2 |  0.6460 |  2.26476 |  1.73526 |  8.892945E+07 |  8.278467E+07
    28 |     1400 |  0.38725 |       2 |  0.6460 |  2.29388 |  1.70613 |  8.892945E+07 |  8.278467E+07
    29 |     1450 |  0.36705 |       2 |  0.6339 |  2.32943 |  1.67057 |  8.890313E+07 |  8.278467E+07
    30 |     1500 |  0.35634 |       2 |  0.6274 |  2.37176 |  1.62824 |  8.884052E+07 |  8.278467E+07
    31 |     1550 |  0.34916 |       2 |  0.6230 |  2.41040 |  1.58960 |  8.884041E+07 |  8.278467E+07
    32 |     1600 |  0.34916 |       2 |  0.6230 |  2.44731 |  1.55269 |  8.884041E+07 |  8.278467E+07
    33 |     1650 |  0.34916 |       2 |  0.6230 |  2.47336 |  1.52664 |  8.884041E+07 |  8.278467E+07
    34 |     1700 |  0.34916 |       2 |  0.6230 |  2.50000 |  1.50000 |  8.884041E+07 |  8.278467E+07
    35 |     1750 |  0.34552 |       2 |  0.6208 |  2.50000 |  1.50000 |  8.881932E+07 |  8.278467E+07
    36 |     1800 |  0.61576 |       1 |  0.7677 |  2.50000 |  1.50000 |  8.869686E+07 |  8.278467E+07
    37 |     1850 |  0.60660 |       1 |  0.7635 |  2.50000 |  1.50000 |  8.868931E+07 |  8.278467E+07
    38 |     1900 |  0.54752 |       1 |  0.7346 |  2.50000 |  1.50000 |  8.863881E+07 |  8.278467E+07
    39 |     1950 |  0.53164 |       1 |  0.7265 |  2.50000 |  1.50000 |  8.862439E+07 |  8.278467E+07
    40 |     2000 |  0.53164 |       1 |  0.7265 |  2.50000 |  1.50000 |  8.862439E+07 |  8.278467E+07
    41 |     2050 |  0.52992 |       1 |  0.7256 |  2.50000 |  1.50000 |  8.858096E+07 |  8.278467E+07
    42 |     2100 |  0.52992 |       1 |  0.7256 |  2.50000 |  1.50000 |  8.858096E+07 |  8.278467E+07
    43 |     2150 |  0.45377 |       2 |  0.6845 |  2.50000 |  1.50000 |  8.849253E+07 |  8.278467E+07
    44 |     2200 |  0.45377 |       2 |  0.6845 |  2.50000 |  1.50000 |  8.849253E+07 |  8.278467E+07
    45 |     2250 |  0.44055 |       2 |  0.6770 |  2.50000 |  1.50000 |  8.848818E+07 |  8.278467E+07
    46 |     2300 |  0.43324 |       2 |  0.6728 |  2.50000 |  1.50000 |  8.846547E+07 |  8.278467E+07
    47 |     2350 |  0.44112 |       2 |  0.6773 |  2.50000 |  1.50000 |  8.816899E+07 |  8.177406E+07
    48 |     2400 |  0.20132 |       3 |  0.5295 |  2.47306 |  1.53719 |  8.804337E+07 |  8.177406E+07
    49 |     2450 |  0.17562 |       3 |  0.5128 |  2.45731 |  1.55904 |  8.802689E+07 |  8.177406E+07
    50 |     2500 |  0.14758 |       3 |  0.4946 |  2.43760 |  1.58654 |  8.798212E+07 |  8.177406E+07
    51 |     2550 |  0.14516 |       3 |  0.4930 |  2.41620 |  1.60505 |  8.796520E+07 |  8.177406E+07
    52 |     2600 |  0.04350 |       3 |  0.4274 |  2.39448 |  1.63224 |  8.773225E+07 |  8.177406E+07
    53 |     2650 | -3.5E-02 |       3 |  0.3783 |  2.37304 |  1.64767 |  8.766694E+07 |  8.177406E+07
    54 |     2700 | -6.9E-02 |       3 |  0.3576 |  2.35550 |  1.66392 |  8.748666E+07 |  8.177406E+07
    55 |     2750 | -6.9E-02 |       3 |  0.3576 |  2.33815 |  1.68359 |  8.748666E+07 |  8.177406E+07
    56 |     2800 | -3.2E-02 |       3 |  0.3801 |  2.32087 |  1.69842 |  8.732413E+07 |  8.177406E+07
    57 |     2850 | -5.8E-02 |       3 |  0.3643 |  2.30549 |  1.71272 |  8.721951E+07 |  8.177406E+07
    58 |     2900 | -6.0E-02 |       3 |  0.3635 |  2.29009 |  1.73097 |  8.721688E+07 |  8.177406E+07
    59 |     2950 | -7.3E-02 |       3 |  0.3554 |  2.27381 |  1.74659 |  8.717003E+07 |  8.177406E+07
    60 |     3000 | -8.2E-02 |       3 |  0.3498 |  2.25640 |  1.77094 |  8.706533E+07 |  8.177406E+07
    61 |     3050 | -8.1E-02 |       3 |  0.3505 |  2.23674 |  1.78795 |  8.700851E+07 |  8.177406E+07
    62 |     3100 | -7.6E-02 |       3 |  0.3535 |  2.22018 |  1.79858 |  8.697437E+07 |  8.177406E+07
    63 |     3150 | -7.2E-02 |       3 |  0.3559 |  2.20520 |  1.82146 |  8.689433E+07 |  8.177406E+07
    64 |     3200 | -7.0E-02 |       3 |  0.3575 |  2.18606 |  1.84448 |  8.688381E+07 |  8.177406E+07
    65 |     3250 | -6.8E-02 |       3 |  0.3587 |  2.16719 |  1.85398 |  8.686218E+07 |  8.177406E+07
    66 |     3300 | -6.6E-02 |       3 |  0.3594 |  2.15287 |  1.87115 |  8.680663E+07 |  8.177406E+07
    67 |     3350 | -6.6E-02 |       3 |  0.3593 |  2.13733 |  1.88798 |  8.671040E+07 |  8.177406E+07
    68 |     3400 | -6.6E-02 |       3 |  0.3597 |  2.12102 |  1.90862 |  8.663692E+07 |  8.177406E+07
    69 |     3450 | -6.7E-02 |       3 |  0.3587 |  2.10377 |  1.91936 |  8.662866E+07 |  8.177406E+07
    70 |     3500 | -6.7E-02 |       3 |  0.3591 |  2.09020 |  1.93170 |  8.662134E+07 |  8.177406E+07
    71 |     3550 | -6.5E-02 |       3 |  0.3602 |  2.07740 |  1.94623 |  8.658160E+07 |  8.177406E+07
    72 |     3600 | -6.4E-02 |       3 |  0.3610 |  2.06403 |  1.95987 |  8.651696E+07 |  8.177406E+07
    73 |     3650 | -6.1E-02 |       3 |  0.3628 |  2.05089 |  1.97230 |  8.648285E+07 |  8.177406E+07
    74 |     3700 | -5.9E-02 |       3 |  0.3641 |  2.03822 |  1.98963 |  8.646151E+07 |  8.177406E+07
    75 |     3750 | -5.7E-02 |       3 |  0.3653 |  2.02362 |  2.00460 |  8.636254E+07 |  8.177406E+07
    76 |     3800 | -5.5E-02 |       3 |  0.3664 |  2.00923 |  2.02048 |  8.630992E+07 |  8.177406E+07
    77 |     3850 | -5.5E-02 |       3 |  0.3660 |  1.99451 |  2.02999 |  8.629903E+07 |  8.177406E+07
