======================================================================================================
n_gen  |  n_eval  |    f     |    S    |    w    |    c1    |    c2    |     f_avg     |     f_min    
======================================================================================================
     1 |       50 |        - |       - |  0.9000 |  2.00000 |  2.00000 |  8.514751E+07 |  6.970261E+07
     2 |      100 |  0.14713 |       3 |  0.4943 |  2.00000 |  2.01393 |  7.883041E+07 |  6.791177E+07
     3 |      150 |  0.10893 |       3 |  0.4695 |  1.99319 |  2.02897 |  7.549557E+07 |  6.776232E+07
     4 |      200 |  0.00577 |       3 |  0.4036 |  1.98243 |  2.03558 |  7.306333E+07 |  6.419163E+07
     5 |      250 | -1.6E-02 |       3 |  0.3899 |  1.97407 |  2.05056 |  7.153836E+07 |  5.629291E+07
     6 |      300 | -3.5E-03 |       3 |  0.3978 |  1.96283 |  2.06566 |  7.045205E+07 |  5.629291E+07
     7 |      350 | -1.2E-02 |       3 |  0.3924 |  1.94989 |  2.07578 |  6.895607E+07 |  5.629291E+07
     8 |      400 | -1.0E-02 |       3 |  0.3936 |  1.93835 |  2.08248 |  6.783042E+07 |  5.629291E+07
     9 |      450 | -8.9E-03 |       3 |  0.3944 |  1.92922 |  2.08867 |  6.633078E+07 |  5.629291E+07
    10 |      500 | -8.0E-03 |       3 |  0.3950 |  1.92244 |  2.10507 |  6.543370E+07 |  5.629291E+07
    11 |      550 | -1.5E-02 |       3 |  0.3904 |  1.91084 |  2.11294 |  6.474548E+07 |  5.476311E+07
    12 |      600 | -1.0E-02 |       3 |  0.3937 |  1.90139 |  2.12304 |  6.379576E+07 |  5.476311E+07
    13 |      650 | -9.3E-03 |       3 |  0.3942 |  1.89150 |  2.12962 |  6.308418E+07 |  5.476311E+07
    14 |      700 | -9.0E-03 |       3 |  0.3944 |  1.88402 |  2.14207 |  6.263654E+07 |  5.466510E+07
    15 |      750 | -5.7E-03 |       3 |  0.3964 |  1.87401 |  2.14970 |  6.241248E+07 |  5.466510E+07
    16 |      800 | -5.5E-03 |       3 |  0.3965 |  1.86517 |  2.15680 |  6.214546E+07 |  5.466510E+07
    17 |      850 | -5.8E-03 |       3 |  0.3964 |  1.85709 |  2.16295 |  6.191875E+07 |  5.466510E+07
    18 |      900 | -6.5E-03 |       3 |  0.3960 |  1.85107 |  2.17523 |  6.158381E+07 |  5.466510E+07
    19 |      950 | -6.8E-03 |       3 |  0.3958 |  1.84211 |  2.18391 |  6.149609E+07 |  5.466510E+07
    20 |     1000 | -6.8E-03 |       3 |  0.3958 |  1.83389 |  2.19432 |  6.142127E+07 |  5.466510E+07
    21 |     1050 | -7.6E-03 |       3 |  0.3952 |  1.82487 |  2.20349 |  6.130023E+07 |  5.325801E+07
    22 |     1100 |  0.00382 |       3 |  0.4024 |  1.81565 |  2.21066 |  6.090881E+07 |  5.325801E+07
    23 |     1150 |  0.00216 |       3 |  0.4013 |  1.80687 |  2.21527 |  6.074747E+07 |  5.325801E+07
    24 |     1200 |  0.00307 |       3 |  0.4019 |  1.80143 |  2.22621 |  6.008259E+07 |  5.232758E+07
    25 |     1250 |  0.01582 |       3 |  0.4099 |  1.79289 |  2.23199 |  5.977581E+07 |  5.123064E+07
    26 |     1300 |  0.04426 |       3 |  0.4279 |  1.78553 |  2.23757 |  5.955416E+07 |  5.123064E+07
    27 |     1350 |  0.04426 |       3 |  0.4279 |  1.77894 |  2.24295 |  5.955416E+07 |  5.123064E+07
    28 |     1400 |  0.03941 |       3 |  0.4248 |  1.77415 |  2.25235 |  5.944580E+07 |  5.087124E+07
    29 |     1450 |  0.08078 |       3 |  0.4513 |  1.76820 |  2.26234 |  5.917616E+07 |  4.970132E+07
    30 |     1500 |  0.13039 |       3 |  0.4834 |  1.76035 |  2.26963 |  5.909846E+07 |  4.970132E+07
    31 |     1550 |  0.12574 |       3 |  0.4804 |  1.75209 |  2.27424 |  5.908464E+07 |  4.970132E+07
    32 |     1600 |  0.12434 |       3 |  0.4795 |  1.74436 |  2.27631 |  5.907380E+07 |  4.970132E+07
    33 |     1650 |  0.12541 |       3 |  0.4802 |  1.74108 |  2.28530 |  5.907332E+07 |  4.967737E+07
    34 |     1700 |  0.10568 |       3 |  0.4674 |  1.73521 |  2.29153 |  5.884861E+07 |  4.967737E+07
    35 |     1750 |  0.09977 |       3 |  0.4636 |  1.73022 |  2.29975 |  5.879125E+07 |  4.967737E+07
    36 |     1800 |  0.08948 |       3 |  0.4569 |  1.72310 |  2.30429 |  5.847655E+07 |  4.967737E+07
    37 |     1850 |  0.08948 |       3 |  0.4569 |  1.71694 |  2.30877 |  5.847655E+07 |  4.967737E+07
    38 |     1900 |  0.08560 |       3 |  0.4544 |  1.70993 |  2.30958 |  5.834111E+07 |  4.967737E+07
    39 |     1950 |  0.07541 |       3 |  0.4478 |  1.70615 |  2.31351 |  5.821963E+07 |  4.967737E+07
    40 |     2000 |  0.07262 |       3 |  0.4460 |  1.70473 |  2.32269 |  5.812992E+07 |  4.967737E+07
    41 |     2050 |  0.07262 |       3 |  0.4460 |  1.69792 |  2.32410 |  5.812992E+07 |  4.967737E+07
    42 |     2100 |  0.06372 |       3 |  0.4403 |  1.69396 |  2.32823 |  5.776794E+07 |  4.967737E+07
    43 |     2150 |  0.10000 |       3 |  0.4637 |  1.68900 |  2.33004 |  5.765744E+07 |  4.967737E+07
    44 |     2200 |  0.09401 |       3 |  0.4598 |  1.68828 |  2.33882 |  5.762136E+07 |  4.967737E+07
    45 |     2250 |  0.08729 |       3 |  0.4555 |  1.68089 |  2.33772 |  5.761964E+07 |  4.967737E+07
    46 |     2300 |  0.09365 |       3 |  0.4596 |  1.67859 |  2.34238 |  5.733257E+07 |  4.967737E+07
    47 |     2350 |  0.09365 |       3 |  0.4596 |  1.67413 |  2.34368 |  5.733257E+07 |  4.967737E+07
    48 |     2400 |  0.07424 |       3 |  0.4471 |  1.67310 |  2.35002 |  5.721093E+07 |  4.967737E+07
    49 |     2450 |  0.07384 |       3 |  0.4468 |  1.67023 |  2.35501 |  5.712222E+07 |  4.967737E+07
    50 |     2500 |  0.07278 |       3 |  0.4461 |  1.66541 |  2.35696 |  5.710809E+07 |  4.967737E+07
    51 |     2550 |  0.06602 |       3 |  0.4418 |  1.66308 |  2.36206 |  5.703004E+07 |  4.967737E+07
    52 |     2600 |  0.06112 |       3 |  0.4387 |  1.66042 |  2.36745 |  5.696943E+07 |  4.967737E+07
    53 |     2650 |  0.04759 |       3 |  0.4300 |  1.65691 |  2.37207 |  5.689982E+07 |  4.967737E+07
    54 |     2700 |  0.04793 |       3 |  0.4302 |  1.65288 |  2.37584 |  5.689143E+07 |  4.967737E+07
    55 |     2750 |  0.04154 |       3 |  0.4262 |  1.64909 |  2.37960 |  5.686675E+07 |  4.967737E+07
    56 |     2800 |  0.02585 |       3 |  0.4162 |  1.64436 |  2.38140 |  5.675304E+07 |  4.944490E+07
    57 |     2850 |  0.12642 |       3 |  0.4808 |  1.64130 |  2.38478 |  5.664890E+07 |  4.944490E+07
    58 |     2900 |  0.11219 |       3 |  0.4716 |  1.63665 |  2.38537 |  5.647918E+07 |  4.944490E+07
    59 |     2950 |  0.10244 |       3 |  0.4653 |  1.63571 |  2.39059 |  5.644752E+07 |  4.944490E+07
    60 |     3000 |  0.08221 |       3 |  0.4522 |  1.63191 |  2.39227 |  5.641169E+07 |  4.944490E+07
    61 |     3050 |  0.07643 |       3 |  0.4485 |  1.63126 |  2.39816 |  5.634807E+07 |  4.944490E+07
    62 |     3100 |  0.05911 |       3 |  0.4374 |  1.62468 |  2.39595 |  5.622531E+07 |  4.944490E+07
    63 |     3150 |  0.04850 |       3 |  0.4306 |  1.62345 |  2.39950 |  5.610063E+07 |  4.944490E+07
    64 |     3200 |  0.04850 |       3 |  0.4306 |  1.62099 |  2.40163 |  5.610063E+07 |  4.944490E+07
    65 |     3250 |  0.04092 |       3 |  0.4258 |  1.61819 |  2.40299 |  5.591492E+07 |  4.944490E+07
    66 |     3300 |  0.02324 |       3 |  0.4146 |  1.61508 |  2.40343 |  5.575797E+07 |  4.944490E+07
    67 |     3350 |  0.02324 |       3 |  0.4146 |  1.61654 |  2.40993 |  5.575797E+07 |  4.944490E+07
    68 |     3400 |  0.01952 |       3 |  0.4122 |  1.61437 |  2.41279 |  5.573102E+07 |  4.944490E+07
    69 |     3450 | -2.8E-02 |       3 |  0.3824 |  1.60954 |  2.41174 |  5.533690E+07 |  4.940011E+07
    70 |     3500 |  0.04783 |       3 |  0.4302 |  1.60595 |  2.41105 |  5.530576E+07 |  4.940011E+07
    71 |     3550 |  0.04783 |       3 |  0.4302 |  1.60711 |  2.41619 |  5.530576E+07 |  4.940011E+07
    72 |     3600 |  0.04946 |       3 |  0.4312 |  1.60673 |  2.42036 |  5.526191E+07 |  4.940011E+07
    73 |     3650 |  0.03635 |       3 |  0.4229 |  1.60347 |  2.42106 |  5.513149E+07 |  4.940011E+07
    74 |     3700 |  0.02643 |       3 |  0.4166 |  1.60084 |  2.42202 |  5.499614E+07 |  4.940011E+07
    75 |     3750 |  0.01613 |       3 |  0.4101 |  1.59697 |  2.42082 |  5.474619E+07 |  4.934212E+07
    76 |     3800 |  0.07160 |       3 |  0.4454 |  1.59583 |  2.42236 |  5.474619E+07 |  4.934212E+07
    77 |     3850 |  0.07160 |       3 |  0.4454 |  1.59850 |  2.42914 |  5.474619E+07 |  4.934212E+07
    78 |     3900 |  0.07160 |       3 |  0.4454 |  1.59635 |  2.43091 |  5.474619E+07 |  4.934212E+07
    79 |     3950 |  0.07160 |       3 |  0.4454 |  1.59234 |  2.42996 |  5.474619E+07 |  4.934212E+07
    80 |     4000 |  0.06384 |       3 |  0.4404 |  1.59320 |  2.43461 |  5.474400E+07 |  4.934212E+07
    81 |     4050 |  0.05672 |       3 |  0.4359 |  1.59040 |  2.43515 |  5.469208E+07 |  4.934212E+07
    82 |     4100 |  0.05672 |       3 |  0.4359 |  1.58640 |  2.43366 |  5.469208E+07 |  4.934212E+07
    83 |     4150 |  0.05480 |       3 |  0.4346 |  1.58856 |  2.43931 |  5.466136E+07 |  4.934212E+07
    84 |     4200 |  0.04458 |       3 |  0.4281 |  1.58499 |  2.43856 |  5.461002E+07 |  4.934212E+07
    85 |     4250 |  0.04227 |       3 |  0.4266 |  1.58195 |  2.43779 |  5.453418E+07 |  4.934212E+07
    86 |     4300 |  0.03885 |       3 |  0.4245 |  1.58224 |  2.44068 |  5.451092E+07 |  4.934212E+07
    87 |     4350 |  0.03885 |       3 |  0.4245 |  1.57889 |  2.43930 |  5.451092E+07 |  4.934212E+07
    88 |     4400 |  0.03228 |       3 |  0.4203 |  1.57913 |  2.44179 |  5.446768E+07 |  4.934212E+07
    89 |     4450 |  0.02428 |       3 |  0.4152 |  1.57632 |  2.44073 |  5.423461E+07 |  4.757640E+07
    90 |     4500 |  0.07246 |       3 |  0.4459 |  1.57986 |  2.44713 |  5.416464E+07 |  4.742060E+07
    91 |     4550 |  0.19692 |       3 |  0.5266 |  1.57880 |  2.44892 |  5.402270E+07 |  4.742060E+07
    92 |     4600 |  0.18601 |       3 |  0.5195 |  1.57553 |  2.44794 |  5.401564E+07 |  4.742060E+07
    93 |     4650 |  0.16487 |       3 |  0.5058 |  1.57417 |  2.44874 |  5.400335E+07 |  4.742060E+07
    94 |     4700 |  0.15726 |       3 |  0.5009 |  1.57436 |  2.45134 |  5.398790E+07 |  4.742060E+07
    95 |     4750 |  0.12643 |       3 |  0.4808 |  1.57288 |  2.45212 |  5.391280E+07 |  4.742060E+07
    96 |     4800 |  0.11462 |       3 |  0.4732 |  1.57078 |  2.45201 |  5.390226E+07 |  4.742060E+07
    97 |     4850 |  0.03221 |       3 |  0.4203 |  1.57038 |  2.45365 |  5.372541E+07 |  4.589905E+07
    98 |     4900 |  0.20620 |       3 |  0.5326 |  1.56813 |  2.45313 |  5.364743E+07 |  4.589905E+07
    99 |     4950 |  0.17451 |       3 |  0.5121 |  1.56725 |  2.45394 |  5.344919E+07 |  4.589905E+07
   100 |     5000 |  0.14448 |       3 |  0.4925 |  1.56525 |  2.45336 |  5.320188E+07 |  4.589905E+07
