======================================================================================================
n_gen  |  n_eval  |    f     |    S    |    w    |    c1    |    c2    |     f_avg     |     f_min    
======================================================================================================
     1 |       50 |        - |       - |  0.9000 |  2.00000 |  2.00000 |  8.929563E+07 |  7.525255E+07
     2 |      100 |  0.19667 |       3 |  0.5264 |  2.00000 |  2.01839 |  7.470439E+07 |  5.456561E+07
     3 |      150 |  0.12839 |       3 |  0.4821 |  1.99101 |  2.03115 |  6.496784E+07 |  4.946999E+07
     4 |      200 |  0.06795 |       3 |  0.4430 |  1.98029 |  2.03772 |  6.281507E+07 |  4.655450E+07
     5 |      250 |  0.73224 |       1 |  0.8173 |  2.06085 |  1.94364 |  6.187844E+07 |  4.654156E+07
     6 |      300 |  0.71003 |       1 |  0.8085 |  2.11125 |  1.88987 |  6.081289E+07 |  4.339824E+07
     7 |      350 |  0.67456 |       1 |  0.7939 |  2.16769 |  1.83259 |  5.957557E+07 |  4.339824E+07
     8 |      400 |  0.48248 |       2 |  0.7004 |  2.21718 |  1.78289 |  5.895284E+07 |  4.339824E+07
     9 |      450 |  0.43970 |       2 |  0.6765 |  2.24588 |  1.75413 |  5.834100E+07 |  4.339824E+07
    10 |      500 |  0.38285 |       2 |  0.6434 |  2.27268 |  1.72732 |  5.753974E+07 |  4.339824E+07
    11 |      550 |  0.36419 |       2 |  0.6321 |  2.30279 |  1.69721 |  5.691099E+07 |  4.285994E+07
    12 |      600 |  0.52797 |       1 |  0.7246 |  2.35955 |  1.64045 |  5.589382E+07 |  4.285994E+07
    13 |      650 |  0.46479 |       2 |  0.6906 |  2.39889 |  1.60111 |  5.517185E+07 |  4.285994E+07
    14 |      700 |  0.43208 |       2 |  0.6722 |  2.44402 |  1.55598 |  5.504291E+07 |  4.285994E+07
    15 |      750 |  0.38445 |       2 |  0.6443 |  2.48117 |  1.51883 |  5.475466E+07 |  4.285994E+07
    16 |      800 |  0.36008 |       2 |  0.6297 |  2.50000 |  1.50000 |  5.445516E+07 |  4.285994E+07
    17 |      850 |  0.36504 |       2 |  0.6327 |  2.50000 |  1.50000 |  5.444438E+07 |  4.285248E+07
    18 |      900 | -1.8E-04 |       3 |  0.3999 |  2.48234 |  1.52435 |  5.439167E+07 |  4.285248E+07
    19 |      950 | -1.5E-02 |       3 |  0.3908 |  2.45793 |  1.55819 |  5.434690E+07 |  4.285248E+07
    20 |     1000 | -3.2E-02 |       3 |  0.3801 |  2.43537 |  1.58964 |  5.401518E+07 |  4.285248E+07
    21 |     1050 |  0.04783 |       3 |  0.4302 |  2.41046 |  1.61814 |  5.367830E+07 |  4.175512E+07
    22 |     1100 |  0.16016 |       3 |  0.5027 |  2.38709 |  1.63526 |  5.294516E+07 |  4.175512E+07
    23 |     1150 |  0.12800 |       3 |  0.4818 |  2.36578 |  1.66071 |  5.244747E+07 |  4.175512E+07
    24 |     1200 |  0.14400 |       3 |  0.4922 |  2.34554 |  1.67393 |  5.222797E+07 |  4.175512E+07
    25 |     1250 |  0.13178 |       3 |  0.4843 |  2.32825 |  1.69391 |  5.187117E+07 |  4.175512E+07
    26 |     1300 |  0.13327 |       3 |  0.4853 |  2.30999 |  1.71240 |  5.177999E+07 |  4.175512E+07
    27 |     1350 |  0.15065 |       3 |  0.4966 |  2.29067 |  1.73636 |  5.150878E+07 |  4.096749E+07
    28 |     1400 |  0.19520 |       3 |  0.5255 |  2.26951 |  1.75801 |  5.104270E+07 |  4.096749E+07
    29 |     1450 |  0.18792 |       3 |  0.5208 |  2.24967 |  1.77403 |  5.084967E+07 |  4.096749E+07
    30 |     1500 |  0.21077 |       3 |  0.5356 |  2.23264 |  1.78910 |  5.055576E+07 |  4.096749E+07
    31 |     1550 |  0.21077 |       3 |  0.5356 |  2.21712 |  1.80384 |  5.055576E+07 |  4.096749E+07
    32 |     1600 |  0.21011 |       3 |  0.5351 |  2.20255 |  1.81728 |  5.048696E+07 |  4.096749E+07
    33 |     1650 |  0.19893 |       3 |  0.5279 |  2.18735 |  1.84027 |  5.038689E+07 |  4.096749E+07
    34 |     1700 |  0.21281 |       3 |  0.5369 |  2.16927 |  1.85545 |  5.026483E+07 |  4.096749E+07
    35 |     1750 |  0.20279 |       3 |  0.5304 |  2.15265 |  1.87477 |  5.017710E+07 |  4.096749E+07
    36 |     1800 |  0.19764 |       3 |  0.5271 |  2.13595 |  1.88571 |  5.006794E+07 |  4.096749E+07
    37 |     1850 |  0.18855 |       3 |  0.5212 |  2.12196 |  1.90355 |  4.980953E+07 |  4.096749E+07
    38 |     1900 |  0.16853 |       3 |  0.5082 |  2.10607 |  1.92300 |  4.947322E+07 |  4.096749E+07
    39 |     1950 |  0.16853 |       3 |  0.5082 |  2.08952 |  1.93270 |  4.947322E+07 |  4.096749E+07
    40 |     2000 |  0.15079 |       3 |  0.4966 |  2.07627 |  1.95141 |  4.940671E+07 |  4.096749E+07
    41 |     2050 |  0.14889 |       3 |  0.4954 |  2.06088 |  1.96421 |  4.936389E+07 |  4.096749E+07
    42 |     2100 |  0.15954 |       3 |  0.5023 |  2.04705 |  1.97998 |  4.932664E+07 |  4.096749E+07
    43 |     2150 |  0.15076 |       3 |  0.4966 |  2.03260 |  1.99543 |  4.926998E+07 |  4.096749E+07
    44 |     2200 |  0.14811 |       3 |  0.4949 |  2.01823 |  2.00131 |  4.920174E+07 |  4.096749E+07
    45 |     2250 |  0.14811 |       3 |  0.4949 |  2.00830 |  2.01039 |  4.920174E+07 |  4.096749E+07
    46 |     2300 |  0.15286 |       3 |  0.4980 |  1.99898 |  2.02149 |  4.900232E+07 |  4.096749E+07
    47 |     2350 |  0.14389 |       3 |  0.4922 |  1.98899 |  2.03294 |  4.882876E+07 |  4.096749E+07
    48 |     2400 |  0.15538 |       3 |  0.4996 |  1.97853 |  2.04467 |  4.855701E+07 |  4.096749E+07
    49 |     2450 |  0.15538 |       3 |  0.4996 |  1.96765 |  2.05452 |  4.855701E+07 |  4.096749E+07
    50 |     2500 |  0.15750 |       3 |  0.5010 |  1.95740 |  2.06189 |  4.830045E+07 |  4.096749E+07
    51 |     2550 |  0.15740 |       3 |  0.5009 |  1.94911 |  2.07709 |  4.818795E+07 |  4.096749E+07
    52 |     2600 |  0.15740 |       3 |  0.5009 |  1.93754 |  2.08666 |  4.818795E+07 |  4.096749E+07
    53 |     2650 |  0.12757 |       3 |  0.4816 |  1.92703 |  2.09454 |  4.808347E+07 |  4.096749E+07
    54 |     2700 |  0.12986 |       3 |  0.4830 |  1.91797 |  2.10274 |  4.802750E+07 |  4.096749E+07
    55 |     2750 |  0.13013 |       3 |  0.4832 |  1.90937 |  2.10974 |  4.799983E+07 |  4.096749E+07
    56 |     2800 |  0.12918 |       3 |  0.4826 |  1.90196 |  2.11962 |  4.796696E+07 |  4.096749E+07
    57 |     2850 |  0.13107 |       3 |  0.4838 |  1.89331 |  2.12653 |  4.796027E+07 |  4.096749E+07
