=================================================
n_gen  |  n_eval  |     f_avg     |     f_min    
=================================================
     1 |       50 |  1.285086E+08 |  1.078053E+08
     2 |      100 |  1.256127E+08 |  1.078053E+08
     3 |      150 |  1.239034E+08 |  1.078053E+08
     4 |      200 |  1.226283E+08 |  1.078053E+08
     5 |      250 |  1.214403E+08 |  1.025725E+08
     6 |      300 |  1.196434E+08 |  1.025725E+08
     7 |      350 |  1.180171E+08 |  1.025725E+08
     8 |      400 |  1.167648E+08 |  1.025725E+08
     9 |      450 |  1.160887E+08 |  1.025725E+08
    10 |      500 |  1.154104E+08 |  1.025725E+08
    11 |      550 |  1.142375E+08 |  1.025725E+08
    12 |      600 |  1.133404E+08 |  1.025725E+08
    13 |      650 |  1.120920E+08 |  1.012035E+08
    14 |      700 |  1.114459E+08 |  1.012035E+08
    15 |      750 |  1.104835E+08 |  9.897627E+07
    16 |      800 |  1.098435E+08 |  9.897627E+07
    17 |      850 |  1.088209E+08 |  9.630809E+07
    18 |      900 |  1.083762E+08 |  9.630809E+07
    19 |      950 |  1.079940E+08 |  9.630809E+07
    20 |     1000 |  1.075360E+08 |  9.630809E+07
    21 |     1050 |  1.072074E+08 |  9.630809E+07
    22 |     1100 |  1.066961E+08 |  9.590983E+07
    23 |     1150 |  1.061370E+08 |  9.590983E+07
    24 |     1200 |  1.058836E+08 |  9.489661E+07
    25 |     1250 |  1.053878E+08 |  9.357879E+07
    26 |     1300 |  1.051373E+08 |  9.357879E+07
    27 |     1350 |  1.049667E+08 |  9.357879E+07
    28 |     1400 |  1.047210E+08 |  9.357879E+07
    29 |     1450 |  1.043518E+08 |  9.357879E+07
    30 |     1500 |  1.041340E+08 |  9.357879E+07
    31 |     1550 |  1.040451E+08 |  9.357879E+07
    32 |     1600 |  1.033721E+08 |  9.357879E+07
    33 |     1650 |  1.030523E+08 |  9.357879E+07
    34 |     1700 |  1.028542E+08 |  9.357879E+07
    35 |     1750 |  1.026085E+08 |  9.357879E+07
    36 |     1800 |  1.021633E+08 |  9.279593E+07
    37 |     1850 |  1.018653E+08 |  9.279593E+07
    38 |     1900 |  1.017778E+08 |  9.179494E+07
    39 |     1950 |  1.016418E+08 |  9.179494E+07
    40 |     2000 |  1.016408E+08 |  9.179494E+07
    41 |     2050 |  1.015909E+08 |  9.179494E+07
    42 |     2100 |  1.013161E+08 |  9.179494E+07
    43 |     2150 |  1.009699E+08 |  9.179494E+07
    44 |     2200 |  1.008956E+08 |  9.179494E+07
    45 |     2250 |  1.006613E+08 |  9.179494E+07
    46 |     2300 |  1.004638E+08 |  9.179494E+07
    47 |     2350 |  1.003369E+08 |  9.179494E+07
    48 |     2400 |  9.992387E+07 |  9.015389E+07
    49 |     2450 |  9.964823E+07 |  9.015389E+07
    50 |     2500 |  9.948623E+07 |  9.015389E+07
    51 |     2550 |  9.922999E+07 |  9.015389E+07
    52 |     2600 |  9.912975E+07 |  9.015389E+07
    53 |     2650 |  9.888919E+07 |  9.015389E+07
    54 |     2700 |  9.887749E+07 |  9.015389E+07
    55 |     2750 |  9.865701E+07 |  9.015389E+07
    56 |     2800 |  9.854765E+07 |  9.015389E+07
    57 |     2850 |  9.847989E+07 |  9.015389E+07
    58 |     2900 |  9.827477E+07 |  9.015389E+07
    59 |     2950 |  9.823112E+07 |  9.015389E+07
    60 |     3000 |  9.779158E+07 |  9.015389E+07
    61 |     3050 |  9.770679E+07 |  9.015389E+07
    62 |     3100 |  9.768833E+07 |  9.015389E+07
    63 |     3150 |  9.762043E+07 |  9.015389E+07
    64 |     3200 |  9.762043E+07 |  9.015389E+07
    65 |     3250 |  9.753311E+07 |  9.015389E+07
    66 |     3300 |  9.746200E+07 |  9.015389E+07
    67 |     3350 |  9.737368E+07 |  9.015389E+07
    68 |     3400 |  9.728461E+07 |  9.015389E+07
    69 |     3450 |  9.708682E+07 |  9.015389E+07
    70 |     3500 |  9.708682E+07 |  9.015389E+07
    71 |     3550 |  9.705897E+07 |  9.015389E+07
    72 |     3600 |  9.695625E+07 |  9.004729E+07
    73 |     3650 |  9.689731E+07 |  9.004729E+07
    74 |     3700 |  9.621556E+07 |  8.519640E+07
    75 |     3750 |  9.620426E+07 |  8.519640E+07
    76 |     3800 |  9.615686E+07 |  8.519640E+07
    77 |     3850 |  9.582880E+07 |  8.503991E+07
    78 |     3900 |  9.578064E+07 |  8.503991E+07
    79 |     3950 |  9.577980E+07 |  8.503991E+07
    80 |     4000 |  9.577933E+07 |  8.503991E+07
    81 |     4050 |  9.557129E+07 |  8.503991E+07
    82 |     4100 |  9.549523E+07 |  8.503991E+07
    83 |     4150 |  9.546490E+07 |  8.503991E+07
    84 |     4200 |  9.525067E+07 |  8.503991E+07
    85 |     4250 |  9.518199E+07 |  8.503991E+07
    86 |     4300 |  9.513474E+07 |  8.503991E+07
    87 |     4350 |  9.470756E+07 |  8.296231E+07
    88 |     4400 |  9.457223E+07 |  8.296231E+07
    89 |     4450 |  9.457223E+07 |  8.296231E+07
    90 |     4500 |  9.433805E+07 |  8.296231E+07
    91 |     4550 |  9.419420E+07 |  8.296231E+07
    92 |     4600 |  9.413003E+07 |  8.296231E+07
    93 |     4650 |  9.406805E+07 |  8.296231E+07
    94 |     4700 |  9.396593E+07 |  8.296231E+07
    95 |     4750 |  9.390624E+07 |  8.296231E+07
    96 |     4800 |  9.390624E+07 |  8.296231E+07
    97 |     4850 |  9.377433E+07 |  8.296231E+07
    98 |     4900 |  9.377190E+07 |  8.296231E+07
    99 |     4950 |  9.349611E+07 |  8.190564E+07
   100 |     5000 |  9.343196E+07 |  8.190564E+07
