======================================================================================================
n_gen  |  n_eval  |    f     |    S    |    w    |    c1    |    c2    |     f_avg     |     f_min    
======================================================================================================
     1 |       50 |        - |       - |  0.9000 |  2.00000 |  2.00000 |  1.009028E+08 |  8.541237E+07
     2 |      100 |  0.27909 |       2 |  0.5794 |  2.04574 |  1.95426 |  9.108307E+07 |  7.833623E+07
     3 |      150 |  0.06983 |       3 |  0.4443 |  2.04486 |  1.97461 |  8.651885E+07 |  7.717490E+07
     4 |      200 |  0.12106 |       3 |  0.4773 |  2.03447 |  1.98430 |  8.455186E+07 |  7.717490E+07
     5 |      250 |  0.09058 |       3 |  0.4576 |  2.02445 |  2.00126 |  8.372931E+07 |  7.717490E+07
     6 |      300 |  0.09956 |       3 |  0.4634 |  2.01135 |  2.01045 |  8.293781E+07 |  7.717490E+07
     7 |      350 |  0.00116 |       3 |  0.4007 |  2.00044 |  2.02233 |  8.218999E+07 |  7.717490E+07
     8 |      400 | -4.1E-03 |       3 |  0.3974 |  1.98932 |  2.03516 |  8.149150E+07 |  7.702404E+07
     9 |      450 |  0.30624 |       2 |  0.5965 |  2.01660 |  1.98950 |  8.089149E+07 |  7.439890E+07
    10 |      500 |  0.27421 |       2 |  0.5763 |  2.04227 |  1.95925 |  8.074441E+07 |  7.371647E+07
    11 |      550 |  0.23122 |       3 |  0.5488 |  2.04094 |  1.97286 |  8.053808E+07 |  7.371647E+07
    12 |      600 |  0.21520 |       3 |  0.5384 |  2.03317 |  1.99268 |  8.047774E+07 |  7.371647E+07
    13 |      650 |  0.16712 |       3 |  0.5073 |  2.01966 |  2.00952 |  8.003912E+07 |  7.371647E+07
    14 |      700 |  0.10603 |       3 |  0.4676 |  2.00493 |  2.02377 |  7.958079E+07 |  7.371647E+07
    15 |      750 |  0.09006 |       3 |  0.4573 |  1.99081 |  2.03413 |  7.948273E+07 |  7.371647E+07
    16 |      800 |  0.16016 |       3 |  0.5027 |  1.97889 |  2.04689 |  7.921873E+07 |  7.371647E+07
    17 |      850 |  0.13716 |       3 |  0.4878 |  1.96675 |  2.05557 |  7.911288E+07 |  7.371647E+07
    18 |      900 |  0.14421 |       3 |  0.4924 |  1.95648 |  2.06372 |  7.897590E+07 |  7.371647E+07
    19 |      950 |  0.10854 |       3 |  0.4692 |  1.94731 |  2.07017 |  7.886010E+07 |  7.371647E+07
    20 |     1000 |  0.10123 |       3 |  0.4645 |  1.93979 |  2.08017 |  7.879843E+07 |  7.371647E+07
    21 |     1050 |  0.06642 |       3 |  0.4421 |  1.93145 |  2.09215 |  7.872751E+07 |  7.371647E+07
    22 |     1100 |  0.07760 |       3 |  0.4492 |  1.92124 |  2.09880 |  7.863023E+07 |  7.336682E+07
    23 |     1150 |  0.05228 |       3 |  0.4330 |  1.91299 |  2.10703 |  7.853188E+07 |  7.336682E+07
    24 |     1200 |  0.03467 |       3 |  0.4218 |  1.90559 |  2.12166 |  7.847105E+07 |  7.336682E+07
    25 |     1250 |  0.02964 |       3 |  0.4186 |  1.89512 |  2.13442 |  7.844503E+07 |  7.336682E+07
    26 |     1300 | -7.6E-03 |       3 |  0.3953 |  1.88314 |  2.14035 |  7.780858E+07 |  7.221712E+07
    27 |     1350 |  0.15757 |       3 |  0.5011 |  1.87488 |  2.15247 |  7.775192E+07 |  7.221712E+07
    28 |     1400 |  0.13906 |       3 |  0.4890 |  1.86514 |  2.16346 |  7.771116E+07 |  7.221712E+07
    29 |     1450 |  0.13906 |       3 |  0.4890 |  1.85399 |  2.16724 |  7.771116E+07 |  7.221712E+07
    30 |     1500 |  0.09037 |       3 |  0.4575 |  1.84622 |  2.17196 |  7.737602E+07 |  7.193837E+07
    31 |     1550 |  0.46055 |       2 |  0.6883 |  1.87329 |  2.13123 |  7.727045E+07 |  7.193837E+07
    32 |     1600 |  0.36522 |       2 |  0.6328 |  1.90779 |  2.09333 |  7.710147E+07 |  7.193837E+07
    33 |     1650 |  0.33978 |       2 |  0.6173 |  1.95165 |  2.04863 |  7.697001E+07 |  7.193837E+07
    34 |     1700 |  0.34915 |       2 |  0.6230 |  1.99598 |  2.00409 |  7.694362E+07 |  7.193837E+07
    35 |     1750 |  0.34704 |       2 |  0.6217 |  2.02590 |  1.97412 |  7.682986E+07 |  7.193837E+07
    36 |     1800 |  0.32940 |       2 |  0.6109 |  2.05517 |  1.94484 |  7.675073E+07 |  7.193837E+07
    37 |     1850 |  0.34032 |       2 |  0.6176 |  2.09920 |  1.90080 |  7.654815E+07 |  7.193837E+07
    38 |     1900 |  0.33482 |       2 |  0.6142 |  2.14295 |  1.85705 |  7.653202E+07 |  7.193837E+07
    39 |     1950 |  0.32822 |       2 |  0.6101 |  2.17123 |  1.82877 |  7.651180E+07 |  7.193837E+07
    40 |     2000 |  0.29984 |       2 |  0.5925 |  2.20239 |  1.79761 |  7.643601E+07 |  7.193837E+07
    41 |     2050 |  0.29923 |       2 |  0.5921 |  2.23380 |  1.76620 |  7.627844E+07 |  7.114778E+07
    42 |     2100 |  0.31324 |       2 |  0.6008 |  2.28156 |  1.71844 |  7.626866E+07 |  7.114778E+07
    43 |     2150 |  0.32657 |       2 |  0.6091 |  2.33075 |  1.66925 |  7.617936E+07 |  7.114778E+07
    44 |     2200 |  0.30808 |       2 |  0.5976 |  2.35591 |  1.64409 |  7.614882E+07 |  7.114778E+07
    45 |     2250 |  0.30809 |       2 |  0.5976 |  2.39393 |  1.60607 |  7.614002E+07 |  7.114778E+07
    46 |     2300 |  0.20206 |       3 |  0.5299 |  2.38900 |  1.62315 |  7.611626E+07 |  7.114778E+07
    47 |     2350 |  0.18710 |       3 |  0.5202 |  2.37692 |  1.63833 |  7.608440E+07 |  7.114778E+07
    48 |     2400 |  0.18710 |       3 |  0.5202 |  2.36187 |  1.65780 |  7.608440E+07 |  7.114778E+07
    49 |     2450 |  0.17460 |       3 |  0.5121 |  2.34339 |  1.68080 |  7.606445E+07 |  7.114778E+07
    50 |     2500 |  0.14209 |       3 |  0.4910 |  2.32201 |  1.70573 |  7.581090E+07 |  7.114778E+07
    51 |     2550 |  0.13314 |       3 |  0.4852 |  2.30046 |  1.72423 |  7.580920E+07 |  7.114778E+07
    52 |     2600 |  0.11630 |       3 |  0.4742 |  2.27991 |  1.74846 |  7.580307E+07 |  7.114778E+07
    53 |     2650 |  0.11630 |       3 |  0.4742 |  2.25837 |  1.76928 |  7.580307E+07 |  7.114778E+07
    54 |     2700 |  0.10431 |       3 |  0.4665 |  2.23979 |  1.77961 |  7.575335E+07 |  7.114778E+07
    55 |     2750 |  0.01766 |       3 |  0.4111 |  2.22521 |  1.79598 |  7.567885E+07 |  7.114778E+07
    56 |     2800 |  0.01368 |       3 |  0.4086 |  2.20861 |  1.81952 |  7.565951E+07 |  7.114778E+07
    57 |     2850 |  0.01368 |       3 |  0.4086 |  2.18957 |  1.83612 |  7.565951E+07 |  7.114778E+07
    58 |     2900 | -6.2E-03 |       3 |  0.3961 |  2.17203 |  1.85470 |  7.562211E+07 |  7.114778E+07
    59 |     2950 |  0.00881 |       3 |  0.4055 |  2.15537 |  1.86550 |  7.551581E+07 |  7.114778E+07
    60 |     3000 |  0.00881 |       3 |  0.4055 |  2.14197 |  1.87864 |  7.551581E+07 |  7.114778E+07
    61 |     3050 |  0.02204 |       3 |  0.4138 |  2.12930 |  1.88872 |  7.550080E+07 |  7.114778E+07
    62 |     3100 |  0.00535 |       3 |  0.4033 |  2.11687 |  1.91189 |  7.547857E+07 |  7.114778E+07
    63 |     3150 | -2.7E-03 |       3 |  0.3983 |  2.10034 |  1.92083 |  7.546318E+07 |  7.114778E+07
    64 |     3200 |  0.00197 |       3 |  0.4012 |  2.08790 |  1.93298 |  7.546157E+07 |  7.114778E+07
    65 |     3250 |  0.00197 |       3 |  0.4012 |  2.07582 |  1.94550 |  7.546157E+07 |  7.114778E+07
    66 |     3300 | -8.0E-03 |       3 |  0.3950 |  2.06379 |  1.95738 |  7.545817E+07 |  7.114778E+07
    67 |     3350 | -1.2E-03 |       3 |  0.3992 |  2.05212 |  1.96848 |  7.535201E+07 |  7.114778E+07
    68 |     3400 | -1.2E-03 |       3 |  0.3992 |  2.04063 |  1.98813 |  7.535201E+07 |  7.114778E+07
    69 |     3450 | -2.9E-03 |       3 |  0.3982 |  2.02547 |  2.00472 |  7.532198E+07 |  7.114778E+07
    70 |     3500 | -6.1E-03 |       3 |  0.3962 |  2.01011 |  2.01534 |  7.525213E+07 |  7.114778E+07
    71 |     3550 | -1.7E-02 |       3 |  0.3895 |  1.99744 |  2.02485 |  7.515818E+07 |  7.114778E+07
