======================================================================================================
n_gen  |  n_eval  |    f     |    S    |    w    |    c1    |    c2    |     f_avg     |     f_min    
======================================================================================================
     1 |       50 |        - |       - |  0.9000 |  2.00000 |  2.00000 |  1.331322E+08 |  1.166339E+08
     2 |      100 |  0.46343 |       2 |  0.6899 |  2.03445 |  1.96555 |  1.005832E+08 |  7.759285E+07
     3 |      150 |  0.30691 |       2 |  0.5969 |  2.06384 |  1.93616 |  9.129191E+07 |  7.732319E+07
     4 |      200 |  0.12504 |       3 |  0.4799 |  2.06259 |  1.95716 |  8.824971E+07 |  7.590847E+07
     5 |      250 |  0.63824 |       1 |  0.7780 |  2.14588 |  1.85902 |  8.750780E+07 |  7.590847E+07
     6 |      300 |  0.54437 |       1 |  0.7330 |  2.22783 |  1.77338 |  8.676677E+07 |  7.419449E+07
     7 |      350 |  0.16666 |       3 |  0.5070 |  2.22381 |  1.79118 |  8.549145E+07 |  7.413540E+07
     8 |      400 |  0.47489 |       2 |  0.6962 |  2.26226 |  1.74142 |  8.372318E+07 |  7.327790E+07
     9 |      450 |  0.67279 |       1 |  0.7931 |  2.31206 |  1.68884 |  8.201331E+07 |  7.248284E+07
    10 |      500 |  0.92804 |       4 |  0.8816 |  2.22039 |  1.77983 |  8.186748E+07 |  7.248284E+07
    11 |      550 |  0.92600 |       4 |  0.8810 |  2.13390 |  1.86615 |  8.172913E+07 |  7.248284E+07
    12 |      600 |  0.92475 |       4 |  0.8807 |  2.05088 |  1.94913 |  8.163722E+07 |  7.248284E+07
    13 |      650 |  0.91288 |       4 |  0.8774 |  1.95575 |  2.04426 |  8.163206E+07 |  7.248284E+07
    14 |      700 |  0.82194 |       4 |  0.8496 |  1.87580 |  2.12420 |  8.142498E+07 |  7.248284E+07
    15 |      750 |  0.79952 |       4 |  0.8420 |  1.79428 |  2.20572 |  8.125537E+07 |  7.248284E+07
    16 |      800 |  0.70665 |       1 |  0.8072 |  1.86777 |  2.13223 |  8.106748E+07 |  7.145482E+07
    17 |      850 |  0.86143 |       4 |  0.8623 |  1.80967 |  2.19033 |  8.049477E+07 |  7.145482E+07
    18 |      900 |  0.81677 |       4 |  0.8479 |  1.73460 |  2.26540 |  8.047457E+07 |  7.145482E+07
    19 |      950 |  0.76577 |       1 |  0.8300 |  1.81109 |  2.18891 |  8.035774E+07 |  7.145482E+07
    20 |     1000 |  0.65563 |       1 |  0.7857 |  1.88833 |  2.11167 |  8.016992E+07 |  7.145482E+07
    21 |     1050 |  0.63822 |       1 |  0.7780 |  1.96756 |  2.03244 |  7.994955E+07 |  7.145482E+07
    22 |     1100 |  0.60986 |       1 |  0.7650 |  2.03717 |  1.96283 |  7.973960E+07 |  7.145482E+07
    23 |     1150 |  0.54694 |       1 |  0.7343 |  2.10002 |  1.89998 |  7.964745E+07 |  7.145482E+07
    24 |     1200 |  0.49528 |       2 |  0.7073 |  2.14652 |  1.85348 |  7.948523E+07 |  7.145482E+07
    25 |     1250 |  0.43882 |       2 |  0.6760 |  2.17833 |  1.82167 |  7.902014E+07 |  7.145482E+07
    26 |     1300 |  0.48206 |       2 |  0.7001 |  2.21600 |  1.78400 |  7.897858E+07 |  7.012146E+07
    27 |     1350 |  0.72691 |       1 |  0.8153 |  2.28117 |  1.71883 |  7.879937E+07 |  7.012146E+07
    28 |     1400 |  0.72691 |       1 |  0.8153 |  2.33414 |  1.66586 |  7.879937E+07 |  7.012146E+07
    29 |     1450 |  0.72691 |       1 |  0.8153 |  2.39330 |  1.60670 |  7.879937E+07 |  7.012146E+07
    30 |     1500 |  0.67493 |       1 |  0.7940 |  2.48287 |  1.51713 |  7.871398E+07 |  7.012146E+07
    31 |     1550 |  0.67493 |       1 |  0.7940 |  2.50000 |  1.50000 |  7.871398E+07 |  7.012146E+07
    32 |     1600 |  0.67309 |       1 |  0.7932 |  2.50000 |  1.50000 |  7.870821E+07 |  7.012146E+07
    33 |     1650 |  0.73908 |       1 |  0.8200 |  2.50000 |  1.50000 |  7.868506E+07 |  6.896434E+07
    34 |     1700 |  0.74447 |       1 |  0.8220 |  2.50000 |  1.50000 |  7.859456E+07 |  6.896434E+07
    35 |     1750 |  0.68655 |       1 |  0.7989 |  2.50000 |  1.50000 |  7.834231E+07 |  6.896434E+07
    36 |     1800 |  0.68655 |       1 |  0.7989 |  2.50000 |  1.50000 |  7.834231E+07 |  6.896434E+07
    37 |     1850 |  0.63967 |       1 |  0.7786 |  2.50000 |  1.50000 |  7.827199E+07 |  6.896434E+07
    38 |     1900 |  0.63924 |       1 |  0.7784 |  2.50000 |  1.50000 |  7.826728E+07 |  6.896434E+07
    39 |     1950 |  0.60380 |       1 |  0.7621 |  2.50000 |  1.50000 |  7.821880E+07 |  6.896434E+07
    40 |     2000 |  0.53722 |       1 |  0.7293 |  2.50000 |  1.50000 |  7.813102E+07 |  6.896434E+07
    41 |     2050 |  0.50340 |       1 |  0.7116 |  2.50000 |  1.50000 |  7.790499E+07 |  6.896434E+07
    42 |     2100 |  0.41149 |       2 |  0.6602 |  2.50000 |  1.50000 |  7.764457E+07 |  6.896434E+07
    43 |     2150 |  0.37975 |       2 |  0.6415 |  2.50000 |  1.50000 |  7.745395E+07 |  6.896434E+07
    44 |     2200 |  0.37975 |       2 |  0.6415 |  2.50000 |  1.50000 |  7.745395E+07 |  6.896434E+07
    45 |     2250 |  0.38129 |       2 |  0.6424 |  2.50000 |  1.50000 |  7.736403E+07 |  6.896434E+07
    46 |     2300 |  0.37083 |       2 |  0.6361 |  2.50000 |  1.50000 |  7.726015E+07 |  6.896434E+07
    47 |     2350 |  0.28254 |       2 |  0.5816 |  2.50000 |  1.50000 |  7.695451E+07 |  6.896434E+07
    48 |     2400 |  0.26719 |       2 |  0.5718 |  2.50000 |  1.50000 |  7.677228E+07 |  6.896434E+07
    49 |     2450 |  0.27608 |       2 |  0.5775 |  2.50000 |  1.50000 |  7.672482E+07 |  6.896434E+07
    50 |     2500 |  0.30722 |       2 |  0.5971 |  2.50000 |  1.50000 |  7.669854E+07 |  6.896434E+07
    51 |     2550 |  0.28667 |       2 |  0.5842 |  2.50000 |  1.50000 |  7.653907E+07 |  6.896434E+07
    52 |     2600 |  0.38571 |       2 |  0.6451 |  2.50000 |  1.50000 |  7.637744E+07 |  6.896434E+07
    53 |     2650 |  0.38571 |       2 |  0.6451 |  2.50000 |  1.50000 |  7.637744E+07 |  6.896434E+07
    54 |     2700 |  0.36678 |       2 |  0.6337 |  2.50000 |  1.50000 |  7.636630E+07 |  6.896434E+07
    55 |     2750 |  0.18727 |       3 |  0.5203 |  2.48347 |  1.52278 |  7.623233E+07 |  6.896434E+07
    56 |     2800 |  0.20038 |       3 |  0.5289 |  2.46142 |  1.55334 |  7.620627E+07 |  6.896434E+07
    57 |     2850 |  0.19616 |       3 |  0.5261 |  2.43831 |  1.58555 |  7.619627E+07 |  6.896434E+07
    58 |     2900 |  0.28157 |       2 |  0.5809 |  2.44933 |  1.55632 |  7.614262E+07 |  6.896434E+07
    59 |     2950 |  0.28723 |       2 |  0.5845 |  2.48276 |  1.51857 |  7.610376E+07 |  6.896434E+07
    60 |     3000 |  0.18344 |       3 |  0.5179 |  2.46191 |  1.55264 |  7.588711E+07 |  6.896434E+07
    61 |     3050 |  0.18344 |       3 |  0.5179 |  2.43788 |  1.58614 |  7.588711E+07 |  6.896434E+07
    62 |     3100 |  0.18719 |       3 |  0.5203 |  2.41619 |  1.60586 |  7.578660E+07 |  6.870813E+07
    63 |     3150 |  0.04673 |       3 |  0.4295 |  2.39691 |  1.62290 |  7.568633E+07 |  6.870813E+07
    64 |     3200 |  0.04644 |       3 |  0.4293 |  2.37598 |  1.65196 |  7.566843E+07 |  6.870813E+07
    65 |     3250 |  0.03603 |       3 |  0.4227 |  2.35259 |  1.67303 |  7.564088E+07 |  6.870813E+07
    66 |     3300 |  0.03603 |       3 |  0.4227 |  2.33218 |  1.68986 |  7.564088E+07 |  6.870813E+07
    67 |     3350 |  0.09227 |       3 |  0.4587 |  2.31497 |  1.70404 |  7.563724E+07 |  6.852615E+07
    68 |     3400 |  0.08372 |       3 |  0.4532 |  2.29685 |  1.73119 |  7.563724E+07 |  6.852615E+07
    69 |     3450 |  0.04522 |       3 |  0.4285 |  2.27682 |  1.74427 |  7.547235E+07 |  6.852615E+07
    70 |     3500 |  0.04522 |       3 |  0.4285 |  2.26074 |  1.75993 |  7.547235E+07 |  6.852615E+07
    71 |     3550 |  0.04522 |       3 |  0.4285 |  2.24490 |  1.77700 |  7.547235E+07 |  6.852615E+07
    72 |     3600 |  0.04522 |       3 |  0.4285 |  2.22707 |  1.80246 |  7.547235E+07 |  6.852615E+07
    73 |     3650 |  0.03371 |       3 |  0.4212 |  2.20807 |  1.81191 |  7.544924E+07 |  6.852615E+07
    74 |     3700 |  0.00228 |       3 |  0.4014 |  2.19415 |  1.82570 |  7.538322E+07 |  6.852615E+07
    75 |     3750 | -8.2E-03 |       3 |  0.3949 |  2.18031 |  1.84103 |  7.532857E+07 |  6.852615E+07
    76 |     3800 | -1.6E-02 |       3 |  0.3899 |  2.16556 |  1.85864 |  7.531886E+07 |  6.852615E+07
    77 |     3850 | -2.4E-02 |       3 |  0.3853 |  2.14915 |  1.87919 |  7.528702E+07 |  6.852615E+07
    78 |     3900 |  0.13718 |       3 |  0.4878 |  2.13148 |  1.89467 |  7.528153E+07 |  6.852615E+07
    79 |     3950 |  0.13174 |       3 |  0.4843 |  2.11564 |  1.90797 |  7.524694E+07 |  6.852615E+07
    80 |     4000 |  0.11060 |       3 |  0.4706 |  2.10102 |  1.92635 |  7.508238E+07 |  6.852615E+07
    81 |     4050 |  0.11060 |       3 |  0.4706 |  2.08545 |  1.93631 |  7.508238E+07 |  6.852615E+07
    82 |     4100 |  0.11060 |       3 |  0.4706 |  2.07325 |  1.94468 |  7.508238E+07 |  6.852615E+07
    83 |     4150 |  0.10299 |       3 |  0.4656 |  2.06303 |  1.95662 |  7.507552E+07 |  6.852615E+07
    84 |     4200 |  0.10949 |       3 |  0.4698 |  2.05223 |  1.96620 |  7.494556E+07 |  6.852615E+07
    85 |     4250 |  0.10949 |       3 |  0.4698 |  2.04206 |  1.98045 |  7.494556E+07 |  6.852615E+07
    86 |     4300 |  0.10905 |       3 |  0.4696 |  2.03010 |  1.99319 |  7.482176E+07 |  6.852615E+07
    87 |     4350 |  0.10905 |       3 |  0.4696 |  2.01793 |  2.01050 |  7.482176E+07 |  6.852615E+07
    88 |     4400 |  0.10905 |       3 |  0.4696 |  2.00361 |  2.02678 |  7.482176E+07 |  6.852615E+07
    89 |     4450 |  0.10905 |       3 |  0.4696 |  1.98872 |  2.03765 |  7.482176E+07 |  6.852615E+07
    90 |     4500 |  0.10297 |       3 |  0.4656 |  1.97605 |  2.04508 |  7.480130E+07 |  6.852615E+07
    91 |     4550 |  0.10297 |       3 |  0.4656 |  1.96616 |  2.05370 |  7.480130E+07 |  6.852615E+07
    92 |     4600 |  0.10297 |       3 |  0.4656 |  1.95735 |  2.06862 |  7.480130E+07 |  6.852615E+07
    93 |     4650 |  0.10297 |       3 |  0.4656 |  1.94564 |  2.07755 |  7.480130E+07 |  6.852615E+07
    94 |     4700 |  0.10749 |       3 |  0.4685 |  1.93578 |  2.09084 |  7.460937E+07 |  6.852615E+07
    95 |     4750 |  0.10215 |       3 |  0.4651 |  1.92438 |  2.10056 |  7.457484E+07 |  6.852615E+07
    96 |     4800 |  0.10344 |       3 |  0.4659 |  1.91410 |  2.11093 |  7.446139E+07 |  6.852615E+07
    97 |     4850 |  0.10344 |       3 |  0.4659 |  1.90443 |  2.12484 |  7.446139E+07 |  6.852615E+07
