=================================================
n_gen  |  n_eval  |     f_avg     |     f_min    
=================================================
     1 |       50 |  1.342533E+08 |  9.775194E+07
     2 |      100 |  1.271084E+08 |  9.139894E+07
     3 |      150 |  1.196983E+08 |  9.139894E+07
     4 |      200 |  1.145546E+08 |  9.139894E+07
     5 |      250 |  1.104756E+08 |  9.139894E+07
     6 |      300 |  1.075140E+08 |  9.139894E+07
     7 |      350 |  1.043222E+08 |  9.139894E+07
     8 |      400 |  1.018712E+08 |  9.100350E+07
     9 |      450 |  1.006790E+08 |  8.846229E+07
    10 |      500 |  9.918582E+07 |  8.846229E+07
    11 |      550 |  9.822524E+07 |  8.846229E+07
    12 |      600 |  9.730450E+07 |  8.846229E+07
    13 |      650 |  9.628382E+07 |  8.846229E+07
    14 |      700 |  9.570090E+07 |  8.846229E+07
    15 |      750 |  9.521315E+07 |  8.846229E+07
    16 |      800 |  9.478874E+07 |  8.846229E+07
    17 |      850 |  9.453803E+07 |  8.846229E+07
    18 |      900 |  9.403630E+07 |  8.846229E+07
    19 |      950 |  9.388474E+07 |  8.846229E+07
    20 |     1000 |  9.367532E+07 |  8.846229E+07
    21 |     1050 |  9.354570E+07 |  8.846229E+07
    22 |     1100 |  9.324008E+07 |  8.846229E+07
    23 |     1150 |  9.309034E+07 |  8.846229E+07
    24 |     1200 |  9.306602E+07 |  8.846229E+07
    25 |     1250 |  9.301206E+07 |  8.846229E+07
    26 |     1300 |  9.279747E+07 |  8.846229E+07
    27 |     1350 |  9.276045E+07 |  8.846229E+07
    28 |     1400 |  9.257055E+07 |  8.846229E+07
    29 |     1450 |  9.242049E+07 |  8.846229E+07
    30 |     1500 |  9.232014E+07 |  8.846229E+07
    31 |     1550 |  9.226154E+07 |  8.846229E+07
    32 |     1600 |  9.211286E+07 |  8.846229E+07
    33 |     1650 |  9.200610E+07 |  8.846229E+07
    34 |     1700 |  9.198764E+07 |  8.846229E+07
    35 |     1750 |  9.196185E+07 |  8.737913E+07
    36 |     1800 |  9.183334E+07 |  8.737913E+07
    37 |     1850 |  9.178707E+07 |  8.737913E+07
    38 |     1900 |  9.173880E+07 |  8.737913E+07
    39 |     1950 |  9.173193E+07 |  8.737913E+07
    40 |     2000 |  9.158578E+07 |  8.737913E+07
    41 |     2050 |  9.138535E+07 |  8.737913E+07
    42 |     2100 |  9.136744E+07 |  8.737913E+07
    43 |     2150 |  9.125927E+07 |  8.737913E+07
    44 |     2200 |  9.121843E+07 |  8.737913E+07
    45 |     2250 |  9.111035E+07 |  8.737913E+07
    46 |     2300 |  9.111035E+07 |  8.737913E+07
    47 |     2350 |  9.101877E+07 |  8.737913E+07
    48 |     2400 |  9.101284E+07 |  8.737913E+07
    49 |     2450 |  9.092814E+07 |  8.737913E+07
    50 |     2500 |  9.085813E+07 |  8.737913E+07
    51 |     2550 |  9.083409E+07 |  8.737913E+07
    52 |     2600 |  9.077642E+07 |  8.737913E+07
    53 |     2650 |  9.077642E+07 |  8.737913E+07
    54 |     2700 |  9.075100E+07 |  8.737913E+07
    55 |     2750 |  9.066433E+07 |  8.737913E+07
    56 |     2800 |  9.049688E+07 |  8.626095E+07
    57 |     2850 |  9.049688E+07 |  8.626095E+07
    58 |     2900 |  9.045517E+07 |  8.626095E+07
    59 |     2950 |  9.042678E+07 |  8.626095E+07
    60 |     3000 |  9.031822E+07 |  8.626095E+07
    61 |     3050 |  9.023307E+07 |  8.626095E+07
    62 |     3100 |  9.017053E+07 |  8.626095E+07
    63 |     3150 |  9.007101E+07 |  8.626095E+07
    64 |     3200 |  9.007101E+07 |  8.626095E+07
    65 |     3250 |  9.002861E+07 |  8.626095E+07
    66 |     3300 |  8.989171E+07 |  8.626095E+07
    67 |     3350 |  8.983694E+07 |  8.626095E+07
    68 |     3400 |  8.970003E+07 |  8.626095E+07
    69 |     3450 |  8.965744E+07 |  8.626095E+07
    70 |     3500 |  8.963165E+07 |  8.626095E+07
    71 |     3550 |  8.963156E+07 |  8.626095E+07
    72 |     3600 |  8.963156E+07 |  8.626095E+07
    73 |     3650 |  8.960520E+07 |  8.626095E+07
    74 |     3700 |  8.960520E+07 |  8.626095E+07
    75 |     3750 |  8.960520E+07 |  8.626095E+07
    76 |     3800 |  8.960520E+07 |  8.626095E+07
    77 |     3850 |  8.960079E+07 |  8.626095E+07
    78 |     3900 |  8.954063E+07 |  8.626095E+07
    79 |     3950 |  8.941280E+07 |  8.569439E+07
    80 |     4000 |  8.941280E+07 |  8.569439E+07
    81 |     4050 |  8.940950E+07 |  8.569439E+07
    82 |     4100 |  8.940098E+07 |  8.569439E+07
    83 |     4150 |  8.935961E+07 |  8.569439E+07
    84 |     4200 |  8.929270E+07 |  8.391421E+07
    85 |     4250 |  8.929131E+07 |  8.391421E+07
    86 |     4300 |  8.929131E+07 |  8.391421E+07
    87 |     4350 |  8.927418E+07 |  8.391421E+07
    88 |     4400 |  8.927418E+07 |  8.391421E+07
    89 |     4450 |  8.927418E+07 |  8.391421E+07
    90 |     4500 |  8.926518E+07 |  8.391421E+07
    91 |     4550 |  8.924858E+07 |  8.391421E+07
    92 |     4600 |  8.921824E+07 |  8.391421E+07
    93 |     4650 |  8.921824E+07 |  8.391421E+07
    94 |     4700 |  8.921824E+07 |  8.391421E+07
    95 |     4750 |  8.921824E+07 |  8.391421E+07
    96 |     4800 |  8.919984E+07 |  8.391421E+07
    97 |     4850 |  8.919984E+07 |  8.391421E+07
    98 |     4900 |  8.919984E+07 |  8.391421E+07
    99 |     4950 |  8.914098E+07 |  8.391421E+07
   100 |     5000 |  8.912390E+07 |  8.391421E+07
