======================================================================================================
n_gen  |  n_eval  |    f     |    S    |    w    |    c1    |    c2    |     f_avg     |     f_min    
======================================================================================================
     1 |       50 |        - |       - |  0.9000 |  2.00000 |  2.00000 |  1.391121E+08 |  1.268683E+08
     2 |      100 |  0.53931 |       1 |  0.7304 |  2.07153 |  1.92847 |  1.201873E+08 |  1.062011E+08
     3 |      150 |  0.19773 |       3 |  0.5271 |  2.07042 |  1.94513 |  1.163333E+08 |  1.031610E+08
     4 |      200 |  0.36226 |       2 |  0.6310 |  2.10027 |  1.90361 |  1.152663E+08 |  1.031610E+08
     5 |      250 |  0.11989 |       3 |  0.4766 |  2.09622 |  1.92545 |  1.148297E+08 |  1.031610E+08
     6 |      300 |  0.08343 |       3 |  0.4530 |  2.08355 |  1.93813 |  1.144966E+08 |  1.031610E+08
     7 |      350 |  0.06212 |       3 |  0.4393 |  2.07117 |  1.95018 |  1.139896E+08 |  1.031610E+08
     8 |      400 |  0.03077 |       3 |  0.4193 |  2.05894 |  1.96710 |  1.133233E+08 |  1.031610E+08
     9 |      450 |  0.00734 |       3 |  0.4046 |  2.04496 |  1.97607 |  1.130728E+08 |  1.031610E+08
    10 |      500 |  0.02058 |       3 |  0.4129 |  2.03364 |  1.99014 |  1.127414E+08 |  1.017750E+08
    11 |      550 |  0.21176 |       3 |  0.5362 |  2.02114 |  2.00700 |  1.123725E+08 |  1.017750E+08
    12 |      600 |  0.19187 |       3 |  0.5233 |  2.00690 |  2.01752 |  1.118056E+08 |  1.017750E+08
    13 |      650 |  0.24605 |       2 |  0.5583 |  2.03248 |  1.97361 |  1.114230E+08 |  9.905036E+07
    14 |      700 |  0.37862 |       2 |  0.6408 |  2.06085 |  1.94067 |  1.111402E+08 |  9.905036E+07
    15 |      750 |  0.32728 |       2 |  0.6096 |  2.10239 |  1.89799 |  1.108119E+08 |  9.905036E+07
    16 |      800 |  0.28051 |       2 |  0.5803 |  2.14645 |  1.85364 |  1.103571E+08 |  9.905036E+07
    17 |      850 |  0.22705 |       3 |  0.5461 |  2.14334 |  1.87771 |  1.100118E+08 |  9.905036E+07
    18 |      900 |  0.19960 |       3 |  0.5283 |  2.12936 |  1.89696 |  1.097830E+08 |  9.905036E+07
    19 |      950 |  0.08539 |       3 |  0.4543 |  2.11334 |  1.91151 |  1.093695E+08 |  9.905036E+07
    20 |     1000 |  0.07542 |       3 |  0.4478 |  2.09901 |  1.92002 |  1.092093E+08 |  9.905036E+07
    21 |     1050 |  0.06963 |       3 |  0.4441 |  2.08700 |  1.94128 |  1.091169E+08 |  9.905036E+07
    22 |     1100 |  0.07287 |       3 |  0.4462 |  2.07063 |  1.96030 |  1.090941E+08 |  9.905036E+07
    23 |     1150 |  0.06607 |       3 |  0.4418 |  2.05349 |  1.97739 |  1.089320E+08 |  9.905036E+07
    24 |     1200 |  0.10011 |       3 |  0.4638 |  2.03709 |  1.98849 |  1.087010E+08 |  9.868357E+07
    25 |     1250 |  0.36058 |       2 |  0.6300 |  2.05624 |  1.95013 |  1.082647E+08 |  9.868357E+07
    26 |     1300 |  0.35281 |       2 |  0.6252 |  2.09780 |  1.90379 |  1.081815E+08 |  9.868357E+07
    27 |     1350 |  0.35281 |       2 |  0.6252 |  2.13570 |  1.86470 |  1.081815E+08 |  9.868357E+07
    28 |     1400 |  0.33981 |       2 |  0.6173 |  2.16645 |  1.83365 |  1.081446E+08 |  9.868357E+07
    29 |     1450 |  0.49859 |       2 |  0.7091 |  2.19367 |  1.80636 |  1.080837E+08 |  9.868357E+07
    30 |     1500 |  0.47883 |       2 |  0.6984 |  2.21924 |  1.78077 |  1.080666E+08 |  9.868357E+07
    31 |     1550 |  0.48730 |       2 |  0.7030 |  2.26243 |  1.73757 |  1.080567E+08 |  9.868357E+07
    32 |     1600 |  0.46028 |       2 |  0.6881 |  2.30036 |  1.69964 |  1.080192E+08 |  9.868357E+07
    33 |     1650 |  0.47823 |       2 |  0.6980 |  2.34474 |  1.65526 |  1.078512E+08 |  9.868357E+07
    34 |     1700 |  0.42824 |       2 |  0.6699 |  2.39295 |  1.60705 |  1.077268E+08 |  9.868357E+07
    35 |     1750 |  0.39923 |       2 |  0.6531 |  2.41844 |  1.58156 |  1.076603E+08 |  9.868357E+07
    36 |     1800 |  0.40056 |       2 |  0.6538 |  2.45502 |  1.54498 |  1.076352E+08 |  9.868357E+07
    37 |     1850 |  0.39541 |       2 |  0.6508 |  2.49922 |  1.50078 |  1.075998E+08 |  9.868357E+07
    38 |     1900 |  0.39541 |       2 |  0.6508 |  2.50000 |  1.50000 |  1.075998E+08 |  9.868357E+07
    39 |     1950 |  0.39761 |       2 |  0.6521 |  2.50000 |  1.50000 |  1.075139E+08 |  9.868357E+07
    40 |     2000 |  0.39327 |       2 |  0.6495 |  2.50000 |  1.50000 |  1.073880E+08 |  9.868357E+07
    41 |     2050 |  0.34865 |       2 |  0.6227 |  2.50000 |  1.50000 |  1.073316E+08 |  9.868357E+07
    42 |     2100 |  0.33838 |       2 |  0.6164 |  2.50000 |  1.50000 |  1.072567E+08 |  9.868357E+07
    43 |     2150 |  0.32358 |       2 |  0.6073 |  2.50000 |  1.50000 |  1.071597E+08 |  9.868357E+07
    44 |     2200 |  0.32358 |       2 |  0.6073 |  2.50000 |  1.50000 |  1.071597E+08 |  9.868357E+07
    45 |     2250 |  0.32347 |       2 |  0.6072 |  2.50000 |  1.50000 |  1.071288E+08 |  9.868357E+07
    46 |     2300 |  0.32347 |       2 |  0.6072 |  2.50000 |  1.50000 |  1.071288E+08 |  9.868357E+07
    47 |     2350 |  0.30493 |       2 |  0.5956 |  2.50000 |  1.50000 |  1.071223E+08 |  9.868357E+07
    48 |     2400 |  0.30493 |       2 |  0.5956 |  2.50000 |  1.50000 |  1.071223E+08 |  9.868357E+07
    49 |     2450 |  0.24335 |       2 |  0.5566 |  2.50000 |  1.50000 |  1.070157E+08 |  9.868357E+07
    50 |     2500 |  0.23718 |       2 |  0.5526 |  2.50000 |  1.50000 |  1.069184E+08 |  9.868357E+07
    51 |     2550 |  0.23718 |       2 |  0.5526 |  2.50000 |  1.50000 |  1.068655E+08 |  9.868357E+07
    52 |     2600 |  0.23411 |       2 |  0.5506 |  2.50000 |  1.50000 |  1.067677E+08 |  9.868357E+07
    53 |     2650 |  0.22788 |       3 |  0.5466 |  2.48194 |  1.52489 |  1.065365E+08 |  9.868357E+07
    54 |     2700 |  0.22788 |       3 |  0.5466 |  2.46632 |  1.54653 |  1.065365E+08 |  9.868357E+07
