=================================================
n_gen  |  n_eval  |     f_avg     |     f_min    
=================================================
     1 |       50 |  1.130201E+08 |  8.954392E+07
     2 |      100 |  1.105110E+08 |  8.954392E+07
     3 |      150 |  1.080235E+08 |  8.594785E+07
     4 |      200 |  1.066446E+08 |  8.594785E+07
     5 |      250 |  1.045050E+08 |  8.594785E+07
     6 |      300 |  1.025347E+08 |  8.594785E+07
     7 |      350 |  1.008141E+08 |  8.594785E+07
     8 |      400 |  9.903163E+07 |  8.594785E+07
     9 |      450 |  9.807017E+07 |  8.537880E+07
    10 |      500 |  9.743589E+07 |  8.537880E+07
    11 |      550 |  9.628534E+07 |  8.537880E+07
    12 |      600 |  9.544767E+07 |  8.158583E+07
    13 |      650 |  9.423581E+07 |  8.158583E+07
    14 |      700 |  9.301866E+07 |  8.158583E+07
    15 |      750 |  9.232761E+07 |  8.158583E+07
    16 |      800 |  9.154889E+07 |  8.158583E+07
    17 |      850 |  9.064059E+07 |  8.158583E+07
    18 |      900 |  9.006615E+07 |  7.884018E+07
    19 |      950 |  8.974474E+07 |  7.884018E+07
    20 |     1000 |  8.924704E+07 |  7.884018E+07
    21 |     1050 |  8.859507E+07 |  7.640074E+07
    22 |     1100 |  8.757764E+07 |  7.640074E+07
    23 |     1150 |  8.692891E+07 |  7.608490E+07
    24 |     1200 |  8.652643E+07 |  7.608490E+07
    25 |     1250 |  8.635978E+07 |  7.608490E+07
    26 |     1300 |  8.593721E+07 |  7.608490E+07
    27 |     1350 |  8.516785E+07 |  7.542980E+07
    28 |     1400 |  8.478870E+07 |  7.542980E+07
    29 |     1450 |  8.419935E+07 |  7.522516E+07
    30 |     1500 |  8.356339E+07 |  7.480938E+07
    31 |     1550 |  8.329783E+07 |  7.051709E+07
    32 |     1600 |  8.294439E+07 |  7.051709E+07
    33 |     1650 |  8.236713E+07 |  7.051709E+07
    34 |     1700 |  8.211572E+07 |  7.051709E+07
    35 |     1750 |  8.176258E+07 |  7.051709E+07
    36 |     1800 |  8.150241E+07 |  7.051709E+07
    37 |     1850 |  8.146387E+07 |  7.051709E+07
    38 |     1900 |  8.101977E+07 |  7.051709E+07
    39 |     1950 |  8.092100E+07 |  7.051709E+07
    40 |     2000 |  8.061889E+07 |  7.051709E+07
    41 |     2050 |  8.051183E+07 |  7.051709E+07
    42 |     2100 |  8.008637E+07 |  7.032978E+07
    43 |     2150 |  7.973551E+07 |  7.032978E+07
    44 |     2200 |  7.961978E+07 |  6.984835E+07
    45 |     2250 |  7.921850E+07 |  6.984835E+07
    46 |     2300 |  7.913179E+07 |  6.984835E+07
    47 |     2350 |  7.888145E+07 |  6.984835E+07
    48 |     2400 |  7.846121E+07 |  6.984835E+07
    49 |     2450 |  7.843625E+07 |  6.984835E+07
    50 |     2500 |  7.835994E+07 |  6.984835E+07
    51 |     2550 |  7.812885E+07 |  6.984835E+07
    52 |     2600 |  7.771123E+07 |  6.984835E+07
    53 |     2650 |  7.730699E+07 |  6.688338E+07
    54 |     2700 |  7.725122E+07 |  6.688338E+07
    55 |     2750 |  7.707193E+07 |  6.688338E+07
    56 |     2800 |  7.699129E+07 |  6.688338E+07
    57 |     2850 |  7.684425E+07 |  6.688338E+07
    58 |     2900 |  7.675533E+07 |  6.688338E+07
    59 |     2950 |  7.649505E+07 |  6.397497E+07
    60 |     3000 |  7.629924E+07 |  6.397497E+07
    61 |     3050 |  7.620655E+07 |  6.397497E+07
    62 |     3100 |  7.577113E+07 |  6.397497E+07
    63 |     3150 |  7.505462E+07 |  6.397497E+07
    64 |     3200 |  7.473304E+07 |  6.397497E+07
    65 |     3250 |  7.468486E+07 |  6.397497E+07
    66 |     3300 |  7.441358E+07 |  6.391025E+07
    67 |     3350 |  7.394660E+07 |  6.391025E+07
    68 |     3400 |  7.365818E+07 |  6.391025E+07
    69 |     3450 |  7.350354E+07 |  6.391025E+07
    70 |     3500 |  7.336306E+07 |  6.391025E+07
    71 |     3550 |  7.294338E+07 |  6.096990E+07
    72 |     3600 |  7.236293E+07 |  5.926033E+07
    73 |     3650 |  7.217652E+07 |  5.926033E+07
    74 |     3700 |  7.168501E+07 |  5.926033E+07
    75 |     3750 |  7.154466E+07 |  5.926033E+07
    76 |     3800 |  7.131830E+07 |  5.926033E+07
    77 |     3850 |  7.084968E+07 |  5.684587E+07
    78 |     3900 |  7.060714E+07 |  5.684587E+07
    79 |     3950 |  7.033052E+07 |  5.684587E+07
    80 |     4000 |  6.998260E+07 |  5.684587E+07
    81 |     4050 |  6.966117E+07 |  5.684587E+07
    82 |     4100 |  6.939904E+07 |  5.684587E+07
    83 |     4150 |  6.928028E+07 |  5.684587E+07
    84 |     4200 |  6.886975E+07 |  5.684587E+07
    85 |     4250 |  6.873010E+07 |  5.684587E+07
    86 |     4300 |  6.825915E+07 |  5.684587E+07
    87 |     4350 |  6.805127E+07 |  5.684587E+07
    88 |     4400 |  6.792039E+07 |  5.664834E+07
    89 |     4450 |  6.771866E+07 |  5.664834E+07
    90 |     4500 |  6.745485E+07 |  5.664834E+07
    91 |     4550 |  6.714042E+07 |  5.664834E+07
    92 |     4600 |  6.699632E+07 |  5.664834E+07
    93 |     4650 |  6.681062E+07 |  5.664834E+07
    94 |     4700 |  6.664369E+07 |  5.664834E+07
    95 |     4750 |  6.643381E+07 |  5.664834E+07
    96 |     4800 |  6.615608E+07 |  5.664834E+07
    97 |     4850 |  6.605357E+07 |  5.664834E+07
    98 |     4900 |  6.595579E+07 |  5.664834E+07
    99 |     4950 |  6.562271E+07 |  5.664834E+07
   100 |     5000 |  6.537498E+07 |  5.664834E+07
