de MKS_nc_15_ncl_1_nv_30_generated_r_0.20_0.20_0.60_2.json
=================================================
n_gen  |  n_eval  |     f_avg     |     f_min    
=================================================
     1 |       50 |  4.093697E+07 |  3.151366E+07
     2 |      100 |  3.772933E+07 |  2.914452E+07
     3 |      150 |  3.584480E+07 |  2.869449E+07
     4 |      200 |  3.475573E+07 |  2.859600E+07
     5 |      250 |  3.360563E+07 |  2.859600E+07
     6 |      300 |  3.252094E+07 |  2.732577E+07
     7 |      350 |  3.164748E+07 |  2.533066E+07
     8 |      400 |  3.133912E+07 |  2.533066E+07
     9 |      450 |  3.103753E+07 |  2.533066E+07
    10 |      500 |  3.074115E+07 |  2.533066E+07
    11 |      550 |  3.060180E+07 |  2.533066E+07
    12 |      600 |  3.037984E+07 |  2.533066E+07
    13 |      650 |  3.003593E+07 |  2.533066E+07
    14 |      700 |  2.964514E+07 |  2.533066E+07
    15 |      750 |  2.957837E+07 |  2.505150E+07
    16 |      800 |  2.946009E+07 |  2.505150E+07
    17 |      850 |  2.934458E+07 |  2.505150E+07
    18 |      900 |  2.930210E+07 |  2.505150E+07
    19 |      950 |  2.911550E+07 |  2.505150E+07
    20 |     1000 |  2.909826E+07 |  2.505150E+07
    21 |     1050 |  2.905139E+07 |  2.505150E+07
    22 |     1100 |  2.903155E+07 |  2.505150E+07
    23 |     1150 |  2.896762E+07 |  2.505150E+07
    24 |     1200 |  2.886368E+07 |  2.505150E+07
    25 |     1250 |  2.882129E+07 |  2.505150E+07
    26 |     1300 |  2.880129E+07 |  2.505150E+07
    27 |     1350 |  2.866443E+07 |  2.505150E+07
    28 |     1400 |  2.857660E+07 |  2.459974E+07
