de JK2_nc_30_ncl_3_nv_60_generated_r_0.20_0.20_0.60_0.json
=================================================
n_gen  |  n_eval  |     f_avg     |     f_min    
=================================================
     1 |       50 |  6.396519E+07 |  5.459969E+07
     2 |      100 |  6.156462E+07 |  5.094435E+07
     3 |      150 |  6.092691E+07 |  5.094435E+07
     4 |      200 |  6.026823E+07 |  5.094435E+07
     5 |      250 |  5.961721E+07 |  5.094435E+07
     6 |      300 |  5.909690E+07 |  5.094435E+07
     7 |      350 |  5.870152E+07 |  5.094435E+07
     8 |      400 |  5.865582E+07 |  5.094435E+07
     9 |      450 |  5.861465E+07 |  5.094435E+07
    10 |      500 |  5.831895E+07 |  5.094435E+07
    11 |      550 |  5.831524E+07 |  5.094435E+07
    12 |      600 |  5.816634E+07 |  5.094435E+07
    13 |      650 |  5.801193E+07 |  5.094435E+07
    14 |      700 |  5.793780E+07 |  5.094435E+07
    15 |      750 |  5.771166E+07 |  5.094435E+07
    16 |      800 |  5.771061E+07 |  5.094435E+07
    17 |      850 |  5.753730E+07 |  5.094435E+07
    18 |      900 |  5.743797E+07 |  5.094435E+07
    19 |      950 |  5.743797E+07 |  5.094435E+07
    20 |     1000 |  5.728520E+07 |  5.094435E+07
    21 |     1050 |  5.713883E+07 |  5.094435E+07
    22 |     1100 |  5.696287E+07 |  5.094435E+07
    23 |     1150 |  5.691221E+07 |  5.094435E+07
