=================================================
n_gen  |  n_eval  |     f_avg     |     f_min    
=================================================
     1 |       50 |  8.003249E+07 |  6.445695E+07
     2 |      100 |  7.454121E+07 |  6.371998E+07
     3 |      150 |  7.257264E+07 |  6.371998E+07
     4 |      200 |  7.033656E+07 |  6.204249E+07
     5 |      250 |  6.837607E+07 |  6.001372E+07
     6 |      300 |  6.645929E+07 |  6.001372E+07
     7 |      350 |  6.419564E+07 |  5.381833E+07
     8 |      400 |  6.209386E+07 |  5.377495E+07
     9 |      450 |  5.943846E+07 |  4.954929E+07
    10 |      500 |  5.717322E+07 |  4.954929E+07
    11 |      550 |  5.457729E+07 |  4.947226E+07
    12 |      600 |  5.317220E+07 |  4.947226E+07
    13 |      650 |  5.160746E+07 |  4.764351E+07
    14 |      700 |  5.051299E+07 |  4.728777E+07
    15 |      750 |  4.895194E+07 |  4.556708E+07
    16 |      800 |  4.764427E+07 |  4.403805E+07
    17 |      850 |  4.651158E+07 |  4.147757E+07
    18 |      900 |  4.503874E+07 |  4.147757E+07
    19 |      950 |  4.363761E+07 |  3.912768E+07
    20 |     1000 |  4.263081E+07 |  3.912768E+07
    21 |     1050 |  4.163962E+07 |  3.864941E+07
    22 |     1100 |  4.069677E+07 |  3.690485E+07
    23 |     1150 |  4.011106E+07 |  3.690485E+07
    24 |     1200 |  3.930366E+07 |  3.657050E+07
    25 |     1250 |  3.819280E+07 |  3.567949E+07
    26 |     1300 |  3.737001E+07 |  3.567949E+07
    27 |     1350 |  3.678317E+07 |  3.567949E+07
    28 |     1400 |  3.646210E+07 |  3.567927E+07
    29 |     1450 |  3.619103E+07 |  3.547098E+07
    30 |     1500 |  3.589886E+07 |  3.405722E+07
    31 |     1550 |  3.570301E+07 |  3.405722E+07
    32 |     1600 |  3.556717E+07 |  3.405722E+07
    33 |     1650 |  3.543390E+07 |  3.400320E+07
    34 |     1700 |  3.520499E+07 |  3.399014E+07
    35 |     1750 |  3.477124E+07 |  3.399014E+07
    36 |     1800 |  3.418722E+07 |  3.399014E+07
    37 |     1850 |  3.401516E+07 |  3.394817E+07
    38 |     1900 |  3.400094E+07 |  3.394817E+07
    39 |     1950 |  3.398790E+07 |  3.391584E+07
    40 |     2000 |  3.397318E+07 |  3.387439E+07
    41 |     2050 |  3.395150E+07 |  3.387137E+07
    42 |     2100 |  3.392209E+07 |  3.386547E+07
    43 |     2150 |  3.386194E+07 |  3.250094E+07
    44 |     2200 |  3.384826E+07 |  3.250094E+07
    45 |     2250 |  3.379512E+07 |  3.250094E+07
    46 |     2300 |  3.373734E+07 |  3.246971E+07
    47 |     2350 |  3.362388E+07 |  3.246222E+07
    48 |     2400 |  3.331036E+07 |  3.246222E+07
    49 |     2450 |  3.281517E+07 |  3.246222E+07
    50 |     2500 |  3.248783E+07 |  3.246222E+07
    51 |     2550 |  3.246444E+07 |  3.246222E+07
    52 |     2600 |  3.246231E+07 |  3.246222E+07
    53 |     2650 |  3.246222E+07 |  3.246222E+07
    54 |     2700 |  3.246164E+07 |  3.243281E+07
    55 |     2750 |  3.246164E+07 |  3.243281E+07
    56 |     2800 |  3.245928E+07 |  3.243281E+07
    57 |     2850 |  3.245516E+07 |  3.243281E+07
    58 |     2900 |  3.244634E+07 |  3.243281E+07
    59 |     2950 |  3.235788E+07 |  2.868599E+07
    60 |     3000 |  3.213283E+07 |  2.867436E+07
    61 |     3050 |  3.148568E+07 |  2.867436E+07
    62 |     3100 |  3.013129E+07 |  2.867436E+07
    63 |     3150 |  2.869058E+07 |  2.867436E+07
    64 |     3200 |  2.867573E+07 |  2.867436E+07
    65 |     3250 |  2.867253E+07 |  2.858291E+07
    66 |     3300 |  2.867253E+07 |  2.858291E+07
    67 |     3350 |  2.866887E+07 |  2.858291E+07
    68 |     3400 |  2.866704E+07 |  2.858291E+07
    69 |     3450 |  2.865789E+07 |  2.858291E+07
    70 |     3500 |  2.863682E+07 |  2.858291E+07
    71 |     3550 |  2.860750E+07 |  2.858291E+07
    72 |     3600 |  2.858291E+07 |  2.858291E+07
    73 |     3650 |  2.858291E+07 |  2.858291E+07
    74 |     3700 |  2.858291E+07 |  2.858291E+07
    75 |     3750 |  2.858291E+07 |  2.858291E+07
    76 |     3800 |  2.858291E+07 |  2.858291E+07
    77 |     3850 |  2.858291E+07 |  2.858257E+07
    78 |     3900 |  2.858290E+07 |  2.858257E+07
    79 |     3950 |  2.858156E+07 |  2.851672E+07
    80 |     4000 |  2.857888E+07 |  2.851637E+07
    81 |     4050 |  2.857488E+07 |  2.851637E+07
    82 |     4100 |  2.856555E+07 |  2.851637E+07
    83 |     4150 |  2.855389E+07 |  2.851637E+07
    84 |     4200 |  2.853043E+07 |  2.851637E+07
    85 |     4250 |  2.851660E+07 |  2.851637E+07
    86 |     4300 |  2.851650E+07 |  2.851637E+07
    87 |     4350 |  2.851637E+07 |  2.851637E+07
    88 |     4400 |  2.851637E+07 |  2.851637E+07
    89 |     4450 |  2.851637E+07 |  2.851637E+07
    90 |     4500 |  2.851637E+07 |  2.851637E+07
    91 |     4550 |  2.851637E+07 |  2.851637E+07
    92 |     4600 |  2.851637E+07 |  2.851637E+07
    93 |     4650 |  2.851637E+07 |  2.851637E+07
    94 |     4700 |  2.851637E+07 |  2.851637E+07
    95 |     4750 |  2.851637E+07 |  2.851637E+07
    96 |     4800 |  2.851637E+07 |  2.851637E+07
    97 |     4850 |  2.851637E+07 |  2.851637E+07
    98 |     4900 |  2.851637E+07 |  2.851637E+07
    99 |     4950 |  2.851637E+07 |  2.851637E+07
   100 |     5000 |  2.851637E+07 |  2.851637E+07
