======================================================================================================
n_gen  |  n_eval  |    f     |    S    |    w    |    c1    |    c2    |     f_avg     |     f_min    
======================================================================================================
     1 |       50 |        - |       - |  0.9000 |  2.00000 |  2.00000 |  4.525286E+07 |  3.398215E+07
     2 |      100 |  0.56962 |       1 |  0.7456 |  2.08579 |  1.91421 |  3.555252E+07 |  2.980629E+07
     3 |      150 |  0.24645 |       2 |  0.5586 |  2.12061 |  1.87939 |  3.407150E+07 |  2.980629E+07
     4 |      200 |  0.17404 |       3 |  0.5118 |  2.11787 |  1.90507 |  3.351720E+07 |  2.889914E+07
     5 |      250 |  0.10595 |       3 |  0.4675 |  2.10362 |  1.92282 |  3.248236E+07 |  2.855774E+07
     6 |      300 |  0.29027 |       2 |  0.5864 |  2.13629 |  1.87027 |  3.193016E+07 |  2.855774E+07
     7 |      350 |  0.20502 |       3 |  0.5319 |  2.13055 |  1.88808 |  3.161510E+07 |  2.855774E+07
     8 |      400 |  0.14522 |       3 |  0.4930 |  2.11809 |  1.90816 |  3.137261E+07 |  2.855774E+07
     9 |      450 |  0.11208 |       3 |  0.4715 |  2.10295 |  1.91639 |  3.108303E+07 |  2.855774E+07
    10 |      500 |  0.09677 |       3 |  0.4616 |  2.09061 |  1.93844 |  3.096466E+07 |  2.855774E+07
    11 |      550 |  0.08647 |       3 |  0.4550 |  2.07412 |  1.95194 |  3.095948E+07 |  2.855774E+07
    12 |      600 |  0.06073 |       3 |  0.4384 |  2.05967 |  1.96377 |  3.085075E+07 |  2.855774E+07
    13 |      650 |  0.08890 |       3 |  0.4565 |  2.04696 |  1.97406 |  3.065320E+07 |  2.855774E+07
    14 |      700 |  0.07176 |       3 |  0.4455 |  2.03547 |  1.99164 |  3.055094E+07 |  2.853731E+07
    15 |      750 |  0.16065 |       3 |  0.5031 |  2.02129 |  2.00796 |  3.046443E+07 |  2.847167E+07
    16 |      800 |  0.27895 |       2 |  0.5793 |  2.03787 |  1.96941 |  3.044146E+07 |  2.847167E+07
    17 |      850 |  0.27133 |       2 |  0.5744 |  2.07377 |  1.92804 |  3.040005E+07 |  2.820332E+07
    18 |      900 |  0.10657 |       3 |  0.4679 |  2.07110 |  1.95336 |  3.025066E+07 |  2.820332E+07
    19 |      950 |  0.10496 |       3 |  0.4669 |  2.05768 |  1.96276 |  3.024816E+07 |  2.820332E+07
    20 |     1000 |  0.10384 |       3 |  0.4662 |  2.04643 |  1.97538 |  3.023180E+07 |  2.820332E+07
    21 |     1050 |  0.16272 |       3 |  0.5044 |  2.03474 |  1.98760 |  3.018175E+07 |  2.820332E+07
    22 |     1100 |  0.15318 |       3 |  0.4982 |  2.02313 |  1.99593 |  3.012727E+07 |  2.810538E+07
    23 |     1150 |  0.11900 |       3 |  0.4760 |  2.01322 |  2.01516 |  3.011096E+07 |  2.810538E+07
    24 |     1200 |  0.10201 |       3 |  0.4650 |  1.99906 |  2.02951 |  3.003992E+07 |  2.810538E+07
    25 |     1250 |  0.12142 |       3 |  0.4776 |  1.98514 |  2.03954 |  3.003608E+07 |  2.810538E+07
    26 |     1300 |  0.11265 |       3 |  0.4719 |  1.97339 |  2.04865 |  3.003381E+07 |  2.810538E+07
    27 |     1350 |  0.10729 |       3 |  0.4684 |  1.96336 |  2.06326 |  2.991103E+07 |  2.810538E+07
    28 |     1400 |  0.11201 |       3 |  0.4715 |  1.95119 |  2.07178 |  2.989635E+07 |  2.810538E+07
    29 |     1450 |  0.11503 |       3 |  0.4734 |  1.94148 |  2.08836 |  2.988064E+07 |  2.810538E+07
    30 |     1500 |  0.11069 |       3 |  0.4706 |  1.92823 |  2.09475 |  2.983615E+07 |  2.810538E+07
    31 |     1550 |  0.10399 |       3 |  0.4663 |  1.91826 |  2.10019 |  2.981927E+07 |  2.810538E+07
    32 |     1600 |  0.11372 |       3 |  0.4726 |  1.91086 |  2.10934 |  2.977119E+07 |  2.810538E+07
    33 |     1650 |  0.12565 |       3 |  0.4803 |  1.90337 |  2.12315 |  2.963499E+07 |  2.810538E+07
    34 |     1700 |  0.11360 |       3 |  0.4725 |  1.89325 |  2.13567 |  2.956962E+07 |  2.810538E+07
    35 |     1750 |  0.11187 |       3 |  0.4714 |  1.88257 |  2.14896 |  2.956610E+07 |  2.810538E+07
    36 |     1800 |  0.10090 |       3 |  0.4643 |  1.87025 |  2.15582 |  2.955919E+07 |  2.810538E+07
    37 |     1850 |  0.10090 |       3 |  0.4643 |  1.86057 |  2.16305 |  2.955919E+07 |  2.810538E+07
    38 |     1900 |  0.09602 |       3 |  0.4611 |  1.85313 |  2.17600 |  2.953705E+07 |  2.810538E+07
    39 |     1950 |  0.10379 |       3 |  0.4662 |  1.84279 |  2.18351 |  2.947775E+07 |  2.810538E+07
    40 |     2000 |  0.09802 |       3 |  0.4624 |  1.83286 |  2.18608 |  2.943980E+07 |  2.800855E+07
    41 |     2050 |  0.10940 |       3 |  0.4698 |  1.82803 |  2.19836 |  2.937246E+07 |  2.800855E+07
    42 |     2100 |  0.08705 |       3 |  0.4553 |  1.81846 |  2.20112 |  2.926235E+07 |  2.800855E+07
    43 |     2150 |  0.07507 |       3 |  0.4476 |  1.81197 |  2.20528 |  2.925622E+07 |  2.800855E+07
    44 |     2200 |  0.05990 |       3 |  0.4379 |  1.80829 |  2.21690 |  2.916715E+07 |  2.800855E+07
    45 |     2250 | -4.1E-02 |       3 |  0.3745 |  1.80007 |  2.22134 |  2.913588E+07 |  2.800855E+07
    46 |     2300 | -4.5E-02 |       3 |  0.3724 |  1.79501 |  2.23183 |  2.912103E+07 |  2.800855E+07
    47 |     2350 | -4.4E-02 |       3 |  0.3729 |  1.78619 |  2.23485 |  2.910881E+07 |  2.800855E+07
    48 |     2400 | -4.4E-02 |       3 |  0.3729 |  1.78170 |  2.24517 |  2.910881E+07 |  2.800855E+07
    49 |     2450 | -4.3E-02 |       3 |  0.3736 |  1.77309 |  2.24765 |  2.910386E+07 |  2.800855E+07
    50 |     2500 | -4.2E-02 |       3 |  0.3742 |  1.76818 |  2.25476 |  2.909827E+07 |  2.800855E+07
    51 |     2550 | -4.0E-02 |       3 |  0.3756 |  1.76288 |  2.26242 |  2.902361E+07 |  2.800855E+07
    52 |     2600 | -4.9E-02 |       3 |  0.3699 |  1.75633 |  2.26800 |  2.901332E+07 |  2.800855E+07
    53 |     2650 | -4.8E-02 |       3 |  0.3705 |  1.74956 |  2.27139 |  2.899844E+07 |  2.800855E+07
    54 |     2700 | -4.8E-02 |       3 |  0.3704 |  1.74572 |  2.27958 |  2.895910E+07 |  2.800855E+07
    55 |     2750 | -4.9E-02 |       3 |  0.3698 |  1.74113 |  2.28897 |  2.895028E+07 |  2.800855E+07
    56 |     2800 | -4.9E-02 |       3 |  0.3699 |  1.73153 |  2.28817 |  2.894501E+07 |  2.800855E+07
    57 |     2850 | -4.8E-02 |       3 |  0.3703 |  1.72797 |  2.29443 |  2.893625E+07 |  2.800855E+07
    58 |     2900 | -4.9E-02 |       3 |  0.3698 |  1.72274 |  2.29811 |  2.890831E+07 |  2.800855E+07
    59 |     2950 | -4.9E-02 |       3 |  0.3697 |  1.71942 |  2.30505 |  2.885324E+07 |  2.800855E+07
    60 |     3000 | -4.9E-02 |       3 |  0.3698 |  1.71481 |  2.31099 |  2.884638E+07 |  2.800855E+07
    61 |     3050 | -4.9E-02 |       3 |  0.3697 |  1.70775 |  2.31159 |  2.883821E+07 |  2.800855E+07
    62 |     3100 | -4.9E-02 |       3 |  0.3697 |  1.70414 |  2.31566 |  2.883821E+07 |  2.800855E+07
    63 |     3150 | -5.0E-02 |       3 |  0.3693 |  1.70262 |  2.32449 |  2.878627E+07 |  2.800855E+07
    64 |     3200 | -5.0E-02 |       3 |  0.3693 |  1.69655 |  2.32721 |  2.878627E+07 |  2.800855E+07
    65 |     3250 | -4.7E-02 |       3 |  0.3710 |  1.69226 |  2.33148 |  2.874938E+07 |  2.800855E+07
    66 |     3300 | -4.6E-02 |       3 |  0.3718 |  1.68781 |  2.33506 |  2.872529E+07 |  2.792137E+07
    67 |     3350 |  0.19048 |       3 |  0.5224 |  1.68327 |  2.33769 |  2.872529E+07 |  2.792137E+07
    68 |     3400 |  0.17124 |       3 |  0.5099 |  1.68190 |  2.34557 |  2.868983E+07 |  2.792137E+07
    69 |     3450 |  0.14707 |       3 |  0.4942 |  1.67838 |  2.35199 |  2.866339E+07 |  2.792137E+07
    70 |     3500 |  0.15152 |       3 |  0.4971 |  1.67048 |  2.35076 |  2.865387E+07 |  2.792137E+07
    71 |     3550 |  0.13582 |       3 |  0.4869 |  1.66887 |  2.35718 |  2.865201E+07 |  2.792137E+07
    72 |     3600 |  0.14910 |       3 |  0.4956 |  1.66540 |  2.36190 |  2.858588E+07 |  2.461453E+07
    73 |     3650 |  0.35397 |       2 |  0.6259 |  1.69115 |  2.31549 |  2.858588E+07 |  2.461453E+07
    74 |     3700 |  0.35397 |       2 |  0.6259 |  1.72107 |  2.28056 |  2.858588E+07 |  2.461453E+07
    75 |     3750 |  0.35397 |       2 |  0.6259 |  1.74666 |  2.25374 |  2.858588E+07 |  2.461453E+07
    76 |     3800 |  0.35397 |       2 |  0.6259 |  1.77758 |  2.22252 |  2.858588E+07 |  2.461453E+07
    77 |     3850 |  0.34401 |       2 |  0.6199 |  1.80461 |  2.19542 |  2.856947E+07 |  2.461453E+07
    78 |     3900 |  0.34401 |       2 |  0.6199 |  1.84250 |  2.15751 |  2.856947E+07 |  2.461453E+07
    79 |     3950 |  0.34401 |       2 |  0.6199 |  1.87726 |  2.12274 |  2.856947E+07 |  2.461453E+07
    80 |     4000 |  0.34401 |       2 |  0.6199 |  1.91815 |  2.08185 |  2.856947E+07 |  2.461453E+07
    81 |     4050 |  0.34401 |       2 |  0.6199 |  1.95980 |  2.04020 |  2.856947E+07 |  2.461453E+07
    82 |     4100 |  0.34401 |       2 |  0.6199 |  2.00256 |  1.99744 |  2.856947E+07 |  2.461453E+07
    83 |     4150 |  0.35129 |       2 |  0.6243 |  2.04418 |  1.95582 |  2.855893E+07 |  2.461453E+07
    84 |     4200 |  0.31313 |       2 |  0.6008 |  2.07593 |  1.92407 |  2.854442E+07 |  2.461453E+07
    85 |     4250 |  0.30684 |       2 |  0.5968 |  2.11224 |  1.88776 |  2.853767E+07 |  2.461453E+07
    86 |     4300 |  0.30684 |       2 |  0.5968 |  2.15772 |  1.84228 |  2.853767E+07 |  2.461453E+07
    87 |     4350 |  0.30684 |       2 |  0.5968 |  2.20030 |  1.79970 |  2.853767E+07 |  2.461453E+07
    88 |     4400 |  0.30684 |       2 |  0.5968 |  2.22801 |  1.77199 |  2.853767E+07 |  2.461453E+07
    89 |     4450 |  0.30684 |       2 |  0.5968 |  2.27793 |  1.72207 |  2.853767E+07 |  2.461453E+07
    90 |     4500 |  0.29654 |       2 |  0.5904 |  2.32137 |  1.67863 |  2.853391E+07 |  2.461453E+07
    91 |     4550 |  0.29654 |       2 |  0.5904 |  2.34787 |  1.65213 |  2.853391E+07 |  2.461453E+07
    92 |     4600 |  0.29654 |       2 |  0.5904 |  2.37921 |  1.62079 |  2.853391E+07 |  2.461453E+07
    93 |     4650 |  0.29654 |       2 |  0.5904 |  2.40757 |  1.59243 |  2.853391E+07 |  2.461453E+07
    94 |     4700 |  0.28224 |       2 |  0.5814 |  2.44233 |  1.55767 |  2.852404E+07 |  2.461453E+07
    95 |     4750 |  0.27574 |       2 |  0.5772 |  2.46876 |  1.53124 |  2.851809E+07 |  2.461453E+07
    96 |     4800 |  0.28244 |       2 |  0.5815 |  2.50000 |  1.50000 |  2.851333E+07 |  2.461453E+07
    97 |     4850 |  0.27884 |       2 |  0.5792 |  2.50000 |  1.50000 |  2.850756E+07 |  2.461453E+07
    98 |     4900 |  0.26643 |       2 |  0.5713 |  2.50000 |  1.50000 |  2.849676E+07 |  2.461453E+07
    99 |     4950 |  0.27195 |       2 |  0.5748 |  2.50000 |  1.50000 |  2.849614E+07 |  2.461453E+07
   100 |     5000 |  0.27195 |       2 |  0.5748 |  2.50000 |  1.50000 |  2.849614E+07 |  2.461453E+07
