======================================================================================================
n_gen  |  n_eval  |    f     |    S    |    w    |    c1    |    c2    |     f_avg     |     f_min    
======================================================================================================
     1 |       50 |        - |       - |  0.9000 |  2.00000 |  2.00000 |  8.239333E+07 |  6.932271E+07
     2 |      100 |  0.13411 |       3 |  0.4858 |  2.00000 |  2.02175 |  7.643569E+07 |  6.469726E+07
     3 |      150 |  0.19555 |       3 |  0.5257 |  1.98940 |  2.03620 |  7.348671E+07 |  6.354817E+07
     4 |      200 | -2.0E-02 |       3 |  0.3873 |  1.97712 |  2.04557 |  7.126425E+07 |  6.214651E+07
     5 |      250 | -1.5E-02 |       3 |  0.3904 |  1.96653 |  2.05577 |  6.962395E+07 |  6.040743E+07
     6 |      300 |  0.07138 |       3 |  0.4453 |  1.95632 |  2.06487 |  6.819853E+07 |  6.040743E+07
     7 |      350 | -1.3E-02 |       3 |  0.3917 |  1.94716 |  2.07957 |  6.672005E+07 |  5.896959E+07
     8 |      400 |  0.03768 |       3 |  0.4237 |  1.93515 |  2.08551 |  6.626020E+07 |  5.896959E+07
     9 |      450 |  0.01449 |       3 |  0.4091 |  1.92663 |  2.09765 |  6.590953E+07 |  5.896959E+07
    10 |      500 | -3.1E-03 |       3 |  0.3981 |  1.91684 |  2.11099 |  6.484119E+07 |  5.896959E+07
    11 |      550 | -1.7E-02 |       3 |  0.3895 |  1.90514 |  2.11788 |  6.428815E+07 |  5.896959E+07
    12 |      600 | -1.6E-02 |       3 |  0.3901 |  1.89564 |  2.12338 |  6.406720E+07 |  5.896959E+07
    13 |      650 | -1.5E-02 |       3 |  0.3909 |  1.88824 |  2.13039 |  6.372133E+07 |  5.773197E+07
    14 |      700 |  0.04712 |       3 |  0.4297 |  1.88176 |  2.14185 |  6.348670E+07 |  5.773197E+07
    15 |      750 |  0.03339 |       3 |  0.4210 |  1.87273 |  2.14870 |  6.337928E+07 |  5.773197E+07
    16 |      800 |  0.02239 |       3 |  0.4140 |  1.86547 |  2.15975 |  6.275054E+07 |  5.393236E+07
    17 |      850 |  0.23225 |       3 |  0.5494 |  1.85725 |  2.17283 |  6.270384E+07 |  5.393236E+07
    18 |      900 |  0.19388 |       3 |  0.5246 |  1.84695 |  2.18334 |  6.265688E+07 |  5.383372E+07
    19 |      950 |  0.18099 |       3 |  0.5163 |  1.83582 |  2.18814 |  6.248203E+07 |  5.383372E+07
    20 |     1000 |  0.16232 |       3 |  0.5041 |  1.82792 |  2.19533 |  6.244201E+07 |  5.383372E+07
    21 |     1050 |  0.15504 |       3 |  0.4994 |  1.82102 |  2.20480 |  6.217400E+07 |  5.383372E+07
    22 |     1100 |  0.14042 |       3 |  0.4899 |  1.81245 |  2.21022 |  6.209005E+07 |  5.383372E+07
    23 |     1150 |  0.07404 |       3 |  0.4470 |  1.80494 |  2.21424 |  6.186840E+07 |  5.383372E+07
    24 |     1200 |  0.03424 |       3 |  0.4215 |  1.80059 |  2.22508 |  6.152250E+07 |  5.383372E+07
    25 |     1250 |  0.02714 |       3 |  0.4170 |  1.79339 |  2.23318 |  6.136522E+07 |  5.383372E+07
    26 |     1300 |  0.01668 |       3 |  0.4105 |  1.78526 |  2.23814 |  6.130204E+07 |  5.383372E+07
    27 |     1350 |  0.01174 |       3 |  0.4073 |  1.77965 |  2.24724 |  6.103462E+07 |  5.047884E+07
    28 |     1400 |  0.11614 |       3 |  0.4742 |  1.77280 |  2.25541 |  6.093662E+07 |  5.047884E+07
    29 |     1450 |  0.07414 |       3 |  0.4470 |  1.76483 |  2.26053 |  6.048919E+07 |  4.907874E+07
    30 |     1500 |  0.07574 |       3 |  0.4481 |  1.75934 |  2.26961 |  6.035174E+07 |  4.907874E+07
    31 |     1550 |  0.05084 |       3 |  0.4321 |  1.75263 |  2.27775 |  6.001824E+07 |  4.907874E+07
    32 |     1600 |  0.03085 |       3 |  0.4194 |  1.74531 |  2.28456 |  5.993601E+07 |  4.907874E+07
    33 |     1650 | -1.3E-02 |       3 |  0.3918 |  1.73653 |  2.28612 |  5.944068E+07 |  4.907874E+07
    34 |     1700 | -2.2E-02 |       3 |  0.3866 |  1.73253 |  2.29397 |  5.926343E+07 |  4.907874E+07
    35 |     1750 |  0.01144 |       3 |  0.4072 |  1.72599 |  2.29769 |  5.909927E+07 |  4.907874E+07
    36 |     1800 |  0.00819 |       3 |  0.4051 |  1.72047 |  2.30141 |  5.862951E+07 |  4.907874E+07
    37 |     1850 |  0.00771 |       3 |  0.4048 |  1.71531 |  2.30438 |  5.851430E+07 |  4.533145E+07
    38 |     1900 | -1.8E-02 |       3 |  0.3888 |  1.71278 |  2.31180 |  5.819486E+07 |  4.533145E+07
    39 |     1950 | -1.7E-02 |       3 |  0.3892 |  1.70837 |  2.31768 |  5.803540E+07 |  4.533145E+07
    40 |     2000 | -1.6E-02 |       3 |  0.3899 |  1.70115 |  2.31762 |  5.777401E+07 |  4.533145E+07
    41 |     2050 | -1.5E-02 |       3 |  0.3904 |  1.69999 |  2.32641 |  5.765783E+07 |  4.533145E+07
    42 |     2100 | -3.1E-02 |       3 |  0.3806 |  1.69369 |  2.32802 |  5.755381E+07 |  4.500836E+07
    43 |     2150 | -2.1E-02 |       3 |  0.3871 |  1.69078 |  2.33393 |  5.690717E+07 |  4.500836E+07
    44 |     2200 | -1.7E-02 |       3 |  0.3896 |  1.68634 |  2.33792 |  5.629805E+07 |  4.500479E+07
    45 |     2250 | -1.6E-02 |       3 |  0.3902 |  1.68043 |  2.33833 |  5.606192E+07 |  4.495779E+07
    46 |     2300 | -1.5E-02 |       3 |  0.3906 |  1.67822 |  2.34320 |  5.565398E+07 |  4.495779E+07
    47 |     2350 | -1.5E-02 |       3 |  0.3908 |  1.67443 |  2.34600 |  5.517117E+07 |  4.495779E+07
    48 |     2400 | -1.4E-02 |       3 |  0.3914 |  1.67235 |  2.35148 |  5.429796E+07 |  4.431536E+07
    49 |     2450 | -2.1E-02 |       3 |  0.3871 |  1.66872 |  2.35525 |  5.368560E+07 |  4.263944E+07
    50 |     2500 | -1.4E-02 |       3 |  0.3915 |  1.66665 |  2.36178 |  5.364163E+07 |  4.263944E+07
    51 |     2550 | -1.4E-02 |       3 |  0.3915 |  1.66057 |  2.36238 |  5.343598E+07 |  4.116981E+07
    52 |     2600 | -9.5E-03 |       3 |  0.3941 |  1.65656 |  2.36427 |  5.329126E+07 |  4.116981E+07
    53 |     2650 | -1.3E-02 |       3 |  0.3916 |  1.65449 |  2.36861 |  5.304631E+07 |  4.116981E+07
    54 |     2700 | -1.3E-02 |       3 |  0.3919 |  1.65171 |  2.37236 |  5.253571E+07 |  4.116981E+07
    55 |     2750 | -1.3E-02 |       3 |  0.3922 |  1.64911 |  2.37654 |  5.206285E+07 |  4.116981E+07
    56 |     2800 | -1.2E-02 |       3 |  0.3923 |  1.64696 |  2.38183 |  5.182536E+07 |  4.116981E+07
    57 |     2850 | -1.2E-02 |       3 |  0.3926 |  1.64382 |  2.38622 |  5.143858E+07 |  4.116981E+07
    58 |     2900 | -1.2E-02 |       3 |  0.3928 |  1.63803 |  2.38627 |  5.118150E+07 |  4.116981E+07
    59 |     2950 | -1.1E-02 |       3 |  0.3930 |  1.63347 |  2.38629 |  5.088729E+07 |  4.116981E+07
    60 |     3000 | -1.1E-02 |       3 |  0.3935 |  1.63178 |  2.38944 |  5.072268E+07 |  4.116981E+07
    61 |     3050 | -1.0E-02 |       3 |  0.3936 |  1.62786 |  2.38931 |  5.043867E+07 |  4.116981E+07
    62 |     3100 | -9.8E-03 |       3 |  0.3939 |  1.62643 |  2.39184 |  4.982634E+07 |  3.418713E+07
    63 |     3150 | -4.1E-03 |       3 |  0.3974 |  1.62674 |  2.39732 |  4.938818E+07 |  3.418713E+07
    64 |     3200 | -9.5E-03 |       3 |  0.3941 |  1.62274 |  2.39753 |  4.855411E+07 |  3.418713E+07
    65 |     3250 | -9.3E-03 |       3 |  0.3942 |  1.61993 |  2.39843 |  4.841288E+07 |  3.418713E+07
    66 |     3300 | -9.2E-03 |       3 |  0.3943 |  1.62033 |  2.40364 |  4.814205E+07 |  3.418713E+07
    67 |     3350 | -8.7E-03 |       3 |  0.3946 |  1.61558 |  2.40234 |  4.765290E+07 |  3.405870E+07
    68 |     3400 |  0.01617 |       3 |  0.4101 |  1.61341 |  2.40333 |  4.737566E+07 |  3.395852E+07
    69 |     3450 |  0.01628 |       3 |  0.4102 |  1.61207 |  2.40518 |  4.720321E+07 |  3.395852E+07
    70 |     3500 |  0.01459 |       3 |  0.4091 |  1.61215 |  2.40917 |  4.695391E+07 |  3.395852E+07
    71 |     3550 |  0.01018 |       3 |  0.4064 |  1.61200 |  2.41365 |  4.673249E+07 |  3.395852E+07
    72 |     3600 |  0.00694 |       3 |  0.4043 |  1.61069 |  2.41727 |  4.632398E+07 |  3.395852E+07
    73 |     3650 |  0.00102 |       3 |  0.4006 |  1.60477 |  2.41460 |  4.592797E+07 |  3.395852E+07
    74 |     3700 |  0.00014 |       3 |  0.4001 |  1.60351 |  2.41665 |  4.566931E+07 |  3.395852E+07
    75 |     3750 |  0.00113 |       3 |  0.4007 |  1.60484 |  2.42244 |  4.546546E+07 |  3.253630E+07
    76 |     3800 | -5.4E-03 |       3 |  0.3967 |  1.60023 |  2.42116 |  4.494004E+07 |  3.253075E+07
    77 |     3850 |  0.01038 |       3 |  0.4065 |  1.59748 |  2.42124 |  4.465690E+07 |  3.251535E+07
    78 |     3900 | -1.1E-02 |       3 |  0.3931 |  1.59595 |  2.42242 |  4.399270E+07 |  3.251535E+07
    79 |     3950 | -1.1E-02 |       3 |  0.3929 |  1.59656 |  2.42640 |  4.354872E+07 |  3.246425E+07
    80 |     4000 | -1.1E-02 |       3 |  0.3934 |  1.59335 |  2.42590 |  4.294563E+07 |  3.246425E+07
    81 |     4050 | -1.0E-02 |       3 |  0.3937 |  1.59496 |  2.43120 |  4.254533E+07 |  3.205755E+07
    82 |     4100 | -1.0E-02 |       3 |  0.3935 |  1.59166 |  2.43097 |  4.237885E+07 |  3.205755E+07
    83 |     4150 | -1.1E-02 |       3 |  0.3932 |  1.58930 |  2.43131 |  4.208404E+07 |  3.205755E+07
    84 |     4200 | -1.1E-02 |       3 |  0.3934 |  1.58922 |  2.43428 |  4.191222E+07 |  3.205755E+07
    85 |     4250 | -1.0E-02 |       3 |  0.3937 |  1.58524 |  2.43248 |  4.160467E+07 |  3.118942E+07
    86 |     4300 |  0.01544 |       3 |  0.4097 |  1.58643 |  2.43650 |  4.118488E+07 |  3.118942E+07
    87 |     4350 |  0.00166 |       3 |  0.4010 |  1.58657 |  2.43986 |  4.087041E+07 |  3.118942E+07
    88 |     4400 | -4.8E-03 |       3 |  0.3970 |  1.58525 |  2.44172 |  4.036006E+07 |  3.118942E+07
    89 |     4450 | -9.8E-03 |       3 |  0.3939 |  1.58078 |  2.43951 |  4.003806E+07 |  3.118942E+07
    90 |     4500 | -1.0E-02 |       3 |  0.3936 |  1.57862 |  2.43929 |  3.984288E+07 |  3.118942E+07
    91 |     4550 | -1.0E-02 |       3 |  0.3938 |  1.58128 |  2.44480 |  3.947285E+07 |  3.064637E+07
    92 |     4600 | -9.7E-03 |       3 |  0.3940 |  1.58132 |  2.44801 |  3.926672E+07 |  3.064637E+07
    93 |     4650 | -9.7E-03 |       3 |  0.3940 |  1.57698 |  2.44599 |  3.907071E+07 |  3.064637E+07
    94 |     4700 | -9.5E-03 |       3 |  0.3941 |  1.57726 |  2.44889 |  3.888582E+07 |  3.064637E+07
    95 |     4750 | -9.4E-03 |       3 |  0.3941 |  1.57438 |  2.44815 |  3.851567E+07 |  3.064637E+07
    96 |     4800 | -9.3E-03 |       3 |  0.3942 |  1.57316 |  2.44899 |  3.840046E+07 |  3.064637E+07
    97 |     4850 | -8.9E-03 |       3 |  0.3944 |  1.57293 |  2.45094 |  3.813560E+07 |  3.018746E+07
    98 |     4900 |  0.05224 |       3 |  0.4330 |  1.57085 |  2.45076 |  3.798316E+07 |  3.018746E+07
    99 |     4950 |  0.05104 |       3 |  0.4322 |  1.57220 |  2.45445 |  3.790748E+07 |  3.018746E+07
   100 |     5000 |  0.05184 |       3 |  0.4327 |  1.57138 |  2.45597 |  3.774547E+07 |  3.015751E+07
