======================================================================================================
n_gen  |  n_eval  |    f     |    S    |    w    |    c1    |    c2    |     f_avg     |     f_min    
======================================================================================================
     1 |       50 |        - |       - |  0.9000 |  2.00000 |  2.00000 |  1.443246E+08 |  1.276844E+08
     2 |      100 |  0.11991 |       3 |  0.4766 |  2.00000 |  2.02212 |  1.339525E+08 |  1.124149E+08
     3 |      150 |  0.03428 |       3 |  0.4216 |  1.98922 |  2.03605 |  1.298824E+08 |  1.124149E+08
     4 |      200 | -2.4E-02 |       3 |  0.3851 |  1.97711 |  2.04564 |  1.283770E+08 |  1.124149E+08
     5 |      250 | -1.9E-02 |       3 |  0.3882 |  1.96640 |  2.05318 |  1.269661E+08 |  1.124149E+08
     6 |      300 | -1.6E-02 |       3 |  0.3898 |  1.95776 |  2.06906 |  1.261000E+08 |  1.124149E+08
     7 |      350 | -1.5E-02 |       3 |  0.3908 |  1.94551 |  2.07553 |  1.252415E+08 |  1.124149E+08
     8 |      400 | -1.4E-02 |       3 |  0.3914 |  1.93642 |  2.08575 |  1.246290E+08 |  1.124149E+08
     9 |      450 | -1.3E-02 |       3 |  0.3916 |  1.92727 |  2.09893 |  1.242967E+08 |  1.124149E+08
    10 |      500 | -1.3E-02 |       3 |  0.3919 |  1.91581 |  2.10344 |  1.238890E+08 |  1.124149E+08
    11 |      550 | -1.2E-02 |       3 |  0.3925 |  1.90804 |  2.11190 |  1.234835E+08 |  1.124149E+08
    12 |      600 | -1.7E-02 |       3 |  0.3894 |  1.90033 |  2.12202 |  1.228538E+08 |  1.124149E+08
    13 |      650 | -1.6E-02 |       3 |  0.3899 |  1.89193 |  2.13331 |  1.226316E+08 |  1.124149E+08
    14 |      700 | -1.5E-02 |       3 |  0.3907 |  1.88171 |  2.13830 |  1.222474E+08 |  1.124149E+08
    15 |      750 | -1.5E-02 |       3 |  0.3905 |  1.87441 |  2.14684 |  1.213432E+08 |  1.105857E+08
    16 |      800 |  0.01599 |       3 |  0.4100 |  1.86760 |  2.16068 |  1.204884E+08 |  1.088441E+08
    17 |      850 | -6.0E-03 |       3 |  0.3963 |  1.85632 |  2.16326 |  1.197533E+08 |  1.076100E+08
    18 |      900 |  0.12178 |       3 |  0.4778 |  1.84967 |  2.17085 |  1.189733E+08 |  1.076100E+08
    19 |      950 |  0.10691 |       3 |  0.4682 |  1.84316 |  2.18029 |  1.187852E+08 |  1.076100E+08
    20 |     1000 |  0.08420 |       3 |  0.4535 |  1.83507 |  2.18656 |  1.184461E+08 |  1.076100E+08
    21 |     1050 |  0.05904 |       3 |  0.4373 |  1.82805 |  2.19361 |  1.179521E+08 |  1.076100E+08
    22 |     1100 |  0.03065 |       3 |  0.4193 |  1.82148 |  2.20187 |  1.171477E+08 |  1.067103E+08
    23 |     1150 |  0.01919 |       3 |  0.4120 |  1.81368 |  2.20669 |  1.170621E+08 |  1.067103E+08
    24 |     1200 |  0.00047 |       3 |  0.4003 |  1.80724 |  2.21183 |  1.165048E+08 |  1.067103E+08
    25 |     1250 | -7.8E-03 |       3 |  0.3952 |  1.80118 |  2.21593 |  1.164790E+08 |  1.067103E+08
    26 |     1300 | -1.4E-02 |       3 |  0.3913 |  1.79617 |  2.22090 |  1.162946E+08 |  1.067103E+08
    27 |     1350 | -1.4E-02 |       3 |  0.3915 |  1.79269 |  2.23111 |  1.161646E+08 |  1.067103E+08
    28 |     1400 | -1.4E-02 |       3 |  0.3915 |  1.78582 |  2.23711 |  1.161014E+08 |  1.067103E+08
    29 |     1450 | -1.3E-02 |       3 |  0.3918 |  1.77941 |  2.24293 |  1.156779E+08 |  1.067103E+08
    30 |     1500 | -1.3E-02 |       3 |  0.3921 |  1.77308 |  2.24773 |  1.153406E+08 |  1.067103E+08
    31 |     1550 | -1.3E-02 |       3 |  0.3922 |  1.76808 |  2.25462 |  1.152676E+08 |  1.067103E+08
    32 |     1600 | -1.3E-02 |       3 |  0.3922 |  1.76248 |  2.26109 |  1.152676E+08 |  1.067103E+08
    33 |     1650 | -1.2E-02 |       3 |  0.3924 |  1.75722 |  2.26887 |  1.150158E+08 |  1.043038E+08
    34 |     1700 |  0.00461 |       3 |  0.4029 |  1.74975 |  2.27192 |  1.148250E+08 |  1.043038E+08
    35 |     1750 | -2.3E-03 |       3 |  0.3986 |  1.74509 |  2.27840 |  1.146946E+08 |  1.043038E+08
    36 |     1800 | -8.8E-03 |       3 |  0.3945 |  1.74081 |  2.28705 |  1.144147E+08 |  1.043038E+08
    37 |     1850 | -1.1E-02 |       3 |  0.3931 |  1.73492 |  2.29439 |  1.136569E+08 |  1.043038E+08
    38 |     1900 | -1.1E-02 |       3 |  0.3933 |  1.72702 |  2.29692 |  1.133311E+08 |  1.043038E+08
    39 |     1950 | -1.0E-02 |       3 |  0.3935 |  1.72024 |  2.29775 |  1.128000E+08 |  1.000220E+08
    40 |     2000 |  0.03671 |       3 |  0.4231 |  1.71756 |  2.30410 |  1.124680E+08 |  1.000220E+08
    41 |     2050 |  0.03106 |       3 |  0.4195 |  1.71265 |  2.30728 |  1.123566E+08 |  1.000220E+08
    42 |     2100 |  0.02438 |       3 |  0.4153 |  1.71008 |  2.31453 |  1.121800E+08 |  1.000220E+08
    43 |     2150 |  0.01594 |       3 |  0.4100 |  1.70616 |  2.32132 |  1.119663E+08 |  1.000220E+08
    44 |     2200 |  0.01635 |       3 |  0.4102 |  1.70087 |  2.32630 |  1.119589E+08 |  9.965215E+07
    45 |     2250 |  0.01467 |       3 |  0.4092 |  1.69527 |  2.32994 |  1.119495E+08 |  9.965215E+07
    46 |     2300 |  0.01332 |       3 |  0.4083 |  1.68882 |  2.33026 |  1.118399E+08 |  9.965215E+07
    47 |     2350 |  0.01195 |       3 |  0.4075 |  1.68741 |  2.33760 |  1.117885E+08 |  9.825050E+07
    48 |     2400 |  0.01086 |       3 |  0.4068 |  1.68226 |  2.34000 |  1.117880E+08 |  9.825050E+07
    49 |     2450 |  0.01027 |       3 |  0.4064 |  1.67768 |  2.34187 |  1.116921E+08 |  9.825050E+07
    50 |     2500 |  0.00490 |       3 |  0.4031 |  1.67459 |  2.34519 |  1.115976E+08 |  9.825050E+07
    51 |     2550 |  0.00177 |       3 |  0.4011 |  1.67289 |  2.35113 |  1.113002E+08 |  9.825050E+07
    52 |     2600 | -1.0E-03 |       3 |  0.3994 |  1.67105 |  2.35849 |  1.111856E+08 |  9.825050E+07
    53 |     2650 | -1.0E-03 |       3 |  0.3994 |  1.66536 |  2.36061 |  1.111856E+08 |  9.825050E+07
    54 |     2700 | -1.0E-03 |       3 |  0.3994 |  1.66249 |  2.36612 |  1.111856E+08 |  9.825050E+07
    55 |     2750 | -1.7E-03 |       3 |  0.3989 |  1.65808 |  2.36955 |  1.111248E+08 |  9.825050E+07
    56 |     2800 | -2.0E-03 |       3 |  0.3987 |  1.65270 |  2.37052 |  1.110451E+08 |  9.825050E+07
    57 |     2850 | -3.4E-03 |       3 |  0.3979 |  1.64927 |  2.37303 |  1.109899E+08 |  9.825050E+07
    58 |     2900 | -9.3E-03 |       3 |  0.3942 |  1.64499 |  2.37354 |  1.107973E+08 |  9.825050E+07
    59 |     2950 | -9.8E-03 |       3 |  0.3939 |  1.64615 |  2.38191 |  1.107044E+08 |  9.825050E+07
    60 |     3000 | -9.8E-03 |       3 |  0.3939 |  1.63972 |  2.38044 |  1.106602E+08 |  9.825050E+07
    61 |     3050 | -9.8E-03 |       3 |  0.3939 |  1.63710 |  2.38254 |  1.106277E+08 |  9.825050E+07
    62 |     3100 | -9.8E-03 |       3 |  0.3939 |  1.63756 |  2.38941 |  1.106277E+08 |  9.825050E+07
    63 |     3150 | -9.6E-03 |       3 |  0.3940 |  1.63455 |  2.39270 |  1.102723E+08 |  9.825050E+07
    64 |     3200 | -9.5E-03 |       3 |  0.3941 |  1.63099 |  2.39494 |  1.102583E+08 |  9.825050E+07
    65 |     3250 | -9.3E-03 |       3 |  0.3942 |  1.62617 |  2.39460 |  1.102384E+08 |  9.825050E+07
    66 |     3300 | -9.3E-03 |       3 |  0.3942 |  1.62335 |  2.39578 |  1.102384E+08 |  9.825050E+07
    67 |     3350 | -9.1E-03 |       3 |  0.3944 |  1.62077 |  2.39680 |  1.099067E+08 |  9.825050E+07
    68 |     3400 | -8.9E-03 |       3 |  0.3944 |  1.62048 |  2.40081 |  1.097480E+08 |  9.825050E+07
    69 |     3450 | -8.8E-03 |       3 |  0.3945 |  1.62047 |  2.40610 |  1.096321E+08 |  9.825050E+07
    70 |     3500 | -8.3E-03 |       3 |  0.3948 |  1.61457 |  2.40367 |  1.093549E+08 |  9.825050E+07
    71 |     3550 | -8.2E-03 |       3 |  0.3949 |  1.61656 |  2.41087 |  1.091681E+08 |  9.825050E+07
    72 |     3600 | -8.2E-03 |       3 |  0.3949 |  1.61244 |  2.41106 |  1.091681E+08 |  9.825050E+07
    73 |     3650 | -8.2E-03 |       3 |  0.3949 |  1.61229 |  2.41599 |  1.091411E+08 |  9.825050E+07
    74 |     3700 | -8.1E-03 |       3 |  0.3950 |  1.60727 |  2.41476 |  1.088741E+08 |  9.825050E+07
    75 |     3750 | -8.1E-03 |       3 |  0.3950 |  1.60750 |  2.41957 |  1.086689E+08 |  9.532636E+07
    76 |     3800 |  0.03005 |       3 |  0.4189 |  1.60392 |  2.41988 |  1.083674E+08 |  9.532636E+07
    77 |     3850 |  0.02973 |       3 |  0.4187 |  1.60019 |  2.41919 |  1.083528E+08 |  9.532636E+07
    78 |     3900 |  0.02872 |       3 |  0.4180 |  1.59764 |  2.41921 |  1.083114E+08 |  9.532636E+07
    79 |     3950 |  0.02825 |       3 |  0.4177 |  1.59831 |  2.42312 |  1.082679E+08 |  9.532636E+07
    80 |     4000 |  0.02592 |       3 |  0.4163 |  1.59756 |  2.42585 |  1.080859E+08 |  9.532636E+07
    81 |     4050 |  0.02257 |       3 |  0.4142 |  1.59761 |  2.42994 |  1.076998E+08 |  9.532636E+07
    82 |     4100 |  0.02206 |       3 |  0.4138 |  1.59632 |  2.43280 |  1.076821E+08 |  9.532636E+07
    83 |     4150 |  0.02206 |       3 |  0.4138 |  1.59162 |  2.43119 |  1.076821E+08 |  9.532636E+07
    84 |     4200 |  0.02107 |       3 |  0.4132 |  1.58891 |  2.43109 |  1.073238E+08 |  9.532636E+07
    85 |     4250 |  0.01835 |       3 |  0.4115 |  1.59025 |  2.43583 |  1.072030E+08 |  9.532636E+07
    86 |     4300 |  0.01538 |       3 |  0.4096 |  1.58929 |  2.43839 |  1.070018E+08 |  9.341234E+07
    87 |     4350 |  0.06338 |       3 |  0.4401 |  1.58758 |  2.44009 |  1.070018E+08 |  9.341234E+07
    88 |     4400 |  0.06047 |       3 |  0.4383 |  1.58282 |  2.43772 |  1.069957E+08 |  9.341234E+07
    89 |     4450 |  0.05867 |       3 |  0.4371 |  1.58180 |  2.43907 |  1.069747E+08 |  9.341234E+07
    90 |     4500 |  0.05554 |       3 |  0.4351 |  1.58129 |  2.44106 |  1.069041E+08 |  9.341234E+07
    91 |     4550 |  0.05304 |       3 |  0.4335 |  1.57779 |  2.43939 |  1.068969E+08 |  9.341234E+07
    92 |     4600 |  0.11613 |       3 |  0.4741 |  1.57848 |  2.44228 |  1.065150E+08 |  9.341234E+07
    93 |     4650 |  0.11613 |       3 |  0.4741 |  1.57779 |  2.44383 |  1.065150E+08 |  9.341234E+07
    94 |     4700 |  0.11268 |       3 |  0.4719 |  1.57823 |  2.44685 |  1.064974E+08 |  9.341234E+07
    95 |     4750 |  0.11236 |       3 |  0.4717 |  1.57499 |  2.44564 |  1.064884E+08 |  9.341234E+07
    96 |     4800 |  0.10725 |       3 |  0.4684 |  1.57601 |  2.44911 |  1.062873E+08 |  9.341234E+07
    97 |     4850 |  0.09539 |       3 |  0.4607 |  1.57623 |  2.45206 |  1.060612E+08 |  9.341234E+07
    98 |     4900 |  0.09539 |       3 |  0.4607 |  1.57380 |  2.45200 |  1.060612E+08 |  9.341234E+07
    99 |     4950 |  0.09539 |       3 |  0.4607 |  1.57107 |  2.45123 |  1.060612E+08 |  9.341234E+07
   100 |     5000 |  0.08416 |       3 |  0.4535 |  1.57341 |  2.45494 |  1.058663E+08 |  9.341234E+07
