=================================================
n_gen  |  n_eval  |     f_avg     |     f_min    
=================================================
     1 |       50 |  7.898576E+07 |  6.138028E+07
     2 |      100 |  6.881536E+07 |  5.717895E+07
     3 |      150 |  6.465904E+07 |  5.717895E+07
     4 |      200 |  6.225008E+07 |  5.599719E+07
     5 |      250 |  6.110712E+07 |  5.599719E+07
     6 |      300 |  6.009840E+07 |  5.459122E+07
     7 |      350 |  5.922921E+07 |  5.459122E+07
     8 |      400 |  5.879510E+07 |  5.459122E+07
     9 |      450 |  5.803981E+07 |  5.126437E+07
    10 |      500 |  5.761917E+07 |  5.126437E+07
    11 |      550 |  5.695248E+07 |  5.126437E+07
    12 |      600 |  5.655521E+07 |  5.126437E+07
    13 |      650 |  5.641489E+07 |  5.126437E+07
    14 |      700 |  5.630035E+07 |  5.126437E+07
    15 |      750 |  5.616818E+07 |  5.126437E+07
    16 |      800 |  5.608989E+07 |  5.126437E+07
    17 |      850 |  5.586457E+07 |  5.126437E+07
    18 |      900 |  5.560695E+07 |  5.126437E+07
    19 |      950 |  5.551347E+07 |  5.126437E+07
    20 |     1000 |  5.543054E+07 |  5.126437E+07
    21 |     1050 |  5.529337E+07 |  5.126437E+07
    22 |     1100 |  5.516530E+07 |  5.111881E+07
    23 |     1150 |  5.512852E+07 |  5.111881E+07
    24 |     1200 |  5.488073E+07 |  5.090264E+07
    25 |     1250 |  5.484340E+07 |  5.090264E+07
    26 |     1300 |  5.470854E+07 |  5.090264E+07
    27 |     1350 |  5.452612E+07 |  5.090264E+07
    28 |     1400 |  5.452612E+07 |  5.090264E+07
    29 |     1450 |  5.447820E+07 |  5.090264E+07
    30 |     1500 |  5.425689E+07 |  5.090264E+07
    31 |     1550 |  5.414812E+07 |  5.090264E+07
    32 |     1600 |  5.406744E+07 |  5.090264E+07
    33 |     1650 |  5.406744E+07 |  5.090264E+07
    34 |     1700 |  5.400978E+07 |  5.090264E+07
    35 |     1750 |  5.398714E+07 |  5.090264E+07
    36 |     1800 |  5.391104E+07 |  5.090264E+07
    37 |     1850 |  5.389810E+07 |  5.090264E+07
    38 |     1900 |  5.371184E+07 |  5.090264E+07
    39 |     1950 |  5.366889E+07 |  5.090264E+07
    40 |     2000 |  5.358166E+07 |  5.090264E+07
    41 |     2050 |  5.346147E+07 |  5.090264E+07
    42 |     2100 |  5.341439E+07 |  5.090264E+07
    43 |     2150 |  5.340067E+07 |  5.090264E+07
    44 |     2200 |  5.325192E+07 |  5.090264E+07
    45 |     2250 |  5.313556E+07 |  5.090264E+07
    46 |     2300 |  5.308511E+07 |  5.090264E+07
    47 |     2350 |  5.299899E+07 |  5.090264E+07
    48 |     2400 |  5.287796E+07 |  5.090264E+07
    49 |     2450 |  5.286766E+07 |  5.090264E+07
    50 |     2500 |  5.281499E+07 |  5.090264E+07
    51 |     2550 |  5.268763E+07 |  5.067798E+07
    52 |     2600 |  5.265320E+07 |  5.067798E+07
    53 |     2650 |  5.260280E+07 |  5.067798E+07
    54 |     2700 |  5.256948E+07 |  5.067798E+07
    55 |     2750 |  5.255155E+07 |  5.067798E+07
    56 |     2800 |  5.251006E+07 |  5.067798E+07
    57 |     2850 |  5.249985E+07 |  5.067798E+07
    58 |     2900 |  5.249985E+07 |  5.067798E+07
    59 |     2950 |  5.247613E+07 |  5.067798E+07
    60 |     3000 |  5.244183E+07 |  5.067798E+07
    61 |     3050 |  5.243500E+07 |  5.067798E+07
    62 |     3100 |  5.243500E+07 |  5.067798E+07
    63 |     3150 |  5.240488E+07 |  5.067798E+07
    64 |     3200 |  5.239866E+07 |  5.067798E+07
    65 |     3250 |  5.239866E+07 |  5.067798E+07
    66 |     3300 |  5.239866E+07 |  5.067798E+07
    67 |     3350 |  5.239866E+07 |  5.067798E+07
    68 |     3400 |  5.239866E+07 |  5.067798E+07
    69 |     3450 |  5.234691E+07 |  5.067798E+07
    70 |     3500 |  5.234691E+07 |  5.067798E+07
    71 |     3550 |  5.234691E+07 |  5.067798E+07
    72 |     3600 |  5.233740E+07 |  5.067798E+07
    73 |     3650 |  5.229164E+07 |  5.067798E+07
    74 |     3700 |  5.229164E+07 |  5.067798E+07
    75 |     3750 |  5.229164E+07 |  5.067798E+07
    76 |     3800 |  5.229164E+07 |  5.067798E+07
    77 |     3850 |  5.229164E+07 |  5.067798E+07
    78 |     3900 |  5.229164E+07 |  5.067798E+07
    79 |     3950 |  5.222148E+07 |  5.030395E+07
    80 |     4000 |  5.222148E+07 |  5.030395E+07
    81 |     4050 |  5.222148E+07 |  5.030395E+07
    82 |     4100 |  5.222148E+07 |  5.030395E+07
    83 |     4150 |  5.222148E+07 |  5.030395E+07
    84 |     4200 |  5.221512E+07 |  5.030395E+07
    85 |     4250 |  5.221512E+07 |  5.030395E+07
    86 |     4300 |  5.221512E+07 |  5.030395E+07
    87 |     4350 |  5.221512E+07 |  5.030395E+07
    88 |     4400 |  5.221512E+07 |  5.030395E+07
    89 |     4450 |  5.221512E+07 |  5.030395E+07
    90 |     4500 |  5.221512E+07 |  5.030395E+07
    91 |     4550 |  5.221512E+07 |  5.030395E+07
    92 |     4600 |  5.221512E+07 |  5.030395E+07
    93 |     4650 |  5.221512E+07 |  5.030395E+07
    94 |     4700 |  5.218413E+07 |  5.030395E+07
    95 |     4750 |  5.218413E+07 |  5.030395E+07
    96 |     4800 |  5.218413E+07 |  5.030395E+07
    97 |     4850 |  5.218413E+07 |  5.030395E+07
    98 |     4900 |  5.218413E+07 |  5.030395E+07
    99 |     4950 |  5.218413E+07 |  5.030395E+07
   100 |     5000 |  5.218413E+07 |  5.030395E+07
