=================================================
n_gen  |  n_eval  |     f_avg     |     f_min    
=================================================
     1 |       50 |  6.899393E+07 |  5.890817E+07
     2 |      100 |  6.307699E+07 |  5.734908E+07
     3 |      150 |  6.200276E+07 |  5.734908E+07
     4 |      200 |  6.047136E+07 |  5.472732E+07
     5 |      250 |  5.975576E+07 |  5.472732E+07
     6 |      300 |  5.956951E+07 |  5.472732E+07
     7 |      350 |  5.922314E+07 |  5.472732E+07
     8 |      400 |  5.922181E+07 |  5.472732E+07
     9 |      450 |  5.893567E+07 |  5.472732E+07
    10 |      500 |  5.872571E+07 |  5.472732E+07
    11 |      550 |  5.848764E+07 |  5.472732E+07
    12 |      600 |  5.831809E+07 |  5.472732E+07
    13 |      650 |  5.784549E+07 |  5.472732E+07
    14 |      700 |  5.763240E+07 |  5.472732E+07
    15 |      750 |  5.754292E+07 |  5.472732E+07
    16 |      800 |  5.731066E+07 |  5.318563E+07
    17 |      850 |  5.731066E+07 |  5.318563E+07
    18 |      900 |  5.719213E+07 |  5.318563E+07
    19 |      950 |  5.698104E+07 |  5.308865E+07
    20 |     1000 |  5.672991E+07 |  5.308865E+07
    21 |     1050 |  5.650845E+07 |  5.308865E+07
    22 |     1100 |  5.648368E+07 |  5.308865E+07
    23 |     1150 |  5.639523E+07 |  5.308865E+07
    24 |     1200 |  5.637604E+07 |  5.308865E+07
    25 |     1250 |  5.636886E+07 |  5.308865E+07
    26 |     1300 |  5.634237E+07 |  5.308865E+07
    27 |     1350 |  5.632131E+07 |  5.308865E+07
    28 |     1400 |  5.623569E+07 |  5.308865E+07
    29 |     1450 |  5.623221E+07 |  5.308865E+07
    30 |     1500 |  5.623095E+07 |  5.308865E+07
    31 |     1550 |  5.623095E+07 |  5.308865E+07
    32 |     1600 |  5.614008E+07 |  5.308865E+07
    33 |     1650 |  5.613461E+07 |  5.308865E+07
    34 |     1700 |  5.613461E+07 |  5.308865E+07
    35 |     1750 |  5.608822E+07 |  5.308865E+07
    36 |     1800 |  5.608822E+07 |  5.308865E+07
    37 |     1850 |  5.607341E+07 |  5.308865E+07
    38 |     1900 |  5.605706E+07 |  5.308865E+07
    39 |     1950 |  5.605539E+07 |  5.308865E+07
    40 |     2000 |  5.605539E+07 |  5.308865E+07
    41 |     2050 |  5.597855E+07 |  5.308865E+07
    42 |     2100 |  5.594042E+07 |  5.308865E+07
    43 |     2150 |  5.582044E+07 |  5.308865E+07
    44 |     2200 |  5.578491E+07 |  5.308865E+07
    45 |     2250 |  5.569711E+07 |  5.308865E+07
    46 |     2300 |  5.566113E+07 |  5.308865E+07
    47 |     2350 |  5.551457E+07 |  5.273720E+07
    48 |     2400 |  5.540105E+07 |  5.273720E+07
    49 |     2450 |  5.540105E+07 |  5.273720E+07
    50 |     2500 |  5.540079E+07 |  5.273720E+07
    51 |     2550 |  5.540079E+07 |  5.273720E+07
    52 |     2600 |  5.539888E+07 |  5.273720E+07
    53 |     2650 |  5.539888E+07 |  5.273720E+07
    54 |     2700 |  5.539888E+07 |  5.273720E+07
    55 |     2750 |  5.539888E+07 |  5.273720E+07
    56 |     2800 |  5.539888E+07 |  5.273720E+07
    57 |     2850 |  5.539888E+07 |  5.273720E+07
    58 |     2900 |  5.539888E+07 |  5.273720E+07
    59 |     2950 |  5.539888E+07 |  5.273720E+07
    60 |     3000 |  5.539888E+07 |  5.273720E+07
    61 |     3050 |  5.539888E+07 |  5.273720E+07
    62 |     3100 |  5.539888E+07 |  5.273720E+07
    63 |     3150 |  5.539888E+07 |  5.273720E+07
    64 |     3200 |  5.534409E+07 |  5.273720E+07
    65 |     3250 |  5.527507E+07 |  5.273720E+07
    66 |     3300 |  5.526533E+07 |  5.273720E+07
    67 |     3350 |  5.520280E+07 |  5.273720E+07
    68 |     3400 |  5.517516E+07 |  5.273720E+07
    69 |     3450 |  5.507944E+07 |  5.273720E+07
    70 |     3500 |  5.507944E+07 |  5.273720E+07
    71 |     3550 |  5.499431E+07 |  5.250640E+07
    72 |     3600 |  5.492885E+07 |  5.250640E+07
    73 |     3650 |  5.492802E+07 |  5.250640E+07
    74 |     3700 |  5.492096E+07 |  5.250640E+07
    75 |     3750 |  5.486875E+07 |  5.250640E+07
    76 |     3800 |  5.480097E+07 |  5.250640E+07
    77 |     3850 |  5.473827E+07 |  5.250640E+07
    78 |     3900 |  5.473827E+07 |  5.250640E+07
    79 |     3950 |  5.473827E+07 |  5.250640E+07
    80 |     4000 |  5.473827E+07 |  5.250640E+07
    81 |     4050 |  5.455746E+07 |  5.250640E+07
    82 |     4100 |  5.451852E+07 |  5.250640E+07
    83 |     4150 |  5.440214E+07 |  5.250640E+07
    84 |     4200 |  5.440214E+07 |  5.250640E+07
    85 |     4250 |  5.426984E+07 |  5.250640E+07
    86 |     4300 |  5.426984E+07 |  5.250640E+07
    87 |     4350 |  5.426984E+07 |  5.250640E+07
    88 |     4400 |  5.426984E+07 |  5.250640E+07
    89 |     4450 |  5.420062E+07 |  5.250640E+07
    90 |     4500 |  5.416626E+07 |  5.250640E+07
    91 |     4550 |  5.401949E+07 |  5.250640E+07
    92 |     4600 |  5.392925E+07 |  5.250640E+07
    93 |     4650 |  5.392925E+07 |  5.250640E+07
    94 |     4700 |  5.388292E+07 |  5.250640E+07
    95 |     4750 |  5.388292E+07 |  5.250640E+07
    96 |     4800 |  5.386566E+07 |  5.250640E+07
    97 |     4850 |  5.386566E+07 |  5.250640E+07
    98 |     4900 |  5.382074E+07 |  5.250640E+07
    99 |     4950 |  5.380253E+07 |  5.250640E+07
   100 |     5000 |  5.370014E+07 |  5.250640E+07
