de SBY_nc_50_ncl_5_nv_100_generated_r_0.20_0.20_0.60_2.json
=================================================
n_gen  |  n_eval  |     f_avg     |     f_min    
=================================================
     1 |       50 |  1.035497E+08 |  8.256767E+07
     2 |      100 |  9.544840E+07 |  7.921008E+07
     3 |      150 |  9.232513E+07 |  7.921008E+07
     4 |      200 |  9.053568E+07 |  7.898305E+07
     5 |      250 |  8.927477E+07 |  7.898305E+07
     6 |      300 |  8.841590E+07 |  7.880186E+07
     7 |      350 |  8.714236E+07 |  7.880186E+07
     8 |      400 |  8.650536E+07 |  7.880186E+07
     9 |      450 |  8.624966E+07 |  7.880186E+07
    10 |      500 |  8.569481E+07 |  7.880186E+07
    11 |      550 |  8.516025E+07 |  7.880186E+07
    12 |      600 |  8.505218E+07 |  7.880186E+07
    13 |      650 |  8.476172E+07 |  7.824861E+07
    14 |      700 |  8.457753E+07 |  7.824861E+07
    15 |      750 |  8.415347E+07 |  7.824861E+07
    16 |      800 |  8.414327E+07 |  7.824861E+07
    17 |      850 |  8.407489E+07 |  7.824861E+07
    18 |      900 |  8.387635E+07 |  7.824861E+07
