=================================================
n_gen  |  n_eval  |     f_avg     |     f_min    
=================================================
     1 |       50 |  1.135034E+08 |  1.002654E+08
     2 |      100 |  1.065681E+08 |  9.709022E+07
     3 |      150 |  1.030256E+08 |  9.566828E+07
     4 |      200 |  1.004957E+08 |  9.425096E+07
     5 |      250 |  9.886342E+07 |  8.921514E+07
     6 |      300 |  9.730564E+07 |  8.921514E+07
     7 |      350 |  9.599056E+07 |  8.551057E+07
     8 |      400 |  9.420593E+07 |  8.551057E+07
     9 |      450 |  9.234594E+07 |  8.174618E+07
    10 |      500 |  9.129549E+07 |  8.174618E+07
    11 |      550 |  8.982702E+07 |  8.174618E+07
    12 |      600 |  8.784224E+07 |  8.032164E+07
    13 |      650 |  8.666294E+07 |  8.032164E+07
    14 |      700 |  8.457623E+07 |  8.032164E+07
    15 |      750 |  8.188733E+07 |  7.795180E+07
    16 |      800 |  7.967360E+07 |  7.654259E+07
    17 |      850 |  7.774662E+07 |  7.149896E+07
    18 |      900 |  7.643381E+07 |  7.009189E+07
    19 |      950 |  7.470763E+07 |  6.781700E+07
    20 |     1000 |  7.220386E+07 |  6.767726E+07
    21 |     1050 |  6.988601E+07 |  6.637048E+07
    22 |     1100 |  6.827491E+07 |  6.398087E+07
    23 |     1150 |  6.741788E+07 |  6.398087E+07
    24 |     1200 |  6.649247E+07 |  6.126184E+07
    25 |     1250 |  6.532624E+07 |  6.026959E+07
    26 |     1300 |  6.404000E+07 |  6.026335E+07
    27 |     1350 |  6.270464E+07 |  5.886470E+07
    28 |     1400 |  6.121872E+07 |  5.886470E+07
    29 |     1450 |  6.006576E+07 |  5.745048E+07
    30 |     1500 |  5.926588E+07 |  5.745048E+07
    31 |     1550 |  5.855483E+07 |  5.518577E+07
    32 |     1600 |  5.803299E+07 |  5.511884E+07
    33 |     1650 |  5.729902E+07 |  5.374722E+07
    34 |     1700 |  5.677228E+07 |  5.371605E+07
    35 |     1750 |  5.591977E+07 |  5.366459E+07
    36 |     1800 |  5.468857E+07 |  5.366459E+07
    37 |     1850 |  5.394089E+07 |  5.366459E+07
    38 |     1900 |  5.373011E+07 |  5.366459E+07
    39 |     1950 |  5.371161E+07 |  5.366459E+07
    40 |     2000 |  5.370106E+07 |  5.366459E+07
    41 |     2050 |  5.365900E+07 |  5.228849E+07
    42 |     2100 |  5.361935E+07 |  5.227586E+07
    43 |     2150 |  5.352347E+07 |  5.225588E+07
    44 |     2200 |  5.332295E+07 |  5.225588E+07
    45 |     2250 |  5.295640E+07 |  5.084982E+07
    46 |     2300 |  5.226601E+07 |  5.084982E+07
    47 |     2350 |  5.200306E+07 |  5.082932E+07
    48 |     2400 |  5.163404E+07 |  5.082932E+07
    49 |     2450 |  5.101770E+07 |  5.082308E+07
    50 |     2500 |  5.083845E+07 |  5.082308E+07
    51 |     2550 |  5.082730E+07 |  5.081825E+07
    52 |     2600 |  5.082461E+07 |  5.079431E+07
    53 |     2650 |  5.082119E+07 |  5.079431E+07
    54 |     2700 |  5.081867E+07 |  5.079431E+07
    55 |     2750 |  5.081159E+07 |  5.079372E+07
    56 |     2800 |  5.080355E+07 |  5.079372E+07
    57 |     2850 |  5.079652E+07 |  5.079372E+07
    58 |     2900 |  5.079352E+07 |  5.078631E+07
    59 |     2950 |  5.079187E+07 |  5.076726E+07
    60 |     3000 |  5.076087E+07 |  4.937710E+07
    61 |     3050 |  5.075645E+07 |  4.937710E+07
    62 |     3100 |  5.072312E+07 |  4.935005E+07
    63 |     3150 |  5.068825E+07 |  4.935005E+07
    64 |     3200 |  5.053962E+07 |  4.935005E+07
    65 |     3250 |  5.014721E+07 |  4.935005E+07
    66 |     3300 |  4.944895E+07 |  4.935005E+07
    67 |     3350 |  4.935470E+07 |  4.935005E+07
    68 |     3400 |  4.935005E+07 |  4.935005E+07
    69 |     3450 |  4.935005E+07 |  4.935005E+07
    70 |     3500 |  4.935005E+07 |  4.935005E+07
    71 |     3550 |  4.934967E+07 |  4.933134E+07
    72 |     3600 |  4.934869E+07 |  4.933123E+07
    73 |     3650 |  4.934700E+07 |  4.932549E+07
    74 |     3700 |  4.934422E+07 |  4.932549E+07
    75 |     3750 |  4.933944E+07 |  4.932549E+07
    76 |     3800 |  4.933366E+07 |  4.931994E+07
    77 |     3850 |  4.933106E+07 |  4.931988E+07
    78 |     3900 |  4.932805E+07 |  4.930667E+07
    79 |     3950 |  4.932290E+07 |  4.929532E+07
    80 |     4000 |  4.931390E+07 |  4.929532E+07
    81 |     4050 |  4.930622E+07 |  4.929532E+07
    82 |     4100 |  4.930289E+07 |  4.929532E+07
    83 |     4150 |  4.929889E+07 |  4.929532E+07
    84 |     4200 |  4.929532E+07 |  4.929532E+07
    85 |     4250 |  4.929532E+07 |  4.929532E+07
    86 |     4300 |  4.929532E+07 |  4.929532E+07
    87 |     4350 |  4.929507E+07 |  4.929042E+07
    88 |     4400 |  4.929458E+07 |  4.929042E+07
    89 |     4450 |  4.929394E+07 |  4.929042E+07
    90 |     4500 |  4.929277E+07 |  4.929042E+07
    91 |     4550 |  4.929119E+07 |  4.928652E+07
    92 |     4600 |  4.929070E+07 |  4.928652E+07
    93 |     4650 |  4.928987E+07 |  4.928652E+07
    94 |     4700 |  4.928841E+07 |  4.928652E+07
    95 |     4750 |  4.928648E+07 |  4.928411E+07
    96 |     4800 |  4.928638E+07 |  4.928411E+07
    97 |     4850 |  4.928614E+07 |  4.928411E+07
    98 |     4900 |  4.928573E+07 |  4.928411E+07
    99 |     4950 |  4.928505E+07 |  4.928411E+07
   100 |     5000 |  4.928411E+07 |  4.928411E+07
