======================================================================================================
n_gen  |  n_eval  |    f     |    S    |    w    |    c1    |    c2    |     f_avg     |     f_min    
======================================================================================================
     1 |       50 |        - |       - |  0.9000 |  2.00000 |  2.00000 |  1.213614E+08 |  1.065101E+08
     2 |      100 |  0.22929 |       3 |  0.5475 |  2.00000 |  2.01708 |  1.150047E+08 |  1.060626E+08
     3 |      150 |  0.05349 |       3 |  0.4338 |  1.99165 |  2.03021 |  1.110927E+08 |  9.886995E+07
     4 |      200 |  0.05846 |       3 |  0.4370 |  1.98110 |  2.03860 |  1.104831E+08 |  9.886995E+07
     5 |      250 | -2.5E-02 |       3 |  0.3845 |  1.97200 |  2.05470 |  1.101057E+08 |  9.886995E+07
     6 |      300 | -2.1E-02 |       3 |  0.3872 |  1.95991 |  2.07091 |  1.097901E+08 |  9.886995E+07
     7 |      350 | -3.1E-02 |       3 |  0.3809 |  1.94609 |  2.08299 |  1.095642E+08 |  9.886995E+07
     8 |      400 | -4.1E-02 |       3 |  0.3745 |  1.93311 |  2.08984 |  1.091863E+08 |  9.886995E+07
     9 |      450 | -3.9E-02 |       3 |  0.3757 |  1.92327 |  2.09780 |  1.088791E+08 |  9.886995E+07
    10 |      500 | -3.7E-02 |       3 |  0.3769 |  1.91522 |  2.11364 |  1.088720E+08 |  9.886995E+07
    11 |      550 | -3.6E-02 |       3 |  0.3776 |  1.90279 |  2.11745 |  1.086605E+08 |  9.886995E+07
    12 |      600 | -3.6E-02 |       3 |  0.3777 |  1.89481 |  2.12531 |  1.085096E+08 |  9.886995E+07
    13 |      650 | -3.4E-02 |       3 |  0.3788 |  1.88724 |  2.13447 |  1.081441E+08 |  9.886995E+07
    14 |      700 | -4.0E-02 |       3 |  0.3753 |  1.87915 |  2.14336 |  1.080629E+08 |  9.886995E+07
    15 |      750 | -4.0E-02 |       3 |  0.3754 |  1.87052 |  2.14950 |  1.079858E+08 |  9.886995E+07
    16 |      800 | -4.2E-02 |       3 |  0.3739 |  1.86450 |  2.16434 |  1.076778E+08 |  9.886995E+07
    17 |      850 | -4.2E-02 |       3 |  0.3739 |  1.85414 |  2.17316 |  1.076049E+08 |  9.886995E+07
    18 |      900 | -4.2E-02 |       3 |  0.3741 |  1.84445 |  2.18049 |  1.075289E+08 |  9.886995E+07
    19 |      950 | -4.0E-02 |       3 |  0.3751 |  1.83683 |  2.19227 |  1.070841E+08 |  9.886995E+07
    20 |     1000 | -4.0E-02 |       3 |  0.3754 |  1.82627 |  2.19624 |  1.058080E+08 |  9.870020E+07
    21 |     1050 |  0.08520 |       3 |  0.4541 |  1.81970 |  2.20572 |  1.055839E+08 |  9.870020E+07
    22 |     1100 |  0.08520 |       3 |  0.4541 |  1.81275 |  2.21726 |  1.055839E+08 |  9.870020E+07
    23 |     1150 |  0.08520 |       3 |  0.4541 |  1.80346 |  2.22487 |  1.055839E+08 |  9.870020E+07
    24 |     1200 |  0.08520 |       3 |  0.4541 |  1.79500 |  2.23214 |  1.055839E+08 |  9.870020E+07
    25 |     1250 |  0.06447 |       3 |  0.4408 |  1.78621 |  2.23560 |  1.054393E+08 |  9.870020E+07
    26 |     1300 |  0.06447 |       3 |  0.4408 |  1.78161 |  2.24649 |  1.054393E+08 |  9.870020E+07
    27 |     1350 |  0.05678 |       3 |  0.4359 |  1.77309 |  2.25063 |  1.053688E+08 |  9.870020E+07
    28 |     1400 |  0.05966 |       3 |  0.4377 |  1.76718 |  2.25768 |  1.053654E+08 |  9.870020E+07
    29 |     1450 |  0.05313 |       3 |  0.4336 |  1.76152 |  2.26604 |  1.053618E+08 |  9.870020E+07
    30 |     1500 |  0.04777 |       3 |  0.4301 |  1.75502 |  2.27378 |  1.052112E+08 |  9.870020E+07
    31 |     1550 |  0.03740 |       3 |  0.4236 |  1.74705 |  2.27759 |  1.049849E+08 |  9.856345E+07
    32 |     1600 |  0.21423 |       3 |  0.5378 |  1.74182 |  2.28478 |  1.049775E+08 |  9.856345E+07
    33 |     1650 |  0.21423 |       3 |  0.5378 |  1.73666 |  2.29318 |  1.049775E+08 |  9.856345E+07
    34 |     1700 |  0.20046 |       3 |  0.5289 |  1.72809 |  2.29455 |  1.049019E+08 |  9.856345E+07
    35 |     1750 |  0.19023 |       3 |  0.5223 |  1.72330 |  2.29953 |  1.048209E+08 |  9.856345E+07
    36 |     1800 |  0.17875 |       3 |  0.5148 |  1.71940 |  2.30647 |  1.047498E+08 |  9.856345E+07
    37 |     1850 |  0.17875 |       3 |  0.5148 |  1.71325 |  2.30960 |  1.047498E+08 |  9.856345E+07
    38 |     1900 |  0.17875 |       3 |  0.5148 |  1.70853 |  2.31370 |  1.047498E+08 |  9.856345E+07
    39 |     1950 |  0.17875 |       3 |  0.5148 |  1.70502 |  2.31984 |  1.047498E+08 |  9.856345E+07
    40 |     2000 |  0.17875 |       3 |  0.5148 |  1.69847 |  2.32037 |  1.047498E+08 |  9.856345E+07
    41 |     2050 |  0.15723 |       3 |  0.5008 |  1.69451 |  2.32276 |  1.046787E+08 |  9.856345E+07
    42 |     2100 |  0.14943 |       3 |  0.4958 |  1.69145 |  2.32601 |  1.046044E+08 |  9.856345E+07
    43 |     2150 |  0.14943 |       3 |  0.4958 |  1.69058 |  2.33387 |  1.046044E+08 |  9.856345E+07
    44 |     2200 |  0.14208 |       3 |  0.4910 |  1.68481 |  2.33492 |  1.046019E+08 |  9.856345E+07
    45 |     2250 |  0.14208 |       3 |  0.4910 |  1.68408 |  2.34365 |  1.046019E+08 |  9.856345E+07
    46 |     2300 |  0.13516 |       3 |  0.4865 |  1.67798 |  2.34517 |  1.046013E+08 |  9.856345E+07
    47 |     2350 |  0.13864 |       3 |  0.4887 |  1.67633 |  2.35302 |  1.046010E+08 |  9.856345E+07
    48 |     2400 |  0.13864 |       3 |  0.4887 |  1.67031 |  2.35484 |  1.046010E+08 |  9.856345E+07
    49 |     2450 |  0.13864 |       3 |  0.4887 |  1.66493 |  2.35568 |  1.046010E+08 |  9.856345E+07
    50 |     2500 |  0.13246 |       3 |  0.4847 |  1.66213 |  2.35917 |  1.045983E+08 |  9.856345E+07
    51 |     2550 |  0.12122 |       3 |  0.4774 |  1.65963 |  2.36331 |  1.045274E+08 |  9.856345E+07
    52 |     2600 |  0.12462 |       3 |  0.4797 |  1.65594 |  2.36571 |  1.045208E+08 |  9.856345E+07
    53 |     2650 |  0.08359 |       3 |  0.4531 |  1.65485 |  2.37206 |  1.044463E+08 |  9.856345E+07
    54 |     2700 |  0.08302 |       3 |  0.4527 |  1.65177 |  2.37662 |  1.044462E+08 |  9.856345E+07
    55 |     2750 |  0.08302 |       3 |  0.4527 |  1.64654 |  2.37768 |  1.044462E+08 |  9.856345E+07
    56 |     2800 |  0.07336 |       3 |  0.4465 |  1.64270 |  2.37940 |  1.043695E+08 |  9.856345E+07
    57 |     2850 |  0.07336 |       3 |  0.4465 |  1.63920 |  2.38080 |  1.043695E+08 |  9.856345E+07
    58 |     2900 |  0.07336 |       3 |  0.4465 |  1.63578 |  2.38151 |  1.043695E+08 |  9.856345E+07
    59 |     2950 |  0.06949 |       3 |  0.4440 |  1.63756 |  2.38979 |  1.043683E+08 |  9.856345E+07
    60 |     3000 |  0.06126 |       3 |  0.4388 |  1.63273 |  2.39021 |  1.042893E+08 |  9.856345E+07
    61 |     3050 |  0.06126 |       3 |  0.4388 |  1.63062 |  2.39349 |  1.042893E+08 |  9.856345E+07
