======================================================================================================
n_gen  |  n_eval  |    f     |    S    |    w    |    c1    |    c2    |     f_avg     |     f_min    
======================================================================================================
     1 |       50 |        - |       - |  0.9000 |  2.00000 |  2.00000 |  4.379688E+07 |  3.079787E+07
     2 |      100 |  0.29431 |       2 |  0.5890 |  2.04727 |  1.95273 |  3.705537E+07 |  2.784414E+07
     3 |      150 |  0.51087 |       1 |  0.7156 |  2.12232 |  1.87768 |  3.468734E+07 |  2.743712E+07
     4 |      200 |  0.60175 |       1 |  0.7612 |  2.19653 |  1.80347 |  3.322301E+07 |  2.740823E+07
     5 |      250 |  0.52525 |       1 |  0.7232 |  2.25624 |  1.74376 |  3.197800E+07 |  2.639306E+07
     6 |      300 |  0.31663 |       2 |  0.6030 |  2.30399 |  1.69601 |  3.114158E+07 |  2.613106E+07
     7 |      350 |  0.00456 |       3 |  0.4029 |  2.29968 |  1.71432 |  3.029710E+07 |  2.613106E+07
     8 |      400 |  0.00038 |       3 |  0.4002 |  2.28671 |  1.73348 |  2.971578E+07 |  2.613106E+07
     9 |      450 | -1.3E-03 |       3 |  0.3992 |  2.27139 |  1.74738 |  2.938593E+07 |  2.528019E+07
    10 |      500 | -4.2E-02 |       3 |  0.3743 |  2.25583 |  1.76769 |  2.920667E+07 |  2.528019E+07
    11 |      550 | -1.2E-04 |       3 |  0.3999 |  2.23855 |  1.78403 |  2.883454E+07 |  2.520093E+07
    12 |      600 |  0.29662 |       2 |  0.5904 |  2.27224 |  1.73328 |  2.872324E+07 |  2.520093E+07
    13 |      650 |  0.24284 |       2 |  0.5562 |  2.30986 |  1.69149 |  2.844573E+07 |  2.456678E+07
    14 |      700 |  0.20344 |       3 |  0.5308 |  2.30260 |  1.71849 |  2.835500E+07 |  2.456678E+07
    15 |      750 |  0.16850 |       3 |  0.5082 |  2.28462 |  1.74070 |  2.818026E+07 |  2.456678E+07
    16 |      800 |  0.15380 |       3 |  0.4986 |  2.26385 |  1.76594 |  2.807364E+07 |  2.456678E+07
    17 |      850 |  0.11727 |       3 |  0.4749 |  2.24325 |  1.77961 |  2.803402E+07 |  2.456678E+07
    18 |      900 |  0.10503 |       3 |  0.4670 |  2.22509 |  1.80404 |  2.796864E+07 |  2.456678E+07
    19 |      950 |  0.07133 |       3 |  0.4452 |  2.20561 |  1.81780 |  2.791935E+07 |  2.456678E+07
    20 |     1000 |  0.07816 |       3 |  0.4496 |  2.18944 |  1.83366 |  2.788920E+07 |  2.456678E+07
    21 |     1050 |  0.06592 |       3 |  0.4417 |  2.17281 |  1.85602 |  2.778691E+07 |  2.456678E+07
    22 |     1100 |  0.05657 |       3 |  0.4358 |  2.15527 |  1.86454 |  2.771830E+07 |  2.456678E+07
    23 |     1150 |  0.06458 |       3 |  0.4409 |  2.14248 |  1.87752 |  2.767552E+07 |  2.456678E+07
    24 |     1200 |  0.03418 |       3 |  0.4215 |  2.12927 |  1.89516 |  2.760203E+07 |  2.456678E+07
    25 |     1250 |  0.01605 |       3 |  0.4101 |  2.11366 |  1.91566 |  2.752425E+07 |  2.456678E+07
    26 |     1300 |  0.04639 |       3 |  0.4293 |  2.09594 |  1.93541 |  2.748846E+07 |  2.455956E+07
    27 |     1350 |  0.04364 |       3 |  0.4275 |  2.07789 |  1.95219 |  2.747921E+07 |  2.409690E+07
    28 |     1400 |  0.32750 |       2 |  0.6097 |  2.10111 |  1.90636 |  2.714986E+07 |  2.409690E+07
    29 |     1450 |  0.32643 |       2 |  0.6090 |  2.14527 |  1.85659 |  2.713783E+07 |  2.409690E+07
    30 |     1500 |  0.31904 |       2 |  0.6045 |  2.17304 |  1.82742 |  2.702628E+07 |  2.367072E+07
    31 |     1550 |  0.45491 |       2 |  0.6851 |  2.21906 |  1.78105 |  2.702567E+07 |  2.367072E+07
    32 |     1600 |  0.48721 |       2 |  0.7029 |  2.26373 |  1.73630 |  2.693051E+07 |  2.367072E+07
    33 |     1650 |  0.46657 |       2 |  0.6916 |  2.30906 |  1.69095 |  2.682292E+07 |  2.367072E+07
    34 |     1700 |  0.45717 |       2 |  0.6864 |  2.34721 |  1.65279 |  2.682277E+07 |  2.367072E+07
    35 |     1750 |  0.45754 |       2 |  0.6866 |  2.37458 |  1.62542 |  2.676940E+07 |  2.367072E+07
    36 |     1800 |  0.44546 |       2 |  0.6798 |  2.41546 |  1.58454 |  2.676929E+07 |  2.367072E+07
    37 |     1850 |  0.44163 |       2 |  0.6776 |  2.44550 |  1.55450 |  2.676457E+07 |  2.367072E+07
    38 |     1900 |  0.44292 |       2 |  0.6783 |  2.49080 |  1.50920 |  2.675777E+07 |  2.367072E+07
    39 |     1950 |  0.44319 |       2 |  0.6785 |  2.50000 |  1.50000 |  2.668537E+07 |  2.367072E+07
    40 |     2000 |  0.44319 |       2 |  0.6785 |  2.50000 |  1.50000 |  2.668537E+07 |  2.367072E+07
    41 |     2050 |  0.42939 |       2 |  0.6706 |  2.50000 |  1.50000 |  2.664670E+07 |  2.367072E+07
    42 |     2100 |  0.42939 |       2 |  0.6706 |  2.50000 |  1.50000 |  2.664670E+07 |  2.367072E+07
    43 |     2150 |  0.39092 |       2 |  0.6482 |  2.50000 |  1.50000 |  2.661769E+07 |  2.367072E+07
    44 |     2200 |  0.39092 |       2 |  0.6482 |  2.50000 |  1.50000 |  2.661769E+07 |  2.367072E+07
    45 |     2250 |  0.38907 |       2 |  0.6471 |  2.50000 |  1.50000 |  2.660993E+07 |  2.367072E+07
    46 |     2300 |  0.41097 |       2 |  0.6599 |  2.50000 |  1.50000 |  2.654000E+07 |  2.365017E+07
    47 |     2350 |  0.58058 |       1 |  0.7510 |  2.50000 |  1.50000 |  2.647800E+07 |  2.364884E+07
    48 |     2400 |  0.43683 |       2 |  0.6749 |  2.50000 |  1.50000 |  2.645153E+07 |  2.364884E+07
    49 |     2450 |  0.49588 |       2 |  0.7076 |  2.50000 |  1.50000 |  2.643736E+07 |  2.364884E+07
    50 |     2500 |  0.49588 |       2 |  0.7076 |  2.50000 |  1.50000 |  2.643736E+07 |  2.364884E+07
    51 |     2550 |  0.49727 |       2 |  0.7084 |  2.50000 |  1.50000 |  2.639777E+07 |  2.364884E+07
    52 |     2600 |  0.49443 |       2 |  0.7068 |  2.50000 |  1.50000 |  2.639041E+07 |  2.364884E+07
    53 |     2650 |  0.49443 |       2 |  0.7068 |  2.50000 |  1.50000 |  2.639041E+07 |  2.364884E+07
    54 |     2700 |  0.49443 |       2 |  0.7068 |  2.50000 |  1.50000 |  2.639041E+07 |  2.364884E+07
    55 |     2750 |  0.50138 |       1 |  0.7106 |  2.50000 |  1.50000 |  2.637431E+07 |  2.364884E+07
    56 |     2800 |  0.50138 |       1 |  0.7106 |  2.50000 |  1.50000 |  2.637431E+07 |  2.364884E+07
    57 |     2850 |  0.49652 |       2 |  0.7080 |  2.50000 |  1.50000 |  2.636262E+07 |  2.364884E+07
    58 |     2900 |  0.49511 |       2 |  0.7072 |  2.50000 |  1.50000 |  2.635288E+07 |  2.364884E+07
    59 |     2950 |  0.49511 |       2 |  0.7072 |  2.50000 |  1.50000 |  2.635288E+07 |  2.364884E+07
    60 |     3000 |  0.48242 |       2 |  0.7003 |  2.50000 |  1.50000 |  2.633880E+07 |  2.364884E+07
    61 |     3050 |  0.48242 |       2 |  0.7003 |  2.50000 |  1.50000 |  2.633880E+07 |  2.364884E+07
    62 |     3100 |  0.45773 |       2 |  0.6867 |  2.50000 |  1.50000 |  2.630863E+07 |  2.364884E+07
    63 |     3150 |  0.45548 |       2 |  0.6854 |  2.50000 |  1.50000 |  2.630813E+07 |  2.364884E+07
    64 |     3200 |  0.45548 |       2 |  0.6854 |  2.50000 |  1.50000 |  2.630813E+07 |  2.364884E+07
    65 |     3250 |  0.45548 |       2 |  0.6854 |  2.50000 |  1.50000 |  2.630813E+07 |  2.364884E+07
    66 |     3300 |  0.45369 |       2 |  0.6844 |  2.50000 |  1.50000 |  2.630438E+07 |  2.364884E+07
    67 |     3350 |  0.45369 |       2 |  0.6844 |  2.50000 |  1.50000 |  2.630438E+07 |  2.364884E+07
    68 |     3400 |  0.45369 |       2 |  0.6844 |  2.50000 |  1.50000 |  2.630438E+07 |  2.364884E+07
    69 |     3450 |  0.44923 |       2 |  0.6819 |  2.50000 |  1.50000 |  2.629844E+07 |  2.364884E+07
    70 |     3500 |  0.44923 |       2 |  0.6819 |  2.50000 |  1.50000 |  2.629844E+07 |  2.364884E+07
    71 |     3550 |  0.44923 |       2 |  0.6819 |  2.50000 |  1.50000 |  2.629844E+07 |  2.364884E+07
    72 |     3600 |  0.44923 |       2 |  0.6819 |  2.50000 |  1.50000 |  2.629844E+07 |  2.364884E+07
    73 |     3650 |  0.44994 |       2 |  0.6823 |  2.50000 |  1.50000 |  2.629730E+07 |  2.364884E+07
    74 |     3700 |  0.45211 |       2 |  0.6835 |  2.50000 |  1.50000 |  2.628299E+07 |  2.364884E+07
    75 |     3750 |  0.45211 |       2 |  0.6835 |  2.50000 |  1.50000 |  2.628299E+07 |  2.364884E+07
    76 |     3800 |  0.44790 |       2 |  0.6812 |  2.50000 |  1.50000 |  2.627127E+07 |  2.364884E+07
    77 |     3850 |  0.44987 |       2 |  0.6823 |  2.50000 |  1.50000 |  2.625328E+07 |  2.364884E+07
