=================================================
n_gen  |  n_eval  |     f_avg     |     f_min    
=================================================
     1 |       50 |  1.130201E+08 |  8.954392E+07
     2 |      100 |  1.055042E+08 |  8.954392E+07
     3 |      150 |  1.014690E+08 |  8.670136E+07
     4 |      200 |  9.886417E+07 |  8.670136E+07
     5 |      250 |  9.706486E+07 |  8.670136E+07
     6 |      300 |  9.501542E+07 |  8.670136E+07
     7 |      350 |  9.256093E+07 |  7.996757E+07
     8 |      400 |  8.965195E+07 |  7.996757E+07
     9 |      450 |  8.641634E+07 |  7.343250E+07
    10 |      500 |  8.427452E+07 |  7.343250E+07
    11 |      550 |  8.202208E+07 |  7.343250E+07
    12 |      600 |  8.047793E+07 |  7.343250E+07
    13 |      650 |  7.886258E+07 |  7.056083E+07
    14 |      700 |  7.660121E+07 |  7.054019E+07
    15 |      750 |  7.496458E+07 |  7.054019E+07
    16 |      800 |  7.318744E+07 |  6.896313E+07
    17 |      850 |  7.208494E+07 |  6.730644E+07
    18 |      900 |  7.092519E+07 |  6.730644E+07
    19 |      950 |  6.979198E+07 |  6.495766E+07
    20 |     1000 |  6.877509E+07 |  6.462014E+07
    21 |     1050 |  6.700471E+07 |  5.850471E+07
    22 |     1100 |  6.563327E+07 |  5.850471E+07
    23 |     1150 |  6.412276E+07 |  5.826874E+07
    24 |     1200 |  6.256587E+07 |  5.826874E+07
    25 |     1250 |  6.102606E+07 |  5.573187E+07
    26 |     1300 |  5.912867E+07 |  5.573187E+07
    27 |     1350 |  5.789711E+07 |  5.515109E+07
    28 |     1400 |  5.709992E+07 |  5.220370E+07
    29 |     1450 |  5.594169E+07 |  5.220370E+07
    30 |     1500 |  5.510450E+07 |  5.220370E+07
    31 |     1550 |  5.441535E+07 |  5.073142E+07
    32 |     1600 |  5.353495E+07 |  5.070770E+07
    33 |     1650 |  5.275367E+07 |  5.070770E+07
    34 |     1700 |  5.204251E+07 |  5.070770E+07
    35 |     1750 |  5.131888E+07 |  4.950321E+07
    36 |     1800 |  5.060493E+07 |  4.919205E+07
    37 |     1850 |  5.030801E+07 |  4.919205E+07
    38 |     1900 |  4.998244E+07 |  4.889067E+07
    39 |     1950 |  4.952044E+07 |  4.889067E+07
    40 |     2000 |  4.926700E+07 |  4.889067E+07
    41 |     2050 |  4.916851E+07 |  4.888331E+07
    42 |     2100 |  4.906009E+07 |  4.886418E+07
    43 |     2150 |  4.894379E+07 |  4.886003E+07
    44 |     2200 |  4.888911E+07 |  4.878238E+07
    45 |     2250 |  4.885217E+07 |  4.746385E+07
    46 |     2300 |  4.881738E+07 |  4.746385E+07
    47 |     2350 |  4.871960E+07 |  4.735056E+07
    48 |     2400 |  4.853864E+07 |  4.735056E+07
    49 |     2450 |  4.821543E+07 |  4.592726E+07
    50 |     2500 |  4.763258E+07 |  4.592726E+07
    51 |     2550 |  4.702752E+07 |  4.499343E+07
    52 |     2600 |  4.660476E+07 |  4.447943E+07
    53 |     2650 |  4.607419E+07 |  4.356795E+07
    54 |     2700 |  4.555400E+07 |  4.221641E+07
    55 |     2750 |  4.496911E+07 |  4.221641E+07
    56 |     2800 |  4.393774E+07 |  4.072952E+07
    57 |     2850 |  4.312580E+07 |  4.072952E+07
    58 |     2900 |  4.259631E+07 |  4.058439E+07
    59 |     2950 |  4.192353E+07 |  4.058439E+07
    60 |     3000 |  4.178262E+07 |  4.056257E+07
    61 |     3050 |  4.129116E+07 |  4.056257E+07
    62 |     3100 |  4.081702E+07 |  4.052255E+07
    63 |     3150 |  4.061782E+07 |  4.052255E+07
    64 |     3200 |  4.059023E+07 |  4.050600E+07
    65 |     3250 |  4.057216E+07 |  4.049959E+07
    66 |     3300 |  4.052951E+07 |  3.923693E+07
    67 |     3350 |  4.051176E+07 |  3.923693E+07
    68 |     3400 |  4.047002E+07 |  3.914421E+07
    69 |     3450 |  4.042413E+07 |  3.914421E+07
    70 |     3500 |  4.030206E+07 |  3.904477E+07
    71 |     3550 |  4.015695E+07 |  3.903837E+07
    72 |     3600 |  3.987330E+07 |  3.763083E+07
    73 |     3650 |  3.942894E+07 |  3.763083E+07
    74 |     3700 |  3.901521E+07 |  3.763083E+07
    75 |     3750 |  3.893235E+07 |  3.763083E+07
    76 |     3800 |  3.886502E+07 |  3.760857E+07
    77 |     3850 |  3.862366E+07 |  3.760857E+07
    78 |     3900 |  3.829783E+07 |  3.760857E+07
    79 |     3950 |  3.765624E+07 |  3.760857E+07
    80 |     4000 |  3.762352E+07 |  3.760857E+07
    81 |     4050 |  3.761594E+07 |  3.759798E+07
    82 |     4100 |  3.760625E+07 |  3.759798E+07
    83 |     4150 |  3.760357E+07 |  3.759798E+07
    84 |     4200 |  3.759924E+07 |  3.759158E+07
    85 |     4250 |  3.759747E+07 |  3.759158E+07
    86 |     4300 |  3.759632E+07 |  3.759158E+07
    87 |     4350 |  3.759503E+07 |  3.759158E+07
    88 |     4400 |  3.759170E+07 |  3.759158E+07
    89 |     4450 |  3.759158E+07 |  3.759158E+07
    90 |     4500 |  3.758597E+07 |  3.745130E+07
    91 |     4550 |  3.757474E+07 |  3.745102E+07
    92 |     4600 |  3.754437E+07 |  3.745102E+07
    93 |     4650 |  3.747860E+07 |  3.744827E+07
    94 |     4700 |  3.745114E+07 |  3.744827E+07
    95 |     4750 |  3.745093E+07 |  3.744827E+07
    96 |     4800 |  3.745058E+07 |  3.744827E+07
    97 |     4850 |  3.745022E+07 |  3.744827E+07
    98 |     4900 |  3.744929E+07 |  3.744681E+07
    99 |     4950 |  3.744821E+07 |  3.744681E+07
   100 |     5000 |  3.744818E+07 |  3.744681E+07
