=================================================
n_gen  |  n_eval  |     f_avg     |     f_min    
=================================================
     1 |       50 |  7.865136E+07 |  6.158318E+07
     2 |      100 |  7.721671E+07 |  6.158318E+07
     3 |      150 |  7.529103E+07 |  5.828332E+07
     4 |      200 |  7.355404E+07 |  5.828332E+07
     5 |      250 |  7.204673E+07 |  5.828332E+07
     6 |      300 |  7.097485E+07 |  5.580517E+07
     7 |      350 |  7.047141E+07 |  5.580517E+07
     8 |      400 |  6.973867E+07 |  5.580517E+07
     9 |      450 |  6.937659E+07 |  5.580517E+07
    10 |      500 |  6.879354E+07 |  5.580517E+07
    11 |      550 |  6.792316E+07 |  5.580517E+07
    12 |      600 |  6.723310E+07 |  5.580517E+07
    13 |      650 |  6.658372E+07 |  5.580517E+07
    14 |      700 |  6.615961E+07 |  5.580517E+07
    15 |      750 |  6.567305E+07 |  5.466180E+07
    16 |      800 |  6.536751E+07 |  5.466180E+07
    17 |      850 |  6.507827E+07 |  5.466180E+07
    18 |      900 |  6.470244E+07 |  5.466180E+07
    19 |      950 |  6.433182E+07 |  5.246842E+07
    20 |     1000 |  6.405790E+07 |  5.246842E+07
    21 |     1050 |  6.355282E+07 |  5.246842E+07
    22 |     1100 |  6.314455E+07 |  5.246842E+07
    23 |     1150 |  6.302853E+07 |  5.245550E+07
    24 |     1200 |  6.286552E+07 |  5.245550E+07
    25 |     1250 |  6.256653E+07 |  5.245550E+07
    26 |     1300 |  6.239207E+07 |  5.245550E+07
    27 |     1350 |  6.201086E+07 |  5.245550E+07
    28 |     1400 |  6.163483E+07 |  5.245550E+07
    29 |     1450 |  6.115295E+07 |  5.245550E+07
    30 |     1500 |  6.098276E+07 |  5.245550E+07
    31 |     1550 |  6.075197E+07 |  5.245550E+07
    32 |     1600 |  6.071074E+07 |  5.245550E+07
    33 |     1650 |  6.063568E+07 |  5.245550E+07
    34 |     1700 |  6.045981E+07 |  5.245550E+07
    35 |     1750 |  6.016111E+07 |  5.245550E+07
    36 |     1800 |  5.998356E+07 |  5.244456E+07
    37 |     1850 |  5.988588E+07 |  5.244456E+07
    38 |     1900 |  5.967741E+07 |  5.223939E+07
    39 |     1950 |  5.947196E+07 |  5.047111E+07
    40 |     2000 |  5.944372E+07 |  5.047111E+07
    41 |     2050 |  5.907478E+07 |  5.047111E+07
    42 |     2100 |  5.889962E+07 |  5.047111E+07
    43 |     2150 |  5.877299E+07 |  5.047111E+07
    44 |     2200 |  5.856558E+07 |  5.047111E+07
    45 |     2250 |  5.841608E+07 |  5.047111E+07
    46 |     2300 |  5.826463E+07 |  5.047111E+07
    47 |     2350 |  5.826445E+07 |  5.047111E+07
    48 |     2400 |  5.792517E+07 |  5.047111E+07
    49 |     2450 |  5.790062E+07 |  5.047111E+07
    50 |     2500 |  5.786280E+07 |  5.047111E+07
    51 |     2550 |  5.750314E+07 |  5.047111E+07
    52 |     2600 |  5.737290E+07 |  5.047111E+07
    53 |     2650 |  5.732809E+07 |  5.047111E+07
    54 |     2700 |  5.717176E+07 |  5.047111E+07
    55 |     2750 |  5.705533E+07 |  4.983707E+07
    56 |     2800 |  5.682427E+07 |  4.983707E+07
    57 |     2850 |  5.680282E+07 |  4.983707E+07
    58 |     2900 |  5.657550E+07 |  4.983707E+07
    59 |     2950 |  5.651929E+07 |  4.983707E+07
    60 |     3000 |  5.651929E+07 |  4.983707E+07
    61 |     3050 |  5.637471E+07 |  4.983707E+07
    62 |     3100 |  5.625261E+07 |  4.983707E+07
    63 |     3150 |  5.620403E+07 |  4.983707E+07
    64 |     3200 |  5.594030E+07 |  4.983707E+07
    65 |     3250 |  5.576935E+07 |  4.983707E+07
    66 |     3300 |  5.554721E+07 |  4.540327E+07
    67 |     3350 |  5.534123E+07 |  4.540327E+07
    68 |     3400 |  5.503599E+07 |  4.540327E+07
    69 |     3450 |  5.488418E+07 |  4.540327E+07
    70 |     3500 |  5.473220E+07 |  4.187221E+07
    71 |     3550 |  5.452994E+07 |  4.187221E+07
    72 |     3600 |  5.442904E+07 |  4.187221E+07
    73 |     3650 |  5.442803E+07 |  4.187221E+07
    74 |     3700 |  5.423892E+07 |  4.187221E+07
    75 |     3750 |  5.400998E+07 |  4.187221E+07
    76 |     3800 |  5.399202E+07 |  4.187221E+07
    77 |     3850 |  5.355151E+07 |  4.187221E+07
    78 |     3900 |  5.355151E+07 |  4.187221E+07
    79 |     3950 |  5.353250E+07 |  4.187221E+07
    80 |     4000 |  5.347031E+07 |  4.187221E+07
    81 |     4050 |  5.346105E+07 |  4.187221E+07
    82 |     4100 |  5.331230E+07 |  4.187221E+07
    83 |     4150 |  5.320113E+07 |  4.187221E+07
    84 |     4200 |  5.320113E+07 |  4.187221E+07
    85 |     4250 |  5.316918E+07 |  4.187221E+07
    86 |     4300 |  5.308984E+07 |  4.187221E+07
    87 |     4350 |  5.305549E+07 |  4.187221E+07
    88 |     4400 |  5.279797E+07 |  4.187221E+07
    89 |     4450 |  5.279797E+07 |  4.187221E+07
    90 |     4500 |  5.259652E+07 |  4.187221E+07
    91 |     4550 |  5.249864E+07 |  4.187221E+07
    92 |     4600 |  5.249864E+07 |  4.187221E+07
    93 |     4650 |  5.245310E+07 |  4.187221E+07
    94 |     4700 |  5.245234E+07 |  4.187221E+07
    95 |     4750 |  5.240618E+07 |  4.187221E+07
    96 |     4800 |  5.215528E+07 |  4.187221E+07
    97 |     4850 |  5.215528E+07 |  4.187221E+07
    98 |     4900 |  5.212071E+07 |  4.187221E+07
    99 |     4950 |  5.204658E+07 |  4.187221E+07
   100 |     5000 |  5.204658E+07 |  4.187221E+07
